============================= test session starts ==============================
platform darwin -- Python 3.11.5, pytest-8.3.5, pluggy-1.5.0
rootdir: /Users/fred/Documents/_play/_python/_redistricting/_gerrychain/_rustworkx_work/GerryChain
configfile: setup.cfg
plugins: anyio-4.6.2, cov-6.1.1
collected 240 items

tests/constraints/test_bounds.py ...........                             [  4%]
tests/constraints/test_contiguity.py F                                   [  5%]
tests/constraints/test_validity.py .FFF.Fx........                       [ 11%]
tests/frm_tests/test_frm_make_graph.py FFFFFFFFFFFFFFFFFFFFFF            [ 20%]
tests/frm_tests/test_frm_nx_rx_graph.py ........                         [ 23%]
tests/frm_tests/test_frm_regression.py .                                 [ 24%]
tests/frm_tests/test_frm_sanity.py .                                     [ 24%]
tests/meta/test_diversity.py ....                                        [ 26%]
tests/metrics/test_compactness.py .                                      [ 26%]
tests/metrics/test_partisan.py .......                                   [ 29%]
tests/optimization/test_gingleator.py ........                           [ 32%]
tests/optimization/test_single_metric.py .........F..                    [ 37%]
tests/partition/test_assignment.py ..............                        [ 43%]
tests/partition/test_partition.py ......E.F..F....EE                     [ 51%]
tests/partition/test_plotting.py EEEEEF                                  [ 53%]
tests/test_chain.py ....                                                 [ 55%]
tests/test_make_graph.py FFFFFFFFFFFFFFFFFFFFFF                          [ 64%]
tests/test_metagraph.py F..F                                             [ 66%]
tests/test_proposals.py ......F                                          [ 69%]
tests/test_region_aware.py s.ssFs                                        [ 71%]
tests/test_reproducibility.py ss                                         [ 72%]
tests/test_tally.py ..FFF                                                [ 74%]
tests/test_tree.py EEFFFFFFEEEEE.....EE                                  [ 82%]
tests/updaters/test_cut_edges.py .F.FFFF                                 [ 85%]
tests/updaters/test_election.py ......                                   [ 88%]
tests/updaters/test_perimeters.py FFFFFF                                 [ 90%]
tests/updaters/test_spanning_trees.py F                                  [ 91%]
tests/updaters/test_split_scores.py EE                                   [ 92%]
tests/updaters/test_splits.py EEEEEx                                     [ 94%]
tests/updaters/test_updaters.py .EEEFEEE.FFFE                            [100%]

==================================== ERRORS ====================================
_______ ERROR at setup of test_geographic_partition_can_be_instantiated ________
Traceback (most recent call last):
  File "/Users/fred/anaconda3/lib/python3.11/site-packages/_pytest/runner.py", line 341, in from_call
    result: TResult | None = func()
                             ^^^^^^
  File "/Users/fred/anaconda3/lib/python3.11/site-packages/_pytest/runner.py", line 242, in <lambda>
    lambda: runtest_hook(item=item, **kwds), when=when, reraise=reraise
            ^^^^^^^^^^^^^^^^^^^^^^^^^^^^^^^
  File "/Users/fred/anaconda3/lib/python3.11/site-packages/pluggy/_hooks.py", line 513, in __call__
    return self._hookexec(self.name, self._hookimpls.copy(), kwargs, firstresult)
           ^^^^^^^^^^^^^^^^^^^^^^^^^^^^^^^^^^^^^^^^^^^^^^^^^^^^^^^^^^^^^^^^^^^^^^
  File "/Users/fred/anaconda3/lib/python3.11/site-packages/pluggy/_manager.py", line 120, in _hookexec
    return self._inner_hookexec(hook_name, methods, kwargs, firstresult)
           ^^^^^^^^^^^^^^^^^^^^^^^^^^^^^^^^^^^^^^^^^^^^^^^^^^^^^^^^^^^^^
  File "/Users/fred/anaconda3/lib/python3.11/site-packages/pluggy/_callers.py", line 139, in _multicall
    raise exception.with_traceback(exception.__traceback__)
  File "/Users/fred/anaconda3/lib/python3.11/site-packages/pluggy/_callers.py", line 122, in _multicall
    teardown.throw(exception)  # type: ignore[union-attr]
    ^^^^^^^^^^^^^^^^^^^^^^^^^
  File "/Users/fred/anaconda3/lib/python3.11/site-packages/_pytest/unraisableexception.py", line 90, in pytest_runtest_setup
    yield from unraisable_exception_runtest_hook()
  File "/Users/fred/anaconda3/lib/python3.11/site-packages/_pytest/unraisableexception.py", line 70, in unraisable_exception_runtest_hook
    yield
  File "/Users/fred/anaconda3/lib/python3.11/site-packages/pluggy/_callers.py", line 122, in _multicall
    teardown.throw(exception)  # type: ignore[union-attr]
    ^^^^^^^^^^^^^^^^^^^^^^^^^
  File "/Users/fred/anaconda3/lib/python3.11/site-packages/_pytest/logging.py", line 840, in pytest_runtest_setup
    yield from self._runtest_for(item, "setup")
  File "/Users/fred/anaconda3/lib/python3.11/site-packages/_pytest/logging.py", line 829, in _runtest_for
    yield
  File "/Users/fred/anaconda3/lib/python3.11/site-packages/pluggy/_callers.py", line 122, in _multicall
    teardown.throw(exception)  # type: ignore[union-attr]
    ^^^^^^^^^^^^^^^^^^^^^^^^^
  File "/Users/fred/anaconda3/lib/python3.11/site-packages/_pytest/capture.py", line 893, in pytest_runtest_setup
    return (yield)
            ^^^^^
  File "/Users/fred/anaconda3/lib/python3.11/site-packages/pluggy/_callers.py", line 122, in _multicall
    teardown.throw(exception)  # type: ignore[union-attr]
    ^^^^^^^^^^^^^^^^^^^^^^^^^
  File "/Users/fred/anaconda3/lib/python3.11/site-packages/_pytest/threadexception.py", line 87, in pytest_runtest_setup
    yield from thread_exception_runtest_hook()
  File "/Users/fred/anaconda3/lib/python3.11/site-packages/_pytest/threadexception.py", line 68, in thread_exception_runtest_hook
    yield
  File "/Users/fred/anaconda3/lib/python3.11/site-packages/pluggy/_callers.py", line 103, in _multicall
    res = hook_impl.function(*args)
          ^^^^^^^^^^^^^^^^^^^^^^^^^
  File "/Users/fred/anaconda3/lib/python3.11/site-packages/_pytest/runner.py", line 160, in pytest_runtest_setup
    item.session._setupstate.setup(item)
  File "/Users/fred/anaconda3/lib/python3.11/site-packages/_pytest/runner.py", line 514, in setup
    col.setup()
  File "/Users/fred/anaconda3/lib/python3.11/site-packages/_pytest/python.py", line 1630, in setup
    self._request._fillfixtures()
  File "/Users/fred/anaconda3/lib/python3.11/site-packages/_pytest/fixtures.py", line 697, in _fillfixtures
    item.funcargs[argname] = self.getfixturevalue(argname)
                             ^^^^^^^^^^^^^^^^^^^^^^^^^^^^^
  File "/Users/fred/anaconda3/lib/python3.11/site-packages/_pytest/fixtures.py", line 532, in getfixturevalue
    fixturedef = self._get_active_fixturedef(argname)
                 ^^^^^^^^^^^^^^^^^^^^^^^^^^^^^^^^^^^^
  File "/Users/fred/anaconda3/lib/python3.11/site-packages/_pytest/fixtures.py", line 617, in _get_active_fixturedef
    fixturedef.execute(request=subrequest)
  File "/Users/fred/anaconda3/lib/python3.11/site-packages/_pytest/fixtures.py", line 1091, in execute
    result = ihook.pytest_fixture_setup(fixturedef=self, request=request)
             ^^^^^^^^^^^^^^^^^^^^^^^^^^^^^^^^^^^^^^^^^^^^^^^^^^^^^^^^^^^^
  File "/Users/fred/anaconda3/lib/python3.11/site-packages/pluggy/_hooks.py", line 513, in __call__
    return self._hookexec(self.name, self._hookimpls.copy(), kwargs, firstresult)
           ^^^^^^^^^^^^^^^^^^^^^^^^^^^^^^^^^^^^^^^^^^^^^^^^^^^^^^^^^^^^^^^^^^^^^^
  File "/Users/fred/anaconda3/lib/python3.11/site-packages/pluggy/_manager.py", line 120, in _hookexec
    return self._inner_hookexec(hook_name, methods, kwargs, firstresult)
           ^^^^^^^^^^^^^^^^^^^^^^^^^^^^^^^^^^^^^^^^^^^^^^^^^^^^^^^^^^^^^
  File "/Users/fred/anaconda3/lib/python3.11/site-packages/pluggy/_callers.py", line 182, in _multicall
    return outcome.get_result()
           ^^^^^^^^^^^^^^^^^^^^
  File "/Users/fred/anaconda3/lib/python3.11/site-packages/pluggy/_result.py", line 100, in get_result
    raise exc.with_traceback(exc.__traceback__)
  File "/Users/fred/anaconda3/lib/python3.11/site-packages/pluggy/_callers.py", line 167, in _multicall
    teardown.throw(outcome._exception)
  File "/Users/fred/anaconda3/lib/python3.11/site-packages/_pytest/setuponly.py", line 36, in pytest_fixture_setup
    return (yield)
            ^^^^^
  File "/Users/fred/anaconda3/lib/python3.11/site-packages/pluggy/_callers.py", line 103, in _multicall
    res = hook_impl.function(*args)
          ^^^^^^^^^^^^^^^^^^^^^^^^^
  File "/Users/fred/anaconda3/lib/python3.11/site-packages/_pytest/fixtures.py", line 1140, in pytest_fixture_setup
    result = call_fixture_func(fixturefunc, request, kwargs)
             ^^^^^^^^^^^^^^^^^^^^^^^^^^^^^^^^^^^^^^^^^^^^^^^
  File "/Users/fred/anaconda3/lib/python3.11/site-packages/_pytest/fixtures.py", line 898, in call_fixture_func
    fixture_result = fixturefunc(**kwargs)
                     ^^^^^^^^^^^^^^^^^^^^^
  File "/Users/fred/Documents/_play/_python/_redistricting/_gerrychain/_rustworkx_work/GerryChain/tests/partition/test_partition.py", line 57, in example_geographic_partition
    graph.nodes[node]["boundary_node"] = False
    ~~~~~~~~~~~~~~~~~^^^^^^^^^^^^^^^^^
TypeError: 'int' object does not support item assignment
_____________ ERROR at setup of test_geographic_partition_has_keys _____________
Traceback (most recent call last):
  File "/Users/fred/anaconda3/lib/python3.11/site-packages/_pytest/runner.py", line 341, in from_call
    result: TResult | None = func()
                             ^^^^^^
  File "/Users/fred/anaconda3/lib/python3.11/site-packages/_pytest/runner.py", line 242, in <lambda>
    lambda: runtest_hook(item=item, **kwds), when=when, reraise=reraise
            ^^^^^^^^^^^^^^^^^^^^^^^^^^^^^^^
  File "/Users/fred/anaconda3/lib/python3.11/site-packages/pluggy/_hooks.py", line 513, in __call__
    return self._hookexec(self.name, self._hookimpls.copy(), kwargs, firstresult)
           ^^^^^^^^^^^^^^^^^^^^^^^^^^^^^^^^^^^^^^^^^^^^^^^^^^^^^^^^^^^^^^^^^^^^^^
  File "/Users/fred/anaconda3/lib/python3.11/site-packages/pluggy/_manager.py", line 120, in _hookexec
    return self._inner_hookexec(hook_name, methods, kwargs, firstresult)
           ^^^^^^^^^^^^^^^^^^^^^^^^^^^^^^^^^^^^^^^^^^^^^^^^^^^^^^^^^^^^^
  File "/Users/fred/anaconda3/lib/python3.11/site-packages/pluggy/_callers.py", line 139, in _multicall
    raise exception.with_traceback(exception.__traceback__)
  File "/Users/fred/anaconda3/lib/python3.11/site-packages/pluggy/_callers.py", line 122, in _multicall
    teardown.throw(exception)  # type: ignore[union-attr]
    ^^^^^^^^^^^^^^^^^^^^^^^^^
  File "/Users/fred/anaconda3/lib/python3.11/site-packages/_pytest/unraisableexception.py", line 90, in pytest_runtest_setup
    yield from unraisable_exception_runtest_hook()
  File "/Users/fred/anaconda3/lib/python3.11/site-packages/_pytest/unraisableexception.py", line 70, in unraisable_exception_runtest_hook
    yield
  File "/Users/fred/anaconda3/lib/python3.11/site-packages/pluggy/_callers.py", line 122, in _multicall
    teardown.throw(exception)  # type: ignore[union-attr]
    ^^^^^^^^^^^^^^^^^^^^^^^^^
  File "/Users/fred/anaconda3/lib/python3.11/site-packages/_pytest/logging.py", line 840, in pytest_runtest_setup
    yield from self._runtest_for(item, "setup")
  File "/Users/fred/anaconda3/lib/python3.11/site-packages/_pytest/logging.py", line 829, in _runtest_for
    yield
  File "/Users/fred/anaconda3/lib/python3.11/site-packages/pluggy/_callers.py", line 122, in _multicall
    teardown.throw(exception)  # type: ignore[union-attr]
    ^^^^^^^^^^^^^^^^^^^^^^^^^
  File "/Users/fred/anaconda3/lib/python3.11/site-packages/_pytest/capture.py", line 893, in pytest_runtest_setup
    return (yield)
            ^^^^^
  File "/Users/fred/anaconda3/lib/python3.11/site-packages/pluggy/_callers.py", line 122, in _multicall
    teardown.throw(exception)  # type: ignore[union-attr]
    ^^^^^^^^^^^^^^^^^^^^^^^^^
  File "/Users/fred/anaconda3/lib/python3.11/site-packages/_pytest/threadexception.py", line 87, in pytest_runtest_setup
    yield from thread_exception_runtest_hook()
  File "/Users/fred/anaconda3/lib/python3.11/site-packages/_pytest/threadexception.py", line 68, in thread_exception_runtest_hook
    yield
  File "/Users/fred/anaconda3/lib/python3.11/site-packages/pluggy/_callers.py", line 103, in _multicall
    res = hook_impl.function(*args)
          ^^^^^^^^^^^^^^^^^^^^^^^^^
  File "/Users/fred/anaconda3/lib/python3.11/site-packages/_pytest/runner.py", line 160, in pytest_runtest_setup
    item.session._setupstate.setup(item)
  File "/Users/fred/anaconda3/lib/python3.11/site-packages/_pytest/runner.py", line 514, in setup
    col.setup()
  File "/Users/fred/anaconda3/lib/python3.11/site-packages/_pytest/python.py", line 1630, in setup
    self._request._fillfixtures()
  File "/Users/fred/anaconda3/lib/python3.11/site-packages/_pytest/fixtures.py", line 697, in _fillfixtures
    item.funcargs[argname] = self.getfixturevalue(argname)
                             ^^^^^^^^^^^^^^^^^^^^^^^^^^^^^
  File "/Users/fred/anaconda3/lib/python3.11/site-packages/_pytest/fixtures.py", line 532, in getfixturevalue
    fixturedef = self._get_active_fixturedef(argname)
                 ^^^^^^^^^^^^^^^^^^^^^^^^^^^^^^^^^^^^
  File "/Users/fred/anaconda3/lib/python3.11/site-packages/_pytest/fixtures.py", line 617, in _get_active_fixturedef
    fixturedef.execute(request=subrequest)
  File "/Users/fred/anaconda3/lib/python3.11/site-packages/_pytest/fixtures.py", line 1091, in execute
    result = ihook.pytest_fixture_setup(fixturedef=self, request=request)
             ^^^^^^^^^^^^^^^^^^^^^^^^^^^^^^^^^^^^^^^^^^^^^^^^^^^^^^^^^^^^
  File "/Users/fred/anaconda3/lib/python3.11/site-packages/pluggy/_hooks.py", line 513, in __call__
    return self._hookexec(self.name, self._hookimpls.copy(), kwargs, firstresult)
           ^^^^^^^^^^^^^^^^^^^^^^^^^^^^^^^^^^^^^^^^^^^^^^^^^^^^^^^^^^^^^^^^^^^^^^
  File "/Users/fred/anaconda3/lib/python3.11/site-packages/pluggy/_manager.py", line 120, in _hookexec
    return self._inner_hookexec(hook_name, methods, kwargs, firstresult)
           ^^^^^^^^^^^^^^^^^^^^^^^^^^^^^^^^^^^^^^^^^^^^^^^^^^^^^^^^^^^^^
  File "/Users/fred/anaconda3/lib/python3.11/site-packages/pluggy/_callers.py", line 182, in _multicall
    return outcome.get_result()
           ^^^^^^^^^^^^^^^^^^^^
  File "/Users/fred/anaconda3/lib/python3.11/site-packages/pluggy/_result.py", line 100, in get_result
    raise exc.with_traceback(exc.__traceback__)
  File "/Users/fred/anaconda3/lib/python3.11/site-packages/pluggy/_callers.py", line 167, in _multicall
    teardown.throw(outcome._exception)
  File "/Users/fred/anaconda3/lib/python3.11/site-packages/_pytest/setuponly.py", line 36, in pytest_fixture_setup
    return (yield)
            ^^^^^
  File "/Users/fred/anaconda3/lib/python3.11/site-packages/pluggy/_callers.py", line 103, in _multicall
    res = hook_impl.function(*args)
          ^^^^^^^^^^^^^^^^^^^^^^^^^
  File "/Users/fred/anaconda3/lib/python3.11/site-packages/_pytest/fixtures.py", line 1140, in pytest_fixture_setup
    result = call_fixture_func(fixturefunc, request, kwargs)
             ^^^^^^^^^^^^^^^^^^^^^^^^^^^^^^^^^^^^^^^^^^^^^^^
  File "/Users/fred/anaconda3/lib/python3.11/site-packages/_pytest/fixtures.py", line 898, in call_fixture_func
    fixture_result = fixturefunc(**kwargs)
                     ^^^^^^^^^^^^^^^^^^^^^
  File "/Users/fred/Documents/_play/_python/_redistricting/_gerrychain/_rustworkx_work/GerryChain/tests/partition/test_partition.py", line 57, in example_geographic_partition
    graph.nodes[node]["boundary_node"] = False
    ~~~~~~~~~~~~~~~~~^^^^^^^^^^^^^^^^^
TypeError: 'int' object does not support item assignment
_______ ERROR at setup of test_geographic_partition_has_default_updaters _______
Traceback (most recent call last):
  File "/Users/fred/anaconda3/lib/python3.11/site-packages/_pytest/runner.py", line 341, in from_call
    result: TResult | None = func()
                             ^^^^^^
  File "/Users/fred/anaconda3/lib/python3.11/site-packages/_pytest/runner.py", line 242, in <lambda>
    lambda: runtest_hook(item=item, **kwds), when=when, reraise=reraise
            ^^^^^^^^^^^^^^^^^^^^^^^^^^^^^^^
  File "/Users/fred/anaconda3/lib/python3.11/site-packages/pluggy/_hooks.py", line 513, in __call__
    return self._hookexec(self.name, self._hookimpls.copy(), kwargs, firstresult)
           ^^^^^^^^^^^^^^^^^^^^^^^^^^^^^^^^^^^^^^^^^^^^^^^^^^^^^^^^^^^^^^^^^^^^^^
  File "/Users/fred/anaconda3/lib/python3.11/site-packages/pluggy/_manager.py", line 120, in _hookexec
    return self._inner_hookexec(hook_name, methods, kwargs, firstresult)
           ^^^^^^^^^^^^^^^^^^^^^^^^^^^^^^^^^^^^^^^^^^^^^^^^^^^^^^^^^^^^^
  File "/Users/fred/anaconda3/lib/python3.11/site-packages/pluggy/_callers.py", line 139, in _multicall
    raise exception.with_traceback(exception.__traceback__)
  File "/Users/fred/anaconda3/lib/python3.11/site-packages/pluggy/_callers.py", line 122, in _multicall
    teardown.throw(exception)  # type: ignore[union-attr]
    ^^^^^^^^^^^^^^^^^^^^^^^^^
  File "/Users/fred/anaconda3/lib/python3.11/site-packages/_pytest/unraisableexception.py", line 90, in pytest_runtest_setup
    yield from unraisable_exception_runtest_hook()
  File "/Users/fred/anaconda3/lib/python3.11/site-packages/_pytest/unraisableexception.py", line 70, in unraisable_exception_runtest_hook
    yield
  File "/Users/fred/anaconda3/lib/python3.11/site-packages/pluggy/_callers.py", line 122, in _multicall
    teardown.throw(exception)  # type: ignore[union-attr]
    ^^^^^^^^^^^^^^^^^^^^^^^^^
  File "/Users/fred/anaconda3/lib/python3.11/site-packages/_pytest/logging.py", line 840, in pytest_runtest_setup
    yield from self._runtest_for(item, "setup")
  File "/Users/fred/anaconda3/lib/python3.11/site-packages/_pytest/logging.py", line 829, in _runtest_for
    yield
  File "/Users/fred/anaconda3/lib/python3.11/site-packages/pluggy/_callers.py", line 122, in _multicall
    teardown.throw(exception)  # type: ignore[union-attr]
    ^^^^^^^^^^^^^^^^^^^^^^^^^
  File "/Users/fred/anaconda3/lib/python3.11/site-packages/_pytest/capture.py", line 893, in pytest_runtest_setup
    return (yield)
            ^^^^^
  File "/Users/fred/anaconda3/lib/python3.11/site-packages/pluggy/_callers.py", line 122, in _multicall
    teardown.throw(exception)  # type: ignore[union-attr]
    ^^^^^^^^^^^^^^^^^^^^^^^^^
  File "/Users/fred/anaconda3/lib/python3.11/site-packages/_pytest/threadexception.py", line 87, in pytest_runtest_setup
    yield from thread_exception_runtest_hook()
  File "/Users/fred/anaconda3/lib/python3.11/site-packages/_pytest/threadexception.py", line 68, in thread_exception_runtest_hook
    yield
  File "/Users/fred/anaconda3/lib/python3.11/site-packages/pluggy/_callers.py", line 103, in _multicall
    res = hook_impl.function(*args)
          ^^^^^^^^^^^^^^^^^^^^^^^^^
  File "/Users/fred/anaconda3/lib/python3.11/site-packages/_pytest/runner.py", line 160, in pytest_runtest_setup
    item.session._setupstate.setup(item)
  File "/Users/fred/anaconda3/lib/python3.11/site-packages/_pytest/runner.py", line 514, in setup
    col.setup()
  File "/Users/fred/anaconda3/lib/python3.11/site-packages/_pytest/python.py", line 1630, in setup
    self._request._fillfixtures()
  File "/Users/fred/anaconda3/lib/python3.11/site-packages/_pytest/fixtures.py", line 697, in _fillfixtures
    item.funcargs[argname] = self.getfixturevalue(argname)
                             ^^^^^^^^^^^^^^^^^^^^^^^^^^^^^
  File "/Users/fred/anaconda3/lib/python3.11/site-packages/_pytest/fixtures.py", line 532, in getfixturevalue
    fixturedef = self._get_active_fixturedef(argname)
                 ^^^^^^^^^^^^^^^^^^^^^^^^^^^^^^^^^^^^
  File "/Users/fred/anaconda3/lib/python3.11/site-packages/_pytest/fixtures.py", line 617, in _get_active_fixturedef
    fixturedef.execute(request=subrequest)
  File "/Users/fred/anaconda3/lib/python3.11/site-packages/_pytest/fixtures.py", line 1091, in execute
    result = ihook.pytest_fixture_setup(fixturedef=self, request=request)
             ^^^^^^^^^^^^^^^^^^^^^^^^^^^^^^^^^^^^^^^^^^^^^^^^^^^^^^^^^^^^
  File "/Users/fred/anaconda3/lib/python3.11/site-packages/pluggy/_hooks.py", line 513, in __call__
    return self._hookexec(self.name, self._hookimpls.copy(), kwargs, firstresult)
           ^^^^^^^^^^^^^^^^^^^^^^^^^^^^^^^^^^^^^^^^^^^^^^^^^^^^^^^^^^^^^^^^^^^^^^
  File "/Users/fred/anaconda3/lib/python3.11/site-packages/pluggy/_manager.py", line 120, in _hookexec
    return self._inner_hookexec(hook_name, methods, kwargs, firstresult)
           ^^^^^^^^^^^^^^^^^^^^^^^^^^^^^^^^^^^^^^^^^^^^^^^^^^^^^^^^^^^^^
  File "/Users/fred/anaconda3/lib/python3.11/site-packages/pluggy/_callers.py", line 182, in _multicall
    return outcome.get_result()
           ^^^^^^^^^^^^^^^^^^^^
  File "/Users/fred/anaconda3/lib/python3.11/site-packages/pluggy/_result.py", line 100, in get_result
    raise exc.with_traceback(exc.__traceback__)
  File "/Users/fred/anaconda3/lib/python3.11/site-packages/pluggy/_callers.py", line 167, in _multicall
    teardown.throw(outcome._exception)
  File "/Users/fred/anaconda3/lib/python3.11/site-packages/_pytest/setuponly.py", line 36, in pytest_fixture_setup
    return (yield)
            ^^^^^
  File "/Users/fred/anaconda3/lib/python3.11/site-packages/pluggy/_callers.py", line 103, in _multicall
    res = hook_impl.function(*args)
          ^^^^^^^^^^^^^^^^^^^^^^^^^
  File "/Users/fred/anaconda3/lib/python3.11/site-packages/_pytest/fixtures.py", line 1140, in pytest_fixture_setup
    result = call_fixture_func(fixturefunc, request, kwargs)
             ^^^^^^^^^^^^^^^^^^^^^^^^^^^^^^^^^^^^^^^^^^^^^^^
  File "/Users/fred/anaconda3/lib/python3.11/site-packages/_pytest/fixtures.py", line 898, in call_fixture_func
    fixture_result = fixturefunc(**kwargs)
                     ^^^^^^^^^^^^^^^^^^^^^
  File "/Users/fred/Documents/_play/_python/_redistricting/_gerrychain/_rustworkx_work/GerryChain/tests/partition/test_partition.py", line 57, in example_geographic_partition
    graph.nodes[node]["boundary_node"] = False
    ~~~~~~~~~~~~~~~~~^^^^^^^^^^^^^^^^^
TypeError: 'int' object does not support item assignment
____________ ERROR at setup of TestPartitionPlotting.test_can_plot _____________
Traceback (most recent call last):
  File "/Users/fred/anaconda3/lib/python3.11/site-packages/_pytest/runner.py", line 341, in from_call
    result: TResult | None = func()
                             ^^^^^^
  File "/Users/fred/anaconda3/lib/python3.11/site-packages/_pytest/runner.py", line 242, in <lambda>
    lambda: runtest_hook(item=item, **kwds), when=when, reraise=reraise
            ^^^^^^^^^^^^^^^^^^^^^^^^^^^^^^^
  File "/Users/fred/anaconda3/lib/python3.11/site-packages/pluggy/_hooks.py", line 513, in __call__
    return self._hookexec(self.name, self._hookimpls.copy(), kwargs, firstresult)
           ^^^^^^^^^^^^^^^^^^^^^^^^^^^^^^^^^^^^^^^^^^^^^^^^^^^^^^^^^^^^^^^^^^^^^^
  File "/Users/fred/anaconda3/lib/python3.11/site-packages/pluggy/_manager.py", line 120, in _hookexec
    return self._inner_hookexec(hook_name, methods, kwargs, firstresult)
           ^^^^^^^^^^^^^^^^^^^^^^^^^^^^^^^^^^^^^^^^^^^^^^^^^^^^^^^^^^^^^
  File "/Users/fred/anaconda3/lib/python3.11/site-packages/pluggy/_callers.py", line 139, in _multicall
    raise exception.with_traceback(exception.__traceback__)
  File "/Users/fred/anaconda3/lib/python3.11/site-packages/pluggy/_callers.py", line 122, in _multicall
    teardown.throw(exception)  # type: ignore[union-attr]
    ^^^^^^^^^^^^^^^^^^^^^^^^^
  File "/Users/fred/anaconda3/lib/python3.11/site-packages/_pytest/unraisableexception.py", line 90, in pytest_runtest_setup
    yield from unraisable_exception_runtest_hook()
  File "/Users/fred/anaconda3/lib/python3.11/site-packages/_pytest/unraisableexception.py", line 70, in unraisable_exception_runtest_hook
    yield
  File "/Users/fred/anaconda3/lib/python3.11/site-packages/pluggy/_callers.py", line 122, in _multicall
    teardown.throw(exception)  # type: ignore[union-attr]
    ^^^^^^^^^^^^^^^^^^^^^^^^^
  File "/Users/fred/anaconda3/lib/python3.11/site-packages/_pytest/logging.py", line 840, in pytest_runtest_setup
    yield from self._runtest_for(item, "setup")
  File "/Users/fred/anaconda3/lib/python3.11/site-packages/_pytest/logging.py", line 829, in _runtest_for
    yield
  File "/Users/fred/anaconda3/lib/python3.11/site-packages/pluggy/_callers.py", line 122, in _multicall
    teardown.throw(exception)  # type: ignore[union-attr]
    ^^^^^^^^^^^^^^^^^^^^^^^^^
  File "/Users/fred/anaconda3/lib/python3.11/site-packages/_pytest/capture.py", line 893, in pytest_runtest_setup
    return (yield)
            ^^^^^
  File "/Users/fred/anaconda3/lib/python3.11/site-packages/pluggy/_callers.py", line 122, in _multicall
    teardown.throw(exception)  # type: ignore[union-attr]
    ^^^^^^^^^^^^^^^^^^^^^^^^^
  File "/Users/fred/anaconda3/lib/python3.11/site-packages/_pytest/threadexception.py", line 87, in pytest_runtest_setup
    yield from thread_exception_runtest_hook()
  File "/Users/fred/anaconda3/lib/python3.11/site-packages/_pytest/threadexception.py", line 68, in thread_exception_runtest_hook
    yield
  File "/Users/fred/anaconda3/lib/python3.11/site-packages/pluggy/_callers.py", line 103, in _multicall
    res = hook_impl.function(*args)
          ^^^^^^^^^^^^^^^^^^^^^^^^^
  File "/Users/fred/anaconda3/lib/python3.11/site-packages/_pytest/runner.py", line 160, in pytest_runtest_setup
    item.session._setupstate.setup(item)
  File "/Users/fred/anaconda3/lib/python3.11/site-packages/_pytest/runner.py", line 514, in setup
    col.setup()
  File "/Users/fred/anaconda3/lib/python3.11/site-packages/_pytest/python.py", line 1630, in setup
    self._request._fillfixtures()
  File "/Users/fred/anaconda3/lib/python3.11/site-packages/_pytest/fixtures.py", line 697, in _fillfixtures
    item.funcargs[argname] = self.getfixturevalue(argname)
                             ^^^^^^^^^^^^^^^^^^^^^^^^^^^^^
  File "/Users/fred/anaconda3/lib/python3.11/site-packages/_pytest/fixtures.py", line 532, in getfixturevalue
    fixturedef = self._get_active_fixturedef(argname)
                 ^^^^^^^^^^^^^^^^^^^^^^^^^^^^^^^^^^^^
  File "/Users/fred/anaconda3/lib/python3.11/site-packages/_pytest/fixtures.py", line 617, in _get_active_fixturedef
    fixturedef.execute(request=subrequest)
  File "/Users/fred/anaconda3/lib/python3.11/site-packages/_pytest/fixtures.py", line 1091, in execute
    result = ihook.pytest_fixture_setup(fixturedef=self, request=request)
             ^^^^^^^^^^^^^^^^^^^^^^^^^^^^^^^^^^^^^^^^^^^^^^^^^^^^^^^^^^^^
  File "/Users/fred/anaconda3/lib/python3.11/site-packages/pluggy/_hooks.py", line 513, in __call__
    return self._hookexec(self.name, self._hookimpls.copy(), kwargs, firstresult)
           ^^^^^^^^^^^^^^^^^^^^^^^^^^^^^^^^^^^^^^^^^^^^^^^^^^^^^^^^^^^^^^^^^^^^^^
  File "/Users/fred/anaconda3/lib/python3.11/site-packages/pluggy/_manager.py", line 120, in _hookexec
    return self._inner_hookexec(hook_name, methods, kwargs, firstresult)
           ^^^^^^^^^^^^^^^^^^^^^^^^^^^^^^^^^^^^^^^^^^^^^^^^^^^^^^^^^^^^^
  File "/Users/fred/anaconda3/lib/python3.11/site-packages/pluggy/_callers.py", line 182, in _multicall
    return outcome.get_result()
           ^^^^^^^^^^^^^^^^^^^^
  File "/Users/fred/anaconda3/lib/python3.11/site-packages/pluggy/_result.py", line 100, in get_result
    raise exc.with_traceback(exc.__traceback__)
  File "/Users/fred/anaconda3/lib/python3.11/site-packages/pluggy/_callers.py", line 167, in _multicall
    teardown.throw(outcome._exception)
  File "/Users/fred/anaconda3/lib/python3.11/site-packages/_pytest/setuponly.py", line 36, in pytest_fixture_setup
    return (yield)
            ^^^^^
  File "/Users/fred/anaconda3/lib/python3.11/site-packages/pluggy/_callers.py", line 103, in _multicall
    res = hook_impl.function(*args)
          ^^^^^^^^^^^^^^^^^^^^^^^^^
  File "/Users/fred/anaconda3/lib/python3.11/site-packages/_pytest/fixtures.py", line 1140, in pytest_fixture_setup
    result = call_fixture_func(fixturefunc, request, kwargs)
             ^^^^^^^^^^^^^^^^^^^^^^^^^^^^^^^^^^^^^^^^^^^^^^^
  File "/Users/fred/anaconda3/lib/python3.11/site-packages/_pytest/fixtures.py", line 898, in call_fixture_func
    fixture_result = fixturefunc(**kwargs)
                     ^^^^^^^^^^^^^^^^^^^^^
  File "/Users/fred/Documents/_play/_python/_redistricting/_gerrychain/_rustworkx_work/GerryChain/tests/partition/test_plotting.py", line 12, in partition
    graph = Graph([(0, 1), (1, 3), (2, 3), (0, 2)])
            ^^^^^^^^^^^^^^^^^^^^^^^^^^^^^^^^^^^^^^^
TypeError: Graph() takes no arguments
_ ERROR at setup of TestPartitionPlotting.test_raises_typeerror_for_mismatched_indices _
Traceback (most recent call last):
  File "/Users/fred/anaconda3/lib/python3.11/site-packages/_pytest/runner.py", line 341, in from_call
    result: TResult | None = func()
                             ^^^^^^
  File "/Users/fred/anaconda3/lib/python3.11/site-packages/_pytest/runner.py", line 242, in <lambda>
    lambda: runtest_hook(item=item, **kwds), when=when, reraise=reraise
            ^^^^^^^^^^^^^^^^^^^^^^^^^^^^^^^
  File "/Users/fred/anaconda3/lib/python3.11/site-packages/pluggy/_hooks.py", line 513, in __call__
    return self._hookexec(self.name, self._hookimpls.copy(), kwargs, firstresult)
           ^^^^^^^^^^^^^^^^^^^^^^^^^^^^^^^^^^^^^^^^^^^^^^^^^^^^^^^^^^^^^^^^^^^^^^
  File "/Users/fred/anaconda3/lib/python3.11/site-packages/pluggy/_manager.py", line 120, in _hookexec
    return self._inner_hookexec(hook_name, methods, kwargs, firstresult)
           ^^^^^^^^^^^^^^^^^^^^^^^^^^^^^^^^^^^^^^^^^^^^^^^^^^^^^^^^^^^^^
  File "/Users/fred/anaconda3/lib/python3.11/site-packages/pluggy/_callers.py", line 139, in _multicall
    raise exception.with_traceback(exception.__traceback__)
  File "/Users/fred/anaconda3/lib/python3.11/site-packages/pluggy/_callers.py", line 122, in _multicall
    teardown.throw(exception)  # type: ignore[union-attr]
    ^^^^^^^^^^^^^^^^^^^^^^^^^
  File "/Users/fred/anaconda3/lib/python3.11/site-packages/_pytest/unraisableexception.py", line 90, in pytest_runtest_setup
    yield from unraisable_exception_runtest_hook()
  File "/Users/fred/anaconda3/lib/python3.11/site-packages/_pytest/unraisableexception.py", line 70, in unraisable_exception_runtest_hook
    yield
  File "/Users/fred/anaconda3/lib/python3.11/site-packages/pluggy/_callers.py", line 122, in _multicall
    teardown.throw(exception)  # type: ignore[union-attr]
    ^^^^^^^^^^^^^^^^^^^^^^^^^
  File "/Users/fred/anaconda3/lib/python3.11/site-packages/_pytest/logging.py", line 840, in pytest_runtest_setup
    yield from self._runtest_for(item, "setup")
  File "/Users/fred/anaconda3/lib/python3.11/site-packages/_pytest/logging.py", line 829, in _runtest_for
    yield
  File "/Users/fred/anaconda3/lib/python3.11/site-packages/pluggy/_callers.py", line 122, in _multicall
    teardown.throw(exception)  # type: ignore[union-attr]
    ^^^^^^^^^^^^^^^^^^^^^^^^^
  File "/Users/fred/anaconda3/lib/python3.11/site-packages/_pytest/capture.py", line 893, in pytest_runtest_setup
    return (yield)
            ^^^^^
  File "/Users/fred/anaconda3/lib/python3.11/site-packages/pluggy/_callers.py", line 122, in _multicall
    teardown.throw(exception)  # type: ignore[union-attr]
    ^^^^^^^^^^^^^^^^^^^^^^^^^
  File "/Users/fred/anaconda3/lib/python3.11/site-packages/_pytest/threadexception.py", line 87, in pytest_runtest_setup
    yield from thread_exception_runtest_hook()
  File "/Users/fred/anaconda3/lib/python3.11/site-packages/_pytest/threadexception.py", line 68, in thread_exception_runtest_hook
    yield
  File "/Users/fred/anaconda3/lib/python3.11/site-packages/pluggy/_callers.py", line 103, in _multicall
    res = hook_impl.function(*args)
          ^^^^^^^^^^^^^^^^^^^^^^^^^
  File "/Users/fred/anaconda3/lib/python3.11/site-packages/_pytest/runner.py", line 160, in pytest_runtest_setup
    item.session._setupstate.setup(item)
  File "/Users/fred/anaconda3/lib/python3.11/site-packages/_pytest/runner.py", line 514, in setup
    col.setup()
  File "/Users/fred/anaconda3/lib/python3.11/site-packages/_pytest/python.py", line 1630, in setup
    self._request._fillfixtures()
  File "/Users/fred/anaconda3/lib/python3.11/site-packages/_pytest/fixtures.py", line 697, in _fillfixtures
    item.funcargs[argname] = self.getfixturevalue(argname)
                             ^^^^^^^^^^^^^^^^^^^^^^^^^^^^^
  File "/Users/fred/anaconda3/lib/python3.11/site-packages/_pytest/fixtures.py", line 532, in getfixturevalue
    fixturedef = self._get_active_fixturedef(argname)
                 ^^^^^^^^^^^^^^^^^^^^^^^^^^^^^^^^^^^^
  File "/Users/fred/anaconda3/lib/python3.11/site-packages/_pytest/fixtures.py", line 617, in _get_active_fixturedef
    fixturedef.execute(request=subrequest)
  File "/Users/fred/anaconda3/lib/python3.11/site-packages/_pytest/fixtures.py", line 1091, in execute
    result = ihook.pytest_fixture_setup(fixturedef=self, request=request)
             ^^^^^^^^^^^^^^^^^^^^^^^^^^^^^^^^^^^^^^^^^^^^^^^^^^^^^^^^^^^^
  File "/Users/fred/anaconda3/lib/python3.11/site-packages/pluggy/_hooks.py", line 513, in __call__
    return self._hookexec(self.name, self._hookimpls.copy(), kwargs, firstresult)
           ^^^^^^^^^^^^^^^^^^^^^^^^^^^^^^^^^^^^^^^^^^^^^^^^^^^^^^^^^^^^^^^^^^^^^^
  File "/Users/fred/anaconda3/lib/python3.11/site-packages/pluggy/_manager.py", line 120, in _hookexec
    return self._inner_hookexec(hook_name, methods, kwargs, firstresult)
           ^^^^^^^^^^^^^^^^^^^^^^^^^^^^^^^^^^^^^^^^^^^^^^^^^^^^^^^^^^^^^
  File "/Users/fred/anaconda3/lib/python3.11/site-packages/pluggy/_callers.py", line 182, in _multicall
    return outcome.get_result()
           ^^^^^^^^^^^^^^^^^^^^
  File "/Users/fred/anaconda3/lib/python3.11/site-packages/pluggy/_result.py", line 100, in get_result
    raise exc.with_traceback(exc.__traceback__)
  File "/Users/fred/anaconda3/lib/python3.11/site-packages/pluggy/_callers.py", line 167, in _multicall
    teardown.throw(outcome._exception)
  File "/Users/fred/anaconda3/lib/python3.11/site-packages/_pytest/setuponly.py", line 36, in pytest_fixture_setup
    return (yield)
            ^^^^^
  File "/Users/fred/anaconda3/lib/python3.11/site-packages/pluggy/_callers.py", line 103, in _multicall
    res = hook_impl.function(*args)
          ^^^^^^^^^^^^^^^^^^^^^^^^^
  File "/Users/fred/anaconda3/lib/python3.11/site-packages/_pytest/fixtures.py", line 1140, in pytest_fixture_setup
    result = call_fixture_func(fixturefunc, request, kwargs)
             ^^^^^^^^^^^^^^^^^^^^^^^^^^^^^^^^^^^^^^^^^^^^^^^
  File "/Users/fred/anaconda3/lib/python3.11/site-packages/_pytest/fixtures.py", line 898, in call_fixture_func
    fixture_result = fixturefunc(**kwargs)
                     ^^^^^^^^^^^^^^^^^^^^^
  File "/Users/fred/Documents/_play/_python/_redistricting/_gerrychain/_rustworkx_work/GerryChain/tests/partition/test_plotting.py", line 12, in partition
    graph = Graph([(0, 1), (1, 3), (2, 3), (0, 2)])
            ^^^^^^^^^^^^^^^^^^^^^^^^^^^^^^^^^^^^^^^
TypeError: Graph() takes no arguments
____ ERROR at setup of TestPartitionPlotting.test_can_plot_using_geoseries _____
Traceback (most recent call last):
  File "/Users/fred/anaconda3/lib/python3.11/site-packages/_pytest/runner.py", line 341, in from_call
    result: TResult | None = func()
                             ^^^^^^
  File "/Users/fred/anaconda3/lib/python3.11/site-packages/_pytest/runner.py", line 242, in <lambda>
    lambda: runtest_hook(item=item, **kwds), when=when, reraise=reraise
            ^^^^^^^^^^^^^^^^^^^^^^^^^^^^^^^
  File "/Users/fred/anaconda3/lib/python3.11/site-packages/pluggy/_hooks.py", line 513, in __call__
    return self._hookexec(self.name, self._hookimpls.copy(), kwargs, firstresult)
           ^^^^^^^^^^^^^^^^^^^^^^^^^^^^^^^^^^^^^^^^^^^^^^^^^^^^^^^^^^^^^^^^^^^^^^
  File "/Users/fred/anaconda3/lib/python3.11/site-packages/pluggy/_manager.py", line 120, in _hookexec
    return self._inner_hookexec(hook_name, methods, kwargs, firstresult)
           ^^^^^^^^^^^^^^^^^^^^^^^^^^^^^^^^^^^^^^^^^^^^^^^^^^^^^^^^^^^^^
  File "/Users/fred/anaconda3/lib/python3.11/site-packages/pluggy/_callers.py", line 139, in _multicall
    raise exception.with_traceback(exception.__traceback__)
  File "/Users/fred/anaconda3/lib/python3.11/site-packages/pluggy/_callers.py", line 122, in _multicall
    teardown.throw(exception)  # type: ignore[union-attr]
    ^^^^^^^^^^^^^^^^^^^^^^^^^
  File "/Users/fred/anaconda3/lib/python3.11/site-packages/_pytest/unraisableexception.py", line 90, in pytest_runtest_setup
    yield from unraisable_exception_runtest_hook()
  File "/Users/fred/anaconda3/lib/python3.11/site-packages/_pytest/unraisableexception.py", line 70, in unraisable_exception_runtest_hook
    yield
  File "/Users/fred/anaconda3/lib/python3.11/site-packages/pluggy/_callers.py", line 122, in _multicall
    teardown.throw(exception)  # type: ignore[union-attr]
    ^^^^^^^^^^^^^^^^^^^^^^^^^
  File "/Users/fred/anaconda3/lib/python3.11/site-packages/_pytest/logging.py", line 840, in pytest_runtest_setup
    yield from self._runtest_for(item, "setup")
  File "/Users/fred/anaconda3/lib/python3.11/site-packages/_pytest/logging.py", line 829, in _runtest_for
    yield
  File "/Users/fred/anaconda3/lib/python3.11/site-packages/pluggy/_callers.py", line 122, in _multicall
    teardown.throw(exception)  # type: ignore[union-attr]
    ^^^^^^^^^^^^^^^^^^^^^^^^^
  File "/Users/fred/anaconda3/lib/python3.11/site-packages/_pytest/capture.py", line 893, in pytest_runtest_setup
    return (yield)
            ^^^^^
  File "/Users/fred/anaconda3/lib/python3.11/site-packages/pluggy/_callers.py", line 122, in _multicall
    teardown.throw(exception)  # type: ignore[union-attr]
    ^^^^^^^^^^^^^^^^^^^^^^^^^
  File "/Users/fred/anaconda3/lib/python3.11/site-packages/_pytest/threadexception.py", line 87, in pytest_runtest_setup
    yield from thread_exception_runtest_hook()
  File "/Users/fred/anaconda3/lib/python3.11/site-packages/_pytest/threadexception.py", line 68, in thread_exception_runtest_hook
    yield
  File "/Users/fred/anaconda3/lib/python3.11/site-packages/pluggy/_callers.py", line 103, in _multicall
    res = hook_impl.function(*args)
          ^^^^^^^^^^^^^^^^^^^^^^^^^
  File "/Users/fred/anaconda3/lib/python3.11/site-packages/_pytest/runner.py", line 160, in pytest_runtest_setup
    item.session._setupstate.setup(item)
  File "/Users/fred/anaconda3/lib/python3.11/site-packages/_pytest/runner.py", line 514, in setup
    col.setup()
  File "/Users/fred/anaconda3/lib/python3.11/site-packages/_pytest/python.py", line 1630, in setup
    self._request._fillfixtures()
  File "/Users/fred/anaconda3/lib/python3.11/site-packages/_pytest/fixtures.py", line 697, in _fillfixtures
    item.funcargs[argname] = self.getfixturevalue(argname)
                             ^^^^^^^^^^^^^^^^^^^^^^^^^^^^^
  File "/Users/fred/anaconda3/lib/python3.11/site-packages/_pytest/fixtures.py", line 532, in getfixturevalue
    fixturedef = self._get_active_fixturedef(argname)
                 ^^^^^^^^^^^^^^^^^^^^^^^^^^^^^^^^^^^^
  File "/Users/fred/anaconda3/lib/python3.11/site-packages/_pytest/fixtures.py", line 617, in _get_active_fixturedef
    fixturedef.execute(request=subrequest)
  File "/Users/fred/anaconda3/lib/python3.11/site-packages/_pytest/fixtures.py", line 1091, in execute
    result = ihook.pytest_fixture_setup(fixturedef=self, request=request)
             ^^^^^^^^^^^^^^^^^^^^^^^^^^^^^^^^^^^^^^^^^^^^^^^^^^^^^^^^^^^^
  File "/Users/fred/anaconda3/lib/python3.11/site-packages/pluggy/_hooks.py", line 513, in __call__
    return self._hookexec(self.name, self._hookimpls.copy(), kwargs, firstresult)
           ^^^^^^^^^^^^^^^^^^^^^^^^^^^^^^^^^^^^^^^^^^^^^^^^^^^^^^^^^^^^^^^^^^^^^^
  File "/Users/fred/anaconda3/lib/python3.11/site-packages/pluggy/_manager.py", line 120, in _hookexec
    return self._inner_hookexec(hook_name, methods, kwargs, firstresult)
           ^^^^^^^^^^^^^^^^^^^^^^^^^^^^^^^^^^^^^^^^^^^^^^^^^^^^^^^^^^^^^
  File "/Users/fred/anaconda3/lib/python3.11/site-packages/pluggy/_callers.py", line 182, in _multicall
    return outcome.get_result()
           ^^^^^^^^^^^^^^^^^^^^
  File "/Users/fred/anaconda3/lib/python3.11/site-packages/pluggy/_result.py", line 100, in get_result
    raise exc.with_traceback(exc.__traceback__)
  File "/Users/fred/anaconda3/lib/python3.11/site-packages/pluggy/_callers.py", line 167, in _multicall
    teardown.throw(outcome._exception)
  File "/Users/fred/anaconda3/lib/python3.11/site-packages/_pytest/setuponly.py", line 36, in pytest_fixture_setup
    return (yield)
            ^^^^^
  File "/Users/fred/anaconda3/lib/python3.11/site-packages/pluggy/_callers.py", line 103, in _multicall
    res = hook_impl.function(*args)
          ^^^^^^^^^^^^^^^^^^^^^^^^^
  File "/Users/fred/anaconda3/lib/python3.11/site-packages/_pytest/fixtures.py", line 1140, in pytest_fixture_setup
    result = call_fixture_func(fixturefunc, request, kwargs)
             ^^^^^^^^^^^^^^^^^^^^^^^^^^^^^^^^^^^^^^^^^^^^^^^
  File "/Users/fred/anaconda3/lib/python3.11/site-packages/_pytest/fixtures.py", line 898, in call_fixture_func
    fixture_result = fixturefunc(**kwargs)
                     ^^^^^^^^^^^^^^^^^^^^^
  File "/Users/fred/Documents/_play/_python/_redistricting/_gerrychain/_rustworkx_work/GerryChain/tests/partition/test_plotting.py", line 12, in partition
    graph = Graph([(0, 1), (1, 3), (2, 3), (0, 2)])
            ^^^^^^^^^^^^^^^^^^^^^^^^^^^^^^^^^^^^^^^
TypeError: Graph() takes no arguments
_____ ERROR at setup of TestPartitionPlotting.test_can_pass_kwargs_to_plot _____
Traceback (most recent call last):
  File "/Users/fred/anaconda3/lib/python3.11/site-packages/_pytest/runner.py", line 341, in from_call
    result: TResult | None = func()
                             ^^^^^^
  File "/Users/fred/anaconda3/lib/python3.11/site-packages/_pytest/runner.py", line 242, in <lambda>
    lambda: runtest_hook(item=item, **kwds), when=when, reraise=reraise
            ^^^^^^^^^^^^^^^^^^^^^^^^^^^^^^^
  File "/Users/fred/anaconda3/lib/python3.11/site-packages/pluggy/_hooks.py", line 513, in __call__
    return self._hookexec(self.name, self._hookimpls.copy(), kwargs, firstresult)
           ^^^^^^^^^^^^^^^^^^^^^^^^^^^^^^^^^^^^^^^^^^^^^^^^^^^^^^^^^^^^^^^^^^^^^^
  File "/Users/fred/anaconda3/lib/python3.11/site-packages/pluggy/_manager.py", line 120, in _hookexec
    return self._inner_hookexec(hook_name, methods, kwargs, firstresult)
           ^^^^^^^^^^^^^^^^^^^^^^^^^^^^^^^^^^^^^^^^^^^^^^^^^^^^^^^^^^^^^
  File "/Users/fred/anaconda3/lib/python3.11/site-packages/pluggy/_callers.py", line 139, in _multicall
    raise exception.with_traceback(exception.__traceback__)
  File "/Users/fred/anaconda3/lib/python3.11/site-packages/pluggy/_callers.py", line 122, in _multicall
    teardown.throw(exception)  # type: ignore[union-attr]
    ^^^^^^^^^^^^^^^^^^^^^^^^^
  File "/Users/fred/anaconda3/lib/python3.11/site-packages/_pytest/unraisableexception.py", line 90, in pytest_runtest_setup
    yield from unraisable_exception_runtest_hook()
  File "/Users/fred/anaconda3/lib/python3.11/site-packages/_pytest/unraisableexception.py", line 70, in unraisable_exception_runtest_hook
    yield
  File "/Users/fred/anaconda3/lib/python3.11/site-packages/pluggy/_callers.py", line 122, in _multicall
    teardown.throw(exception)  # type: ignore[union-attr]
    ^^^^^^^^^^^^^^^^^^^^^^^^^
  File "/Users/fred/anaconda3/lib/python3.11/site-packages/_pytest/logging.py", line 840, in pytest_runtest_setup
    yield from self._runtest_for(item, "setup")
  File "/Users/fred/anaconda3/lib/python3.11/site-packages/_pytest/logging.py", line 829, in _runtest_for
    yield
  File "/Users/fred/anaconda3/lib/python3.11/site-packages/pluggy/_callers.py", line 122, in _multicall
    teardown.throw(exception)  # type: ignore[union-attr]
    ^^^^^^^^^^^^^^^^^^^^^^^^^
  File "/Users/fred/anaconda3/lib/python3.11/site-packages/_pytest/capture.py", line 893, in pytest_runtest_setup
    return (yield)
            ^^^^^
  File "/Users/fred/anaconda3/lib/python3.11/site-packages/pluggy/_callers.py", line 122, in _multicall
    teardown.throw(exception)  # type: ignore[union-attr]
    ^^^^^^^^^^^^^^^^^^^^^^^^^
  File "/Users/fred/anaconda3/lib/python3.11/site-packages/_pytest/threadexception.py", line 87, in pytest_runtest_setup
    yield from thread_exception_runtest_hook()
  File "/Users/fred/anaconda3/lib/python3.11/site-packages/_pytest/threadexception.py", line 68, in thread_exception_runtest_hook
    yield
  File "/Users/fred/anaconda3/lib/python3.11/site-packages/pluggy/_callers.py", line 103, in _multicall
    res = hook_impl.function(*args)
          ^^^^^^^^^^^^^^^^^^^^^^^^^
  File "/Users/fred/anaconda3/lib/python3.11/site-packages/_pytest/runner.py", line 160, in pytest_runtest_setup
    item.session._setupstate.setup(item)
  File "/Users/fred/anaconda3/lib/python3.11/site-packages/_pytest/runner.py", line 514, in setup
    col.setup()
  File "/Users/fred/anaconda3/lib/python3.11/site-packages/_pytest/python.py", line 1630, in setup
    self._request._fillfixtures()
  File "/Users/fred/anaconda3/lib/python3.11/site-packages/_pytest/fixtures.py", line 697, in _fillfixtures
    item.funcargs[argname] = self.getfixturevalue(argname)
                             ^^^^^^^^^^^^^^^^^^^^^^^^^^^^^
  File "/Users/fred/anaconda3/lib/python3.11/site-packages/_pytest/fixtures.py", line 532, in getfixturevalue
    fixturedef = self._get_active_fixturedef(argname)
                 ^^^^^^^^^^^^^^^^^^^^^^^^^^^^^^^^^^^^
  File "/Users/fred/anaconda3/lib/python3.11/site-packages/_pytest/fixtures.py", line 617, in _get_active_fixturedef
    fixturedef.execute(request=subrequest)
  File "/Users/fred/anaconda3/lib/python3.11/site-packages/_pytest/fixtures.py", line 1091, in execute
    result = ihook.pytest_fixture_setup(fixturedef=self, request=request)
             ^^^^^^^^^^^^^^^^^^^^^^^^^^^^^^^^^^^^^^^^^^^^^^^^^^^^^^^^^^^^
  File "/Users/fred/anaconda3/lib/python3.11/site-packages/pluggy/_hooks.py", line 513, in __call__
    return self._hookexec(self.name, self._hookimpls.copy(), kwargs, firstresult)
           ^^^^^^^^^^^^^^^^^^^^^^^^^^^^^^^^^^^^^^^^^^^^^^^^^^^^^^^^^^^^^^^^^^^^^^
  File "/Users/fred/anaconda3/lib/python3.11/site-packages/pluggy/_manager.py", line 120, in _hookexec
    return self._inner_hookexec(hook_name, methods, kwargs, firstresult)
           ^^^^^^^^^^^^^^^^^^^^^^^^^^^^^^^^^^^^^^^^^^^^^^^^^^^^^^^^^^^^^
  File "/Users/fred/anaconda3/lib/python3.11/site-packages/pluggy/_callers.py", line 182, in _multicall
    return outcome.get_result()
           ^^^^^^^^^^^^^^^^^^^^
  File "/Users/fred/anaconda3/lib/python3.11/site-packages/pluggy/_result.py", line 100, in get_result
    raise exc.with_traceback(exc.__traceback__)
  File "/Users/fred/anaconda3/lib/python3.11/site-packages/pluggy/_callers.py", line 167, in _multicall
    teardown.throw(outcome._exception)
  File "/Users/fred/anaconda3/lib/python3.11/site-packages/_pytest/setuponly.py", line 36, in pytest_fixture_setup
    return (yield)
            ^^^^^
  File "/Users/fred/anaconda3/lib/python3.11/site-packages/pluggy/_callers.py", line 103, in _multicall
    res = hook_impl.function(*args)
          ^^^^^^^^^^^^^^^^^^^^^^^^^
  File "/Users/fred/anaconda3/lib/python3.11/site-packages/_pytest/fixtures.py", line 1140, in pytest_fixture_setup
    result = call_fixture_func(fixturefunc, request, kwargs)
             ^^^^^^^^^^^^^^^^^^^^^^^^^^^^^^^^^^^^^^^^^^^^^^^
  File "/Users/fred/anaconda3/lib/python3.11/site-packages/_pytest/fixtures.py", line 898, in call_fixture_func
    fixture_result = fixturefunc(**kwargs)
                     ^^^^^^^^^^^^^^^^^^^^^
  File "/Users/fred/Documents/_play/_python/_redistricting/_gerrychain/_rustworkx_work/GerryChain/tests/partition/test_plotting.py", line 12, in partition
    graph = Graph([(0, 1), (1, 3), (2, 3), (0, 2)])
            ^^^^^^^^^^^^^^^^^^^^^^^^^^^^^^^^^^^^^^^
TypeError: Graph() takes no arguments
__ ERROR at setup of TestPartitionPlotting.test_calls_with_column_as_a_string __
Traceback (most recent call last):
  File "/Users/fred/anaconda3/lib/python3.11/site-packages/_pytest/runner.py", line 341, in from_call
    result: TResult | None = func()
                             ^^^^^^
  File "/Users/fred/anaconda3/lib/python3.11/site-packages/_pytest/runner.py", line 242, in <lambda>
    lambda: runtest_hook(item=item, **kwds), when=when, reraise=reraise
            ^^^^^^^^^^^^^^^^^^^^^^^^^^^^^^^
  File "/Users/fred/anaconda3/lib/python3.11/site-packages/pluggy/_hooks.py", line 513, in __call__
    return self._hookexec(self.name, self._hookimpls.copy(), kwargs, firstresult)
           ^^^^^^^^^^^^^^^^^^^^^^^^^^^^^^^^^^^^^^^^^^^^^^^^^^^^^^^^^^^^^^^^^^^^^^
  File "/Users/fred/anaconda3/lib/python3.11/site-packages/pluggy/_manager.py", line 120, in _hookexec
    return self._inner_hookexec(hook_name, methods, kwargs, firstresult)
           ^^^^^^^^^^^^^^^^^^^^^^^^^^^^^^^^^^^^^^^^^^^^^^^^^^^^^^^^^^^^^
  File "/Users/fred/anaconda3/lib/python3.11/site-packages/pluggy/_callers.py", line 139, in _multicall
    raise exception.with_traceback(exception.__traceback__)
  File "/Users/fred/anaconda3/lib/python3.11/site-packages/pluggy/_callers.py", line 122, in _multicall
    teardown.throw(exception)  # type: ignore[union-attr]
    ^^^^^^^^^^^^^^^^^^^^^^^^^
  File "/Users/fred/anaconda3/lib/python3.11/site-packages/_pytest/unraisableexception.py", line 90, in pytest_runtest_setup
    yield from unraisable_exception_runtest_hook()
  File "/Users/fred/anaconda3/lib/python3.11/site-packages/_pytest/unraisableexception.py", line 70, in unraisable_exception_runtest_hook
    yield
  File "/Users/fred/anaconda3/lib/python3.11/site-packages/pluggy/_callers.py", line 122, in _multicall
    teardown.throw(exception)  # type: ignore[union-attr]
    ^^^^^^^^^^^^^^^^^^^^^^^^^
  File "/Users/fred/anaconda3/lib/python3.11/site-packages/_pytest/logging.py", line 840, in pytest_runtest_setup
    yield from self._runtest_for(item, "setup")
  File "/Users/fred/anaconda3/lib/python3.11/site-packages/_pytest/logging.py", line 829, in _runtest_for
    yield
  File "/Users/fred/anaconda3/lib/python3.11/site-packages/pluggy/_callers.py", line 122, in _multicall
    teardown.throw(exception)  # type: ignore[union-attr]
    ^^^^^^^^^^^^^^^^^^^^^^^^^
  File "/Users/fred/anaconda3/lib/python3.11/site-packages/_pytest/capture.py", line 893, in pytest_runtest_setup
    return (yield)
            ^^^^^
  File "/Users/fred/anaconda3/lib/python3.11/site-packages/pluggy/_callers.py", line 122, in _multicall
    teardown.throw(exception)  # type: ignore[union-attr]
    ^^^^^^^^^^^^^^^^^^^^^^^^^
  File "/Users/fred/anaconda3/lib/python3.11/site-packages/_pytest/threadexception.py", line 87, in pytest_runtest_setup
    yield from thread_exception_runtest_hook()
  File "/Users/fred/anaconda3/lib/python3.11/site-packages/_pytest/threadexception.py", line 68, in thread_exception_runtest_hook
    yield
  File "/Users/fred/anaconda3/lib/python3.11/site-packages/pluggy/_callers.py", line 103, in _multicall
    res = hook_impl.function(*args)
          ^^^^^^^^^^^^^^^^^^^^^^^^^
  File "/Users/fred/anaconda3/lib/python3.11/site-packages/_pytest/runner.py", line 160, in pytest_runtest_setup
    item.session._setupstate.setup(item)
  File "/Users/fred/anaconda3/lib/python3.11/site-packages/_pytest/runner.py", line 514, in setup
    col.setup()
  File "/Users/fred/anaconda3/lib/python3.11/site-packages/_pytest/python.py", line 1630, in setup
    self._request._fillfixtures()
  File "/Users/fred/anaconda3/lib/python3.11/site-packages/_pytest/fixtures.py", line 697, in _fillfixtures
    item.funcargs[argname] = self.getfixturevalue(argname)
                             ^^^^^^^^^^^^^^^^^^^^^^^^^^^^^
  File "/Users/fred/anaconda3/lib/python3.11/site-packages/_pytest/fixtures.py", line 532, in getfixturevalue
    fixturedef = self._get_active_fixturedef(argname)
                 ^^^^^^^^^^^^^^^^^^^^^^^^^^^^^^^^^^^^
  File "/Users/fred/anaconda3/lib/python3.11/site-packages/_pytest/fixtures.py", line 617, in _get_active_fixturedef
    fixturedef.execute(request=subrequest)
  File "/Users/fred/anaconda3/lib/python3.11/site-packages/_pytest/fixtures.py", line 1091, in execute
    result = ihook.pytest_fixture_setup(fixturedef=self, request=request)
             ^^^^^^^^^^^^^^^^^^^^^^^^^^^^^^^^^^^^^^^^^^^^^^^^^^^^^^^^^^^^
  File "/Users/fred/anaconda3/lib/python3.11/site-packages/pluggy/_hooks.py", line 513, in __call__
    return self._hookexec(self.name, self._hookimpls.copy(), kwargs, firstresult)
           ^^^^^^^^^^^^^^^^^^^^^^^^^^^^^^^^^^^^^^^^^^^^^^^^^^^^^^^^^^^^^^^^^^^^^^
  File "/Users/fred/anaconda3/lib/python3.11/site-packages/pluggy/_manager.py", line 120, in _hookexec
    return self._inner_hookexec(hook_name, methods, kwargs, firstresult)
           ^^^^^^^^^^^^^^^^^^^^^^^^^^^^^^^^^^^^^^^^^^^^^^^^^^^^^^^^^^^^^
  File "/Users/fred/anaconda3/lib/python3.11/site-packages/pluggy/_callers.py", line 182, in _multicall
    return outcome.get_result()
           ^^^^^^^^^^^^^^^^^^^^
  File "/Users/fred/anaconda3/lib/python3.11/site-packages/pluggy/_result.py", line 100, in get_result
    raise exc.with_traceback(exc.__traceback__)
  File "/Users/fred/anaconda3/lib/python3.11/site-packages/pluggy/_callers.py", line 167, in _multicall
    teardown.throw(outcome._exception)
  File "/Users/fred/anaconda3/lib/python3.11/site-packages/_pytest/setuponly.py", line 36, in pytest_fixture_setup
    return (yield)
            ^^^^^
  File "/Users/fred/anaconda3/lib/python3.11/site-packages/pluggy/_callers.py", line 103, in _multicall
    res = hook_impl.function(*args)
          ^^^^^^^^^^^^^^^^^^^^^^^^^
  File "/Users/fred/anaconda3/lib/python3.11/site-packages/_pytest/fixtures.py", line 1140, in pytest_fixture_setup
    result = call_fixture_func(fixturefunc, request, kwargs)
             ^^^^^^^^^^^^^^^^^^^^^^^^^^^^^^^^^^^^^^^^^^^^^^^
  File "/Users/fred/anaconda3/lib/python3.11/site-packages/_pytest/fixtures.py", line 898, in call_fixture_func
    fixture_result = fixturefunc(**kwargs)
                     ^^^^^^^^^^^^^^^^^^^^^
  File "/Users/fred/Documents/_play/_python/_redistricting/_gerrychain/_rustworkx_work/GerryChain/tests/partition/test_plotting.py", line 12, in partition
    graph = Graph([(0, 1), (1, 3), (2, 3), (0, 2)])
            ^^^^^^^^^^^^^^^^^^^^^^^^^^^^^^^^^^^^^^^
TypeError: Graph() takes no arguments
______ ERROR at setup of test_bipartition_tree_returns_a_subset_of_nodes _______
Traceback (most recent call last):
  File "/Users/fred/anaconda3/lib/python3.11/site-packages/_pytest/runner.py", line 341, in from_call
    result: TResult | None = func()
                             ^^^^^^
  File "/Users/fred/anaconda3/lib/python3.11/site-packages/_pytest/runner.py", line 242, in <lambda>
    lambda: runtest_hook(item=item, **kwds), when=when, reraise=reraise
            ^^^^^^^^^^^^^^^^^^^^^^^^^^^^^^^
  File "/Users/fred/anaconda3/lib/python3.11/site-packages/pluggy/_hooks.py", line 513, in __call__
    return self._hookexec(self.name, self._hookimpls.copy(), kwargs, firstresult)
           ^^^^^^^^^^^^^^^^^^^^^^^^^^^^^^^^^^^^^^^^^^^^^^^^^^^^^^^^^^^^^^^^^^^^^^
  File "/Users/fred/anaconda3/lib/python3.11/site-packages/pluggy/_manager.py", line 120, in _hookexec
    return self._inner_hookexec(hook_name, methods, kwargs, firstresult)
           ^^^^^^^^^^^^^^^^^^^^^^^^^^^^^^^^^^^^^^^^^^^^^^^^^^^^^^^^^^^^^
  File "/Users/fred/anaconda3/lib/python3.11/site-packages/pluggy/_callers.py", line 139, in _multicall
    raise exception.with_traceback(exception.__traceback__)
  File "/Users/fred/anaconda3/lib/python3.11/site-packages/pluggy/_callers.py", line 122, in _multicall
    teardown.throw(exception)  # type: ignore[union-attr]
    ^^^^^^^^^^^^^^^^^^^^^^^^^
  File "/Users/fred/anaconda3/lib/python3.11/site-packages/_pytest/unraisableexception.py", line 90, in pytest_runtest_setup
    yield from unraisable_exception_runtest_hook()
  File "/Users/fred/anaconda3/lib/python3.11/site-packages/_pytest/unraisableexception.py", line 70, in unraisable_exception_runtest_hook
    yield
  File "/Users/fred/anaconda3/lib/python3.11/site-packages/pluggy/_callers.py", line 122, in _multicall
    teardown.throw(exception)  # type: ignore[union-attr]
    ^^^^^^^^^^^^^^^^^^^^^^^^^
  File "/Users/fred/anaconda3/lib/python3.11/site-packages/_pytest/logging.py", line 840, in pytest_runtest_setup
    yield from self._runtest_for(item, "setup")
  File "/Users/fred/anaconda3/lib/python3.11/site-packages/_pytest/logging.py", line 829, in _runtest_for
    yield
  File "/Users/fred/anaconda3/lib/python3.11/site-packages/pluggy/_callers.py", line 122, in _multicall
    teardown.throw(exception)  # type: ignore[union-attr]
    ^^^^^^^^^^^^^^^^^^^^^^^^^
  File "/Users/fred/anaconda3/lib/python3.11/site-packages/_pytest/capture.py", line 893, in pytest_runtest_setup
    return (yield)
            ^^^^^
  File "/Users/fred/anaconda3/lib/python3.11/site-packages/pluggy/_callers.py", line 122, in _multicall
    teardown.throw(exception)  # type: ignore[union-attr]
    ^^^^^^^^^^^^^^^^^^^^^^^^^
  File "/Users/fred/anaconda3/lib/python3.11/site-packages/_pytest/threadexception.py", line 87, in pytest_runtest_setup
    yield from thread_exception_runtest_hook()
  File "/Users/fred/anaconda3/lib/python3.11/site-packages/_pytest/threadexception.py", line 68, in thread_exception_runtest_hook
    yield
  File "/Users/fred/anaconda3/lib/python3.11/site-packages/pluggy/_callers.py", line 103, in _multicall
    res = hook_impl.function(*args)
          ^^^^^^^^^^^^^^^^^^^^^^^^^
  File "/Users/fred/anaconda3/lib/python3.11/site-packages/_pytest/runner.py", line 160, in pytest_runtest_setup
    item.session._setupstate.setup(item)
  File "/Users/fred/anaconda3/lib/python3.11/site-packages/_pytest/runner.py", line 514, in setup
    col.setup()
  File "/Users/fred/anaconda3/lib/python3.11/site-packages/_pytest/python.py", line 1630, in setup
    self._request._fillfixtures()
  File "/Users/fred/anaconda3/lib/python3.11/site-packages/_pytest/fixtures.py", line 697, in _fillfixtures
    item.funcargs[argname] = self.getfixturevalue(argname)
                             ^^^^^^^^^^^^^^^^^^^^^^^^^^^^^
  File "/Users/fred/anaconda3/lib/python3.11/site-packages/_pytest/fixtures.py", line 532, in getfixturevalue
    fixturedef = self._get_active_fixturedef(argname)
                 ^^^^^^^^^^^^^^^^^^^^^^^^^^^^^^^^^^^^
  File "/Users/fred/anaconda3/lib/python3.11/site-packages/_pytest/fixtures.py", line 617, in _get_active_fixturedef
    fixturedef.execute(request=subrequest)
  File "/Users/fred/anaconda3/lib/python3.11/site-packages/_pytest/fixtures.py", line 1091, in execute
    result = ihook.pytest_fixture_setup(fixturedef=self, request=request)
             ^^^^^^^^^^^^^^^^^^^^^^^^^^^^^^^^^^^^^^^^^^^^^^^^^^^^^^^^^^^^
  File "/Users/fred/anaconda3/lib/python3.11/site-packages/pluggy/_hooks.py", line 513, in __call__
    return self._hookexec(self.name, self._hookimpls.copy(), kwargs, firstresult)
           ^^^^^^^^^^^^^^^^^^^^^^^^^^^^^^^^^^^^^^^^^^^^^^^^^^^^^^^^^^^^^^^^^^^^^^
  File "/Users/fred/anaconda3/lib/python3.11/site-packages/pluggy/_manager.py", line 120, in _hookexec
    return self._inner_hookexec(hook_name, methods, kwargs, firstresult)
           ^^^^^^^^^^^^^^^^^^^^^^^^^^^^^^^^^^^^^^^^^^^^^^^^^^^^^^^^^^^^^
  File "/Users/fred/anaconda3/lib/python3.11/site-packages/pluggy/_callers.py", line 182, in _multicall
    return outcome.get_result()
           ^^^^^^^^^^^^^^^^^^^^
  File "/Users/fred/anaconda3/lib/python3.11/site-packages/pluggy/_result.py", line 100, in get_result
    raise exc.with_traceback(exc.__traceback__)
  File "/Users/fred/anaconda3/lib/python3.11/site-packages/pluggy/_callers.py", line 167, in _multicall
    teardown.throw(outcome._exception)
  File "/Users/fred/anaconda3/lib/python3.11/site-packages/_pytest/setuponly.py", line 36, in pytest_fixture_setup
    return (yield)
            ^^^^^
  File "/Users/fred/anaconda3/lib/python3.11/site-packages/pluggy/_callers.py", line 103, in _multicall
    res = hook_impl.function(*args)
          ^^^^^^^^^^^^^^^^^^^^^^^^^
  File "/Users/fred/anaconda3/lib/python3.11/site-packages/_pytest/fixtures.py", line 1140, in pytest_fixture_setup
    result = call_fixture_func(fixturefunc, request, kwargs)
             ^^^^^^^^^^^^^^^^^^^^^^^^^^^^^^^^^^^^^^^^^^^^^^^
  File "/Users/fred/anaconda3/lib/python3.11/site-packages/_pytest/fixtures.py", line 898, in call_fixture_func
    fixture_result = fixturefunc(**kwargs)
                     ^^^^^^^^^^^^^^^^^^^^^
  File "/Users/fred/Documents/_play/_python/_redistricting/_gerrychain/_rustworkx_work/GerryChain/tests/test_tree.py", line 33, in graph_with_pop
    three_by_three_grid.nodes[node]["pop"] = 1
    ~~~~~~~~~~~~~~~~~~~~~~~~~~~~~~~^^^^^^^
TypeError: 'int' object does not support item assignment
_ ERROR at setup of test_bipartition_tree_returns_within_epsilon_of_target_pop _
Traceback (most recent call last):
  File "/Users/fred/anaconda3/lib/python3.11/site-packages/_pytest/runner.py", line 341, in from_call
    result: TResult | None = func()
                             ^^^^^^
  File "/Users/fred/anaconda3/lib/python3.11/site-packages/_pytest/runner.py", line 242, in <lambda>
    lambda: runtest_hook(item=item, **kwds), when=when, reraise=reraise
            ^^^^^^^^^^^^^^^^^^^^^^^^^^^^^^^
  File "/Users/fred/anaconda3/lib/python3.11/site-packages/pluggy/_hooks.py", line 513, in __call__
    return self._hookexec(self.name, self._hookimpls.copy(), kwargs, firstresult)
           ^^^^^^^^^^^^^^^^^^^^^^^^^^^^^^^^^^^^^^^^^^^^^^^^^^^^^^^^^^^^^^^^^^^^^^
  File "/Users/fred/anaconda3/lib/python3.11/site-packages/pluggy/_manager.py", line 120, in _hookexec
    return self._inner_hookexec(hook_name, methods, kwargs, firstresult)
           ^^^^^^^^^^^^^^^^^^^^^^^^^^^^^^^^^^^^^^^^^^^^^^^^^^^^^^^^^^^^^
  File "/Users/fred/anaconda3/lib/python3.11/site-packages/pluggy/_callers.py", line 139, in _multicall
    raise exception.with_traceback(exception.__traceback__)
  File "/Users/fred/anaconda3/lib/python3.11/site-packages/pluggy/_callers.py", line 122, in _multicall
    teardown.throw(exception)  # type: ignore[union-attr]
    ^^^^^^^^^^^^^^^^^^^^^^^^^
  File "/Users/fred/anaconda3/lib/python3.11/site-packages/_pytest/unraisableexception.py", line 90, in pytest_runtest_setup
    yield from unraisable_exception_runtest_hook()
  File "/Users/fred/anaconda3/lib/python3.11/site-packages/_pytest/unraisableexception.py", line 70, in unraisable_exception_runtest_hook
    yield
  File "/Users/fred/anaconda3/lib/python3.11/site-packages/pluggy/_callers.py", line 122, in _multicall
    teardown.throw(exception)  # type: ignore[union-attr]
    ^^^^^^^^^^^^^^^^^^^^^^^^^
  File "/Users/fred/anaconda3/lib/python3.11/site-packages/_pytest/logging.py", line 840, in pytest_runtest_setup
    yield from self._runtest_for(item, "setup")
  File "/Users/fred/anaconda3/lib/python3.11/site-packages/_pytest/logging.py", line 829, in _runtest_for
    yield
  File "/Users/fred/anaconda3/lib/python3.11/site-packages/pluggy/_callers.py", line 122, in _multicall
    teardown.throw(exception)  # type: ignore[union-attr]
    ^^^^^^^^^^^^^^^^^^^^^^^^^
  File "/Users/fred/anaconda3/lib/python3.11/site-packages/_pytest/capture.py", line 893, in pytest_runtest_setup
    return (yield)
            ^^^^^
  File "/Users/fred/anaconda3/lib/python3.11/site-packages/pluggy/_callers.py", line 122, in _multicall
    teardown.throw(exception)  # type: ignore[union-attr]
    ^^^^^^^^^^^^^^^^^^^^^^^^^
  File "/Users/fred/anaconda3/lib/python3.11/site-packages/_pytest/threadexception.py", line 87, in pytest_runtest_setup
    yield from thread_exception_runtest_hook()
  File "/Users/fred/anaconda3/lib/python3.11/site-packages/_pytest/threadexception.py", line 68, in thread_exception_runtest_hook
    yield
  File "/Users/fred/anaconda3/lib/python3.11/site-packages/pluggy/_callers.py", line 103, in _multicall
    res = hook_impl.function(*args)
          ^^^^^^^^^^^^^^^^^^^^^^^^^
  File "/Users/fred/anaconda3/lib/python3.11/site-packages/_pytest/runner.py", line 160, in pytest_runtest_setup
    item.session._setupstate.setup(item)
  File "/Users/fred/anaconda3/lib/python3.11/site-packages/_pytest/runner.py", line 514, in setup
    col.setup()
  File "/Users/fred/anaconda3/lib/python3.11/site-packages/_pytest/python.py", line 1630, in setup
    self._request._fillfixtures()
  File "/Users/fred/anaconda3/lib/python3.11/site-packages/_pytest/fixtures.py", line 697, in _fillfixtures
    item.funcargs[argname] = self.getfixturevalue(argname)
                             ^^^^^^^^^^^^^^^^^^^^^^^^^^^^^
  File "/Users/fred/anaconda3/lib/python3.11/site-packages/_pytest/fixtures.py", line 532, in getfixturevalue
    fixturedef = self._get_active_fixturedef(argname)
                 ^^^^^^^^^^^^^^^^^^^^^^^^^^^^^^^^^^^^
  File "/Users/fred/anaconda3/lib/python3.11/site-packages/_pytest/fixtures.py", line 617, in _get_active_fixturedef
    fixturedef.execute(request=subrequest)
  File "/Users/fred/anaconda3/lib/python3.11/site-packages/_pytest/fixtures.py", line 1091, in execute
    result = ihook.pytest_fixture_setup(fixturedef=self, request=request)
             ^^^^^^^^^^^^^^^^^^^^^^^^^^^^^^^^^^^^^^^^^^^^^^^^^^^^^^^^^^^^
  File "/Users/fred/anaconda3/lib/python3.11/site-packages/pluggy/_hooks.py", line 513, in __call__
    return self._hookexec(self.name, self._hookimpls.copy(), kwargs, firstresult)
           ^^^^^^^^^^^^^^^^^^^^^^^^^^^^^^^^^^^^^^^^^^^^^^^^^^^^^^^^^^^^^^^^^^^^^^
  File "/Users/fred/anaconda3/lib/python3.11/site-packages/pluggy/_manager.py", line 120, in _hookexec
    return self._inner_hookexec(hook_name, methods, kwargs, firstresult)
           ^^^^^^^^^^^^^^^^^^^^^^^^^^^^^^^^^^^^^^^^^^^^^^^^^^^^^^^^^^^^^
  File "/Users/fred/anaconda3/lib/python3.11/site-packages/pluggy/_callers.py", line 182, in _multicall
    return outcome.get_result()
           ^^^^^^^^^^^^^^^^^^^^
  File "/Users/fred/anaconda3/lib/python3.11/site-packages/pluggy/_result.py", line 100, in get_result
    raise exc.with_traceback(exc.__traceback__)
  File "/Users/fred/anaconda3/lib/python3.11/site-packages/pluggy/_callers.py", line 167, in _multicall
    teardown.throw(outcome._exception)
  File "/Users/fred/anaconda3/lib/python3.11/site-packages/_pytest/setuponly.py", line 36, in pytest_fixture_setup
    return (yield)
            ^^^^^
  File "/Users/fred/anaconda3/lib/python3.11/site-packages/pluggy/_callers.py", line 103, in _multicall
    res = hook_impl.function(*args)
          ^^^^^^^^^^^^^^^^^^^^^^^^^
  File "/Users/fred/anaconda3/lib/python3.11/site-packages/_pytest/fixtures.py", line 1140, in pytest_fixture_setup
    result = call_fixture_func(fixturefunc, request, kwargs)
             ^^^^^^^^^^^^^^^^^^^^^^^^^^^^^^^^^^^^^^^^^^^^^^^
  File "/Users/fred/anaconda3/lib/python3.11/site-packages/_pytest/fixtures.py", line 898, in call_fixture_func
    fixture_result = fixturefunc(**kwargs)
                     ^^^^^^^^^^^^^^^^^^^^^
  File "/Users/fred/Documents/_play/_python/_redistricting/_gerrychain/_rustworkx_work/GerryChain/tests/test_tree.py", line 33, in graph_with_pop
    three_by_three_grid.nodes[node]["pop"] = 1
    ~~~~~~~~~~~~~~~~~~~~~~~~~~~~~~~^^^^^^^
TypeError: 'int' object does not support item assignment
_ ERROR at setup of test_random_spanning_tree_returns_tree_with_pop_attribute __
Traceback (most recent call last):
  File "/Users/fred/anaconda3/lib/python3.11/site-packages/_pytest/runner.py", line 341, in from_call
    result: TResult | None = func()
                             ^^^^^^
  File "/Users/fred/anaconda3/lib/python3.11/site-packages/_pytest/runner.py", line 242, in <lambda>
    lambda: runtest_hook(item=item, **kwds), when=when, reraise=reraise
            ^^^^^^^^^^^^^^^^^^^^^^^^^^^^^^^
  File "/Users/fred/anaconda3/lib/python3.11/site-packages/pluggy/_hooks.py", line 513, in __call__
    return self._hookexec(self.name, self._hookimpls.copy(), kwargs, firstresult)
           ^^^^^^^^^^^^^^^^^^^^^^^^^^^^^^^^^^^^^^^^^^^^^^^^^^^^^^^^^^^^^^^^^^^^^^
  File "/Users/fred/anaconda3/lib/python3.11/site-packages/pluggy/_manager.py", line 120, in _hookexec
    return self._inner_hookexec(hook_name, methods, kwargs, firstresult)
           ^^^^^^^^^^^^^^^^^^^^^^^^^^^^^^^^^^^^^^^^^^^^^^^^^^^^^^^^^^^^^
  File "/Users/fred/anaconda3/lib/python3.11/site-packages/pluggy/_callers.py", line 139, in _multicall
    raise exception.with_traceback(exception.__traceback__)
  File "/Users/fred/anaconda3/lib/python3.11/site-packages/pluggy/_callers.py", line 122, in _multicall
    teardown.throw(exception)  # type: ignore[union-attr]
    ^^^^^^^^^^^^^^^^^^^^^^^^^
  File "/Users/fred/anaconda3/lib/python3.11/site-packages/_pytest/unraisableexception.py", line 90, in pytest_runtest_setup
    yield from unraisable_exception_runtest_hook()
  File "/Users/fred/anaconda3/lib/python3.11/site-packages/_pytest/unraisableexception.py", line 70, in unraisable_exception_runtest_hook
    yield
  File "/Users/fred/anaconda3/lib/python3.11/site-packages/pluggy/_callers.py", line 122, in _multicall
    teardown.throw(exception)  # type: ignore[union-attr]
    ^^^^^^^^^^^^^^^^^^^^^^^^^
  File "/Users/fred/anaconda3/lib/python3.11/site-packages/_pytest/logging.py", line 840, in pytest_runtest_setup
    yield from self._runtest_for(item, "setup")
  File "/Users/fred/anaconda3/lib/python3.11/site-packages/_pytest/logging.py", line 829, in _runtest_for
    yield
  File "/Users/fred/anaconda3/lib/python3.11/site-packages/pluggy/_callers.py", line 122, in _multicall
    teardown.throw(exception)  # type: ignore[union-attr]
    ^^^^^^^^^^^^^^^^^^^^^^^^^
  File "/Users/fred/anaconda3/lib/python3.11/site-packages/_pytest/capture.py", line 893, in pytest_runtest_setup
    return (yield)
            ^^^^^
  File "/Users/fred/anaconda3/lib/python3.11/site-packages/pluggy/_callers.py", line 122, in _multicall
    teardown.throw(exception)  # type: ignore[union-attr]
    ^^^^^^^^^^^^^^^^^^^^^^^^^
  File "/Users/fred/anaconda3/lib/python3.11/site-packages/_pytest/threadexception.py", line 87, in pytest_runtest_setup
    yield from thread_exception_runtest_hook()
  File "/Users/fred/anaconda3/lib/python3.11/site-packages/_pytest/threadexception.py", line 68, in thread_exception_runtest_hook
    yield
  File "/Users/fred/anaconda3/lib/python3.11/site-packages/pluggy/_callers.py", line 103, in _multicall
    res = hook_impl.function(*args)
          ^^^^^^^^^^^^^^^^^^^^^^^^^
  File "/Users/fred/anaconda3/lib/python3.11/site-packages/_pytest/runner.py", line 160, in pytest_runtest_setup
    item.session._setupstate.setup(item)
  File "/Users/fred/anaconda3/lib/python3.11/site-packages/_pytest/runner.py", line 514, in setup
    col.setup()
  File "/Users/fred/anaconda3/lib/python3.11/site-packages/_pytest/python.py", line 1630, in setup
    self._request._fillfixtures()
  File "/Users/fred/anaconda3/lib/python3.11/site-packages/_pytest/fixtures.py", line 697, in _fillfixtures
    item.funcargs[argname] = self.getfixturevalue(argname)
                             ^^^^^^^^^^^^^^^^^^^^^^^^^^^^^
  File "/Users/fred/anaconda3/lib/python3.11/site-packages/_pytest/fixtures.py", line 532, in getfixturevalue
    fixturedef = self._get_active_fixturedef(argname)
                 ^^^^^^^^^^^^^^^^^^^^^^^^^^^^^^^^^^^^
  File "/Users/fred/anaconda3/lib/python3.11/site-packages/_pytest/fixtures.py", line 617, in _get_active_fixturedef
    fixturedef.execute(request=subrequest)
  File "/Users/fred/anaconda3/lib/python3.11/site-packages/_pytest/fixtures.py", line 1091, in execute
    result = ihook.pytest_fixture_setup(fixturedef=self, request=request)
             ^^^^^^^^^^^^^^^^^^^^^^^^^^^^^^^^^^^^^^^^^^^^^^^^^^^^^^^^^^^^
  File "/Users/fred/anaconda3/lib/python3.11/site-packages/pluggy/_hooks.py", line 513, in __call__
    return self._hookexec(self.name, self._hookimpls.copy(), kwargs, firstresult)
           ^^^^^^^^^^^^^^^^^^^^^^^^^^^^^^^^^^^^^^^^^^^^^^^^^^^^^^^^^^^^^^^^^^^^^^
  File "/Users/fred/anaconda3/lib/python3.11/site-packages/pluggy/_manager.py", line 120, in _hookexec
    return self._inner_hookexec(hook_name, methods, kwargs, firstresult)
           ^^^^^^^^^^^^^^^^^^^^^^^^^^^^^^^^^^^^^^^^^^^^^^^^^^^^^^^^^^^^^
  File "/Users/fred/anaconda3/lib/python3.11/site-packages/pluggy/_callers.py", line 182, in _multicall
    return outcome.get_result()
           ^^^^^^^^^^^^^^^^^^^^
  File "/Users/fred/anaconda3/lib/python3.11/site-packages/pluggy/_result.py", line 100, in get_result
    raise exc.with_traceback(exc.__traceback__)
  File "/Users/fred/anaconda3/lib/python3.11/site-packages/pluggy/_callers.py", line 167, in _multicall
    teardown.throw(outcome._exception)
  File "/Users/fred/anaconda3/lib/python3.11/site-packages/_pytest/setuponly.py", line 36, in pytest_fixture_setup
    return (yield)
            ^^^^^
  File "/Users/fred/anaconda3/lib/python3.11/site-packages/pluggy/_callers.py", line 103, in _multicall
    res = hook_impl.function(*args)
          ^^^^^^^^^^^^^^^^^^^^^^^^^
  File "/Users/fred/anaconda3/lib/python3.11/site-packages/_pytest/fixtures.py", line 1140, in pytest_fixture_setup
    result = call_fixture_func(fixturefunc, request, kwargs)
             ^^^^^^^^^^^^^^^^^^^^^^^^^^^^^^^^^^^^^^^^^^^^^^^
  File "/Users/fred/anaconda3/lib/python3.11/site-packages/_pytest/fixtures.py", line 898, in call_fixture_func
    fixture_result = fixturefunc(**kwargs)
                     ^^^^^^^^^^^^^^^^^^^^^
  File "/Users/fred/Documents/_play/_python/_redistricting/_gerrychain/_rustworkx_work/GerryChain/tests/test_tree.py", line 33, in graph_with_pop
    three_by_three_grid.nodes[node]["pop"] = 1
    ~~~~~~~~~~~~~~~~~~~~~~~~~~~~~~~^^^^^^^
TypeError: 'int' object does not support item assignment
_ ERROR at setup of test_uniform_spanning_tree_returns_tree_with_pop_attribute _
Traceback (most recent call last):
  File "/Users/fred/anaconda3/lib/python3.11/site-packages/_pytest/runner.py", line 341, in from_call
    result: TResult | None = func()
                             ^^^^^^
  File "/Users/fred/anaconda3/lib/python3.11/site-packages/_pytest/runner.py", line 242, in <lambda>
    lambda: runtest_hook(item=item, **kwds), when=when, reraise=reraise
            ^^^^^^^^^^^^^^^^^^^^^^^^^^^^^^^
  File "/Users/fred/anaconda3/lib/python3.11/site-packages/pluggy/_hooks.py", line 513, in __call__
    return self._hookexec(self.name, self._hookimpls.copy(), kwargs, firstresult)
           ^^^^^^^^^^^^^^^^^^^^^^^^^^^^^^^^^^^^^^^^^^^^^^^^^^^^^^^^^^^^^^^^^^^^^^
  File "/Users/fred/anaconda3/lib/python3.11/site-packages/pluggy/_manager.py", line 120, in _hookexec
    return self._inner_hookexec(hook_name, methods, kwargs, firstresult)
           ^^^^^^^^^^^^^^^^^^^^^^^^^^^^^^^^^^^^^^^^^^^^^^^^^^^^^^^^^^^^^
  File "/Users/fred/anaconda3/lib/python3.11/site-packages/pluggy/_callers.py", line 139, in _multicall
    raise exception.with_traceback(exception.__traceback__)
  File "/Users/fred/anaconda3/lib/python3.11/site-packages/pluggy/_callers.py", line 122, in _multicall
    teardown.throw(exception)  # type: ignore[union-attr]
    ^^^^^^^^^^^^^^^^^^^^^^^^^
  File "/Users/fred/anaconda3/lib/python3.11/site-packages/_pytest/unraisableexception.py", line 90, in pytest_runtest_setup
    yield from unraisable_exception_runtest_hook()
  File "/Users/fred/anaconda3/lib/python3.11/site-packages/_pytest/unraisableexception.py", line 70, in unraisable_exception_runtest_hook
    yield
  File "/Users/fred/anaconda3/lib/python3.11/site-packages/pluggy/_callers.py", line 122, in _multicall
    teardown.throw(exception)  # type: ignore[union-attr]
    ^^^^^^^^^^^^^^^^^^^^^^^^^
  File "/Users/fred/anaconda3/lib/python3.11/site-packages/_pytest/logging.py", line 840, in pytest_runtest_setup
    yield from self._runtest_for(item, "setup")
  File "/Users/fred/anaconda3/lib/python3.11/site-packages/_pytest/logging.py", line 829, in _runtest_for
    yield
  File "/Users/fred/anaconda3/lib/python3.11/site-packages/pluggy/_callers.py", line 122, in _multicall
    teardown.throw(exception)  # type: ignore[union-attr]
    ^^^^^^^^^^^^^^^^^^^^^^^^^
  File "/Users/fred/anaconda3/lib/python3.11/site-packages/_pytest/capture.py", line 893, in pytest_runtest_setup
    return (yield)
            ^^^^^
  File "/Users/fred/anaconda3/lib/python3.11/site-packages/pluggy/_callers.py", line 122, in _multicall
    teardown.throw(exception)  # type: ignore[union-attr]
    ^^^^^^^^^^^^^^^^^^^^^^^^^
  File "/Users/fred/anaconda3/lib/python3.11/site-packages/_pytest/threadexception.py", line 87, in pytest_runtest_setup
    yield from thread_exception_runtest_hook()
  File "/Users/fred/anaconda3/lib/python3.11/site-packages/_pytest/threadexception.py", line 68, in thread_exception_runtest_hook
    yield
  File "/Users/fred/anaconda3/lib/python3.11/site-packages/pluggy/_callers.py", line 103, in _multicall
    res = hook_impl.function(*args)
          ^^^^^^^^^^^^^^^^^^^^^^^^^
  File "/Users/fred/anaconda3/lib/python3.11/site-packages/_pytest/runner.py", line 160, in pytest_runtest_setup
    item.session._setupstate.setup(item)
  File "/Users/fred/anaconda3/lib/python3.11/site-packages/_pytest/runner.py", line 514, in setup
    col.setup()
  File "/Users/fred/anaconda3/lib/python3.11/site-packages/_pytest/python.py", line 1630, in setup
    self._request._fillfixtures()
  File "/Users/fred/anaconda3/lib/python3.11/site-packages/_pytest/fixtures.py", line 697, in _fillfixtures
    item.funcargs[argname] = self.getfixturevalue(argname)
                             ^^^^^^^^^^^^^^^^^^^^^^^^^^^^^
  File "/Users/fred/anaconda3/lib/python3.11/site-packages/_pytest/fixtures.py", line 532, in getfixturevalue
    fixturedef = self._get_active_fixturedef(argname)
                 ^^^^^^^^^^^^^^^^^^^^^^^^^^^^^^^^^^^^
  File "/Users/fred/anaconda3/lib/python3.11/site-packages/_pytest/fixtures.py", line 617, in _get_active_fixturedef
    fixturedef.execute(request=subrequest)
  File "/Users/fred/anaconda3/lib/python3.11/site-packages/_pytest/fixtures.py", line 1091, in execute
    result = ihook.pytest_fixture_setup(fixturedef=self, request=request)
             ^^^^^^^^^^^^^^^^^^^^^^^^^^^^^^^^^^^^^^^^^^^^^^^^^^^^^^^^^^^^
  File "/Users/fred/anaconda3/lib/python3.11/site-packages/pluggy/_hooks.py", line 513, in __call__
    return self._hookexec(self.name, self._hookimpls.copy(), kwargs, firstresult)
           ^^^^^^^^^^^^^^^^^^^^^^^^^^^^^^^^^^^^^^^^^^^^^^^^^^^^^^^^^^^^^^^^^^^^^^
  File "/Users/fred/anaconda3/lib/python3.11/site-packages/pluggy/_manager.py", line 120, in _hookexec
    return self._inner_hookexec(hook_name, methods, kwargs, firstresult)
           ^^^^^^^^^^^^^^^^^^^^^^^^^^^^^^^^^^^^^^^^^^^^^^^^^^^^^^^^^^^^^
  File "/Users/fred/anaconda3/lib/python3.11/site-packages/pluggy/_callers.py", line 182, in _multicall
    return outcome.get_result()
           ^^^^^^^^^^^^^^^^^^^^
  File "/Users/fred/anaconda3/lib/python3.11/site-packages/pluggy/_result.py", line 100, in get_result
    raise exc.with_traceback(exc.__traceback__)
  File "/Users/fred/anaconda3/lib/python3.11/site-packages/pluggy/_callers.py", line 167, in _multicall
    teardown.throw(outcome._exception)
  File "/Users/fred/anaconda3/lib/python3.11/site-packages/_pytest/setuponly.py", line 36, in pytest_fixture_setup
    return (yield)
            ^^^^^
  File "/Users/fred/anaconda3/lib/python3.11/site-packages/pluggy/_callers.py", line 103, in _multicall
    res = hook_impl.function(*args)
          ^^^^^^^^^^^^^^^^^^^^^^^^^
[...]
    yield
  File "/Users/fred/anaconda3/lib/python3.11/site-packages/pluggy/_callers.py", line 167, in _multicall
    teardown.throw(outcome._exception)
  File "/Users/fred/anaconda3/lib/python3.11/site-packages/_pytest/capture.py", line 898, in pytest_runtest_call
    return (yield)
            ^^^^^
  File "/Users/fred/anaconda3/lib/python3.11/site-packages/pluggy/_callers.py", line 167, in _multicall
    teardown.throw(outcome._exception)
  File "/Users/fred/anaconda3/lib/python3.11/site-packages/_pytest/skipping.py", line 257, in pytest_runtest_call
    return (yield)
            ^^^^^
  File "/Users/fred/anaconda3/lib/python3.11/site-packages/pluggy/_callers.py", line 103, in _multicall
    res = hook_impl.function(*args)
          ^^^^^^^^^^^^^^^^^^^^^^^^^
  File "/Users/fred/anaconda3/lib/python3.11/site-packages/_pytest/runner.py", line 174, in pytest_runtest_call
    item.runtest()
  File "/Users/fred/anaconda3/lib/python3.11/site-packages/_pytest/python.py", line 1627, in runtest
    self.ihook.pytest_pyfunc_call(pyfuncitem=self)
  File "/Users/fred/anaconda3/lib/python3.11/site-packages/pluggy/_hooks.py", line 513, in __call__
    return self._hookexec(self.name, self._hookimpls.copy(), kwargs, firstresult)
           ^^^^^^^^^^^^^^^^^^^^^^^^^^^^^^^^^^^^^^^^^^^^^^^^^^^^^^^^^^^^^^^^^^^^^^
  File "/Users/fred/anaconda3/lib/python3.11/site-packages/pluggy/_manager.py", line 120, in _hookexec
    return self._inner_hookexec(hook_name, methods, kwargs, firstresult)
           ^^^^^^^^^^^^^^^^^^^^^^^^^^^^^^^^^^^^^^^^^^^^^^^^^^^^^^^^^^^^^
  File "/Users/fred/anaconda3/lib/python3.11/site-packages/pluggy/_callers.py", line 139, in _multicall
    raise exception.with_traceback(exception.__traceback__)
  File "/Users/fred/anaconda3/lib/python3.11/site-packages/pluggy/_callers.py", line 103, in _multicall
    res = hook_impl.function(*args)
          ^^^^^^^^^^^^^^^^^^^^^^^^^
  File "/Users/fred/anaconda3/lib/python3.11/site-packages/_pytest/python.py", line 159, in pytest_pyfunc_call
    result = testfunction(**testargs)
             ^^^^^^^^^^^^^^^^^^^^^^^^
  File "/Users/fred/Documents/_play/_python/_redistricting/_gerrychain/_rustworkx_work/GerryChain/tests/updaters/test_updaters.py", line 244, in test_perimeter
    graph.nodes[i]["boundary_node"] = True
    ~~~~~~~~~~~~~~^^^^^^^^^^^^^^^^^
TypeError: 'int' object does not support item assignment
=============================== warnings summary ===============================
../../../../../../../anaconda3/lib/python3.11/site-packages/_pytest/config/__init__.py:1441
  /Users/fred/anaconda3/lib/python3.11/site-packages/_pytest/config/__init__.py:1441: PytestConfigWarning: Unknown config option: env
  
    self._warn_or_fail_if_strict(f"Unknown config option: {key}\n")

tests/frm_tests/test_frm_make_graph.py::test_graph_raises_if_crs_is_missing_when_reprojecting
tests/test_make_graph.py::test_graph_raises_if_crs_is_missing_when_reprojecting
  /Users/fred/anaconda3/lib/python3.11/site-packages/pandas/core/generic.py:6313: DeprecationWarning: Overriding the CRS of a GeoDataFrame that already has CRS. This unsafe behavior will be deprecated in future versions. Use GeoDataFrame.set_crs method instead
    return object.__setattr__(self, name, value)

-- Docs: https://docs.pytest.org/en/stable/how-to/capture-warnings.html
================================ tests coverage ================================
_______________ coverage: platform darwin, python 3.11.5-final-0 _______________

Name                                           Stmts   Miss  Cover   Missing
----------------------------------------------------------------------------
gerrychain/__init__.py                            18      3    83%   19-25
gerrychain/accept.py                               9      4    56%   30-35
gerrychain/chain.py                               56     14    75%   85-94, 112, 133-150, 219-221
gerrychain/constraints/__init__.py                 5      0   100%
gerrychain/constraints/bounds.py                  81     20    75%   32, 35, 119-121, 125, 128, 162, 165, 193-196, 199-204, 208, 211
gerrychain/constraints/compactness.py             13      4    69%   19, 33, 47, 61
gerrychain/constraints/contiguity.py              90     30    67%   50-76, 122, 137, 146-151, 172, 244-245, 294
gerrychain/constraints/validity.py                53     10    81%   59-60, 145, 166-173, 187
gerrychain/graph/__init__.py                       3      0   100%
gerrychain/graph/adjacency.py                     38     27    29%   18-24, 38-44, 59-69, 83-87, 101-112, 127-129, 147
gerrychain/graph/geo.py                           24     15    38%   20, 28-32, 47-49, 63-68, 85-86
gerrychain/graph/graph.py                        455    148    67%   135-138, 230, 235, 257-260, 277-288, 293, 298, 309, 323, 336, 349, 382, 395, 460, 463-471, 474-482, 486, 490, 506, 551, 569-577, 657, 842, 852, 865, 875, 887, 890, 913, 916, 933, 987-995, 1041-1062, 1114-1173, 1188, 1193, 1198, 1216-1227, 1255-1284, 1304, 1329-1344, 1353-1355, 1371-1379, 1395-1403, 1472, 1491
gerrychain/grid.py                                77     18    77%   138-142, 145-146, 149-152, 163-164, 184, 236-238, 299, 319-320
gerrychain/meta/__init__.py                        2      0   100%
gerrychain/meta/diversity.py                      28      0   100%
gerrychain/metagraph.py                           20      1    95%   109
gerrychain/metrics/__init__.py                     3      0   100%
gerrychain/metrics/compactness.py                  9      1    89%   35
gerrychain/metrics/partisan.py                    40      0   100%
gerrychain/optimization/__init__.py                3      0   100%
gerrychain/optimization/gingleator.py             55      0   100%
gerrychain/optimization/optimization.py          189     10    95%   91, 145, 177, 315, 317, 327, 329, 367, 369, 570
gerrychain/partition/__init__.py                   3      0   100%
gerrychain/partition/assignment.py                72      3    96%   46, 187, 198
gerrychain/partition/geographic.py                 4      0   100%
gerrychain/partition/partition.py                102     16    84%   82, 163, 172, 188, 322-337, 382-384
gerrychain/partition/subgraphs.py                 20      3    85%   60-61, 68
gerrychain/proposals/__init__.py                   4      0   100%
gerrychain/proposals/proposals.py                 44      1    98%   90
gerrychain/proposals/spectral_proposals.py        27     14    48%   33-109, 163
gerrychain/proposals/tree_proposals.py            81     43    47%   157-158, 163, 215-327, 364-367, 370, 379
gerrychain/tree.py                               443    169    62%   198, 220-265, 375, 387-390, 811, 895, 941, 1119, 1141, 1222-1250, 1340-1360, 1436-1454, 1496, 1521, 1535, 1547, 1638-1639, 1642, 1651, 1672, 1688, 1700, 1749-1868, 1989-2128, 2196-2211
gerrychain/updaters/__init__.py                    8      0   100%
gerrychain/updaters/compactness.py                45     28    38%   19-21, 38-41, 67-68, 80-86, 110-121, 133, 169-179, 192, 212-215, 226
gerrychain/updaters/county_splits.py              52     28    46%   51-54, 81-117, 137
gerrychain/updaters/cut_edges.py                  25      0   100%
gerrychain/updaters/election.py                   90     21    77%   102, 112, 117, 122, 139-148, 160-167, 262, 274, 289, 317-319, 355
gerrychain/updaters/flows.py                      71      0   100%
gerrychain/updaters/locality_split_scores.py     164    150     9%   114-136, 140-207, 221-224, 237-263, 277-286, 299-329, 342-372, 389-427, 441-447
gerrychain/updaters/spanning_trees.py             11      2    82%   33-34
gerrychain/updaters/tally.py                      69      5    93%   39-41, 48, 135
----------------------------------------------------------------------------
TOTAL                                           2606    788    70%
============================= slowest 20 durations =============================
33.15s call     tests/optimization/test_single_metric.py::test_single_metric_sa_finds_hard_max
16.90s call     tests/optimization/test_single_metric.py::test_single_metric_tilted_runs_finds_hard_max
16.30s call     tests/optimization/test_single_metric.py::test_single_metric_sb_finds_hard_max
7.48s call     tests/optimization/test_gingleator.py::test_gingleator_finds_best_partition
5.84s call     tests/test_region_aware.py::test_region_aware_muni_warning
1.62s call     tests/optimization/test_single_metric.py::test_single_metric_tilted_runs_attains_min_quickly_with_p_eq_0p1
0.34s call     tests/optimization/test_single_metric.py::test_single_metric_sa_linear_jumpcycle_attains_min_quickly
0.33s call     tests/optimization/test_single_metric.py::test_single_metric_sa_logit_jumpcycle_attains_min_quickly
0.32s call     tests/optimization/test_single_metric.py::test_single_metric_sa_jumpcycle_attains_min_quickly
0.31s call     tests/optimization/test_single_metric.py::test_single_metric_sa_lincycle_attains_min_quickly
0.31s call     tests/optimization/test_single_metric.py::test_single_metric_sa_logitcycle_attains_min_quickly
0.27s call     tests/optimization/test_single_metric.py::test_single_metric_tilted_sb_attains_min_quickly
0.26s call     tests/optimization/test_single_metric.py::test_single_metric_sb_attains_min_quickly
0.18s call     tests/optimization/test_single_metric.py::test_single_metric_variable_len_sb_attains_min_quickly
0.12s setup    tests/frm_tests/test_frm_make_graph.py::test_from_file_adds_all_data_by_default
0.02s call     tests/updaters/test_spanning_trees.py::test_get_num_spanning_trees
0.02s call     tests/test_region_aware.py::test_region_aware_muni_errors
0.01s setup    tests/frm_tests/test_frm_make_graph.py::test_make_graph_from_dataframe_creates_graph
0.01s call     tests/optimization/test_gingleator.py::test_ginglator_needs_min_perc_or_min_pop_col
0.01s call     tests/optimization/test_gingleator.py::test_ginglator_warns_if_min_perc_and_min_pop_col_set
=========================== short test summary info ============================
FAILED tests/constraints/test_contiguity.py::test_contiguous_components - Att...
FAILED tests/constraints/test_validity.py::test_contiguous_with_contiguity_flips_is_true
FAILED tests/constraints/test_validity.py::test_discontiguous_with_contiguous_no_flips_is_false
FAILED tests/constraints/test_validity.py::test_discontiguous_with_single_flip_contiguous_no_flips_is_false
FAILED tests/constraints/test_validity.py::test_discontiguous_with_contiguous_flips_is_false
FAILED tests/frm_tests/test_frm_make_graph.py::test_add_data_to_graph_can_handle_column_names_that_start_with_numbers
FAILED tests/frm_tests/test_frm_make_graph.py::test_join_can_handle_right_index
FAILED tests/frm_tests/test_frm_make_graph.py::test_make_graph_from_dataframe_creates_graph
FAILED tests/frm_tests/test_frm_make_graph.py::test_make_graph_from_dataframe_preserves_df_index
FAILED tests/frm_tests/test_frm_make_graph.py::test_make_graph_from_dataframe_gives_correct_graph
FAILED tests/frm_tests/test_frm_make_graph.py::test_make_graph_works_with_queen_adjacency
FAILED tests/frm_tests/test_frm_make_graph.py::test_can_pass_queen_or_rook_strings_to_control_adjacency
FAILED tests/frm_tests/test_frm_make_graph.py::test_can_insist_on_not_reprojecting
FAILED tests/frm_tests/test_frm_make_graph.py::test_does_not_reproject_by_default
FAILED tests/frm_tests/test_frm_make_graph.py::test_reproject - TypeError: Gr...
FAILED tests/frm_tests/test_frm_make_graph.py::test_identifies_boundary_nodes
FAILED tests/frm_tests/test_frm_make_graph.py::test_computes_boundary_perims
FAILED tests/frm_tests/test_frm_make_graph.py::test_from_file_adds_all_data_by_default
FAILED tests/frm_tests/test_frm_make_graph.py::test_from_file_and_then_to_json_does_not_error
FAILED tests/frm_tests/test_frm_make_graph.py::test_from_file_and_then_to_json_with_geometries
FAILED tests/frm_tests/test_frm_make_graph.py::test_graph_warns_for_islands
FAILED tests/frm_tests/test_frm_make_graph.py::test_graph_raises_if_crs_is_missing_when_reprojecting
FAILED tests/frm_tests/test_frm_make_graph.py::test_raises_geometry_error_if_invalid_geometry
FAILED tests/frm_tests/test_frm_make_graph.py::test_can_ignore_errors_while_making_graph
FAILED tests/frm_tests/test_frm_make_graph.py::test_data_and_geometry - TypeE...
FAILED tests/frm_tests/test_frm_make_graph.py::test_make_graph_from_dataframe_has_crs
FAILED tests/frm_tests/test_frm_make_graph.py::test_make_graph_from_shapefile_has_crs
FAILED tests/optimization/test_single_metric.py::test_single_metric_sb_finds_hard_max
FAILED tests/partition/test_partition.py::test_Partition_has_subgraphs - asse...
FAILED tests/partition/test_partition.py::test_can_be_created_from_a_districtr_file
FAILED tests/partition/test_plotting.py::TestPartitionPlotting::test_uses_graph_geometries_by_default
FAILED tests/test_make_graph.py::test_add_data_to_graph_can_handle_column_names_that_start_with_numbers
FAILED tests/test_make_graph.py::test_join_can_handle_right_index - TypeError...
FAILED tests/test_make_graph.py::test_make_graph_from_dataframe_creates_graph
FAILED tests/test_make_graph.py::test_make_graph_from_dataframe_preserves_df_index
FAILED tests/test_make_graph.py::test_make_graph_from_dataframe_gives_correct_graph
FAILED tests/test_make_graph.py::test_make_graph_works_with_queen_adjacency
FAILED tests/test_make_graph.py::test_can_pass_queen_or_rook_strings_to_control_adjacency
FAILED tests/test_make_graph.py::test_can_insist_on_not_reprojecting - TypeEr...
FAILED tests/test_make_graph.py::test_does_not_reproject_by_default - TypeErr...
FAILED tests/test_make_graph.py::test_reproject - TypeError: Graph.from_geoda...
FAILED tests/test_make_graph.py::test_identifies_boundary_nodes - TypeError: ...
FAILED tests/test_make_graph.py::test_computes_boundary_perims - TypeError: G...
FAILED tests/test_make_graph.py::test_from_file_adds_all_data_by_default - Ty...
FAILED tests/test_make_graph.py::test_from_file_and_then_to_json_does_not_error
FAILED tests/test_make_graph.py::test_from_file_and_then_to_json_with_geometries
FAILED tests/test_make_graph.py::test_graph_warns_for_islands - Exception: Gr...
FAILED tests/test_make_graph.py::test_graph_raises_if_crs_is_missing_when_reprojecting
FAILED tests/test_make_graph.py::test_raises_geometry_error_if_invalid_geometry
FAILED tests/test_make_graph.py::test_can_ignore_errors_while_making_graph - ...
FAILED tests/test_make_graph.py::test_data_and_geometry - TypeError: Graph.fr...
FAILED tests/test_make_graph.py::test_make_graph_from_dataframe_has_crs - Typ...
FAILED tests/test_make_graph.py::test_make_graph_from_shapefile_has_crs - Typ...
FAILED tests/test_metagraph.py::test_all_cut_edge_flips - assert {(2, 2), (4,...
FAILED tests/test_metagraph.py::test_all_valid_flips - assert {(2, 2), (4, .....
FAILED tests/test_proposals.py::test_proposal_returns_a_partition[spectral_recom]
FAILED tests/test_region_aware.py::test_region_aware_muni_warning - RuntimeEr...
FAILED tests/test_tally.py::test_data_tally_mimics_old_tally_usage - TypeErro...
FAILED tests/test_tally.py::test_tally_matches_naive_tally_at_every_step - Ke...
FAILED tests/test_tally.py::test_works_when_no_flips_occur - TypeError: Graph...
FAILED tests/test_tree.py::test_recursive_tree_part_returns_within_epsilon_of_target_pop
FAILED tests/test_tree.py::test_recursive_tree_part_returns_within_epsilon_of_target_pop_using_contraction
FAILED tests/test_tree.py::test_recursive_seed_part_returns_within_epsilon_of_target_pop
FAILED tests/test_tree.py::test_recursive_seed_part_returns_within_epsilon_of_target_pop_using_contraction
FAILED tests/test_tree.py::test_recursive_seed_part_uses_method - TypeError: ...
FAILED tests/test_tree.py::test_recursive_seed_part_with_n_unspecified_within_epsilon
FAILED tests/updaters/test_cut_edges.py::test_cut_edges_can_handle_multiple_flips
FAILED tests/updaters/test_cut_edges.py::test_cut_edges_by_part_gives_same_total_edges_as_naive_method
FAILED tests/updaters/test_cut_edges.py::test_implementation_of_cut_edges_matches_naive_method
FAILED tests/updaters/test_cut_edges.py::test_cut_edges_matches_naive_cut_edges_at_every_step[propose_random_flip-1000]
FAILED tests/updaters/test_cut_edges.py::test_cut_edges_matches_naive_cut_edges_at_every_step[proposal1-10]
FAILED tests/updaters/test_perimeters.py::test_perimeter_handles_flips_with_a_simple_grid
FAILED tests/updaters/test_perimeters.py::test_interior_perimeter_handles_flips_with_a_simple_grid
FAILED tests/updaters/test_perimeters.py::test_cut_edges_by_part_handles_flips_with_a_simple_grid
FAILED tests/updaters/test_perimeters.py::test_cut_edges_by_part_agrees_with_cut_edges_on_a_simple_grid
FAILED tests/updaters/test_perimeters.py::test_tally_handles_flips_for_a_simple_grid
FAILED tests/updaters/test_perimeters.py::test_perimeter_match_naive_perimeter_at_every_step
FAILED tests/updaters/test_spanning_trees.py::test_get_num_spanning_trees - A...
FAILED tests/updaters/test_updaters.py::test_vote_proportion_returns_nan_if_total_votes_is_zero
FAILED tests/updaters/test_updaters.py::test_exterior_boundaries_as_a_set - T...
FAILED tests/updaters/test_updaters.py::test_exterior_boundaries - TypeError:...
FAILED tests/updaters/test_updaters.py::test_perimeter - TypeError: 'int' obj...
ERROR tests/partition/test_partition.py::test_geographic_partition_can_be_instantiated
ERROR tests/partition/test_partition.py::test_geographic_partition_has_keys
ERROR tests/partition/test_partition.py::test_geographic_partition_has_default_updaters
ERROR tests/partition/test_plotting.py::TestPartitionPlotting::test_can_plot
ERROR tests/partition/test_plotting.py::TestPartitionPlotting::test_raises_typeerror_for_mismatched_indices
ERROR tests/partition/test_plotting.py::TestPartitionPlotting::test_can_plot_using_geoseries
ERROR tests/partition/test_plotting.py::TestPartitionPlotting::test_can_pass_kwargs_to_plot
ERROR tests/partition/test_plotting.py::TestPartitionPlotting::test_calls_with_column_as_a_string
ERROR tests/test_tree.py::test_bipartition_tree_returns_a_subset_of_nodes - T...
ERROR tests/test_tree.py::test_bipartition_tree_returns_within_epsilon_of_target_pop
ERROR tests/test_tree.py::test_random_spanning_tree_returns_tree_with_pop_attribute
ERROR tests/test_tree.py::test_uniform_spanning_tree_returns_tree_with_pop_attribute
ERROR tests/test_tree.py::test_bipartition_tree_returns_a_tree - TypeError: '...
ERROR tests/test_tree.py::test_recom_works_as_a_proposal - TypeError: 'int' o...
ERROR tests/test_tree.py::test_reversible_recom_works_as_a_proposal - TypeErr...
ERROR tests/test_tree.py::test_bipartition_tree_random_returns_a_subset_of_nodes
ERROR tests/test_tree.py::test_bipartition_tree_random_returns_within_epsilon_of_target_pop
ERROR tests/updaters/test_split_scores.py::TestSplittingScores::test_not_split
ERROR tests/updaters/test_split_scores.py::TestSplittingScores::test_is_split
ERROR tests/updaters/test_splits.py::TestComputeCountySplits::test_describes_splits_for_all_counties
ERROR tests/updaters/test_splits.py::TestComputeCountySplits::test_no_splits
ERROR tests/updaters/test_splits.py::TestComputeCountySplits::test_new_split
ERROR tests/updaters/test_splits.py::TestComputeCountySplits::test_initial_split
ERROR tests/updaters/test_splits.py::TestComputeCountySplits::test_old_split
ERROR tests/updaters/test_updaters.py::test_tally_multiple_columns - TypeErro...
ERROR tests/updaters/test_updaters.py::test_vote_totals_are_nonnegative - Typ...
ERROR tests/updaters/test_updaters.py::test_vote_proportion_updater_returns_percentage_or_nan
ERROR tests/updaters/test_updaters.py::test_vote_proportion_updater_returns_percentage_or_nan_on_later_steps
ERROR tests/updaters/test_updaters.py::test_vote_proportion_field_has_key_for_each_district
ERROR tests/updaters/test_updaters.py::test_vote_proportions_sum_to_one - Typ...
ERROR tests/updaters/test_updaters.py::test_elections_match_the_naive_computation
= 82 failed, 119 passed, 6 skipped, 2 xfailed, 3 warnings, 31 errors in 85.13s (0:01:25) =
