============================= test session starts ==============================
platform darwin -- Python 3.11.5, pytest-8.3.5, pluggy-1.5.0
rootdir: /Users/fred/Documents/_play/_python/_redistricting/_gerrychain/_rustworkx_work/GerryChain
configfile: setup.cfg
plugins: anyio-4.6.2, cov-6.1.1
collected 241 items

tests/constraints/test_bounds.py ...........                             [  4%]
tests/constraints/test_contiguity.py F                                   [  4%]
tests/constraints/test_validity.py .FFF.Fx........                       [ 11%]
tests/frm_tests/test_frm_make_graph.py ......................            [ 20%]
tests/frm_tests/test_frm_nx_rx_graph.py ........                         [ 23%]
tests/frm_tests/test_frm_regression.py .                                 [ 24%]
tests/frm_tests/test_frm_sanity.py .                                     [ 24%]
tests/meta/test_diversity.py ....                                        [ 26%]
tests/metrics/test_compactness.py .                                      [ 26%]
tests/metrics/test_partisan.py .......                                   [ 29%]
tests/optimization/test_gingleator.py ........                           [ 32%]
tests/optimization/test_single_metric.py .........F..                    [ 37%]
tests/partition/test_assignment.py ..............                        [ 43%]
tests/partition/test_partition.py ........F..F......                     [ 51%]
tests/partition/test_plotting.py .....F                                  [ 53%]
tests/test_chain.py ....                                                 [ 55%]
tests/test_laplacian.py .                                                [ 55%]
tests/test_make_graph.py ......................                          [ 64%]
tests/test_metagraph.py F..F                                             [ 66%]
tests/test_proposals.py ......F                                          [ 69%]
tests/test_region_aware.py s.ssFs                                        [ 71%]
tests/test_reproducibility.py ss                                         [ 72%]
tests/test_tally.py ..FFF                                                [ 74%]
tests/test_tree.py F........F..F.....FF                                  [ 82%]
tests/updaters/test_cut_edges.py .F.FFFF                                 [ 85%]
tests/updaters/test_election.py ......                                   [ 88%]
tests/updaters/test_perimeters.py FFFFFF                                 [ 90%]
tests/updaters/test_spanning_trees.py F                                  [ 91%]
tests/updaters/test_split_scores.py FF                                   [ 92%]
tests/updaters/test_splits.py .FF..x                                     [ 94%]
tests/updaters/test_updaters.py ..........F.F                            [100%]

=================================== FAILURES ===================================
__________________________ test_contiguous_components __________________________
Traceback (most recent call last):
  File "/Users/fred/Documents/_play/_python/_redistricting/_gerrychain/_rustworkx_work/GerryChain/gerrychain/graph/graph.py", line 1832, in __getattribute__
    return object.__getattribute__(self, __name)
           ^^^^^^^^^^^^^^^^^^^^^^^^^^^^^^^^^^^^^
AttributeError: 'FrozenGraph' object has no attribute '_adj'

During handling of the above exception, another exception occurred:

Traceback (most recent call last):
  File "/Users/fred/anaconda3/lib/python3.11/site-packages/_pytest/runner.py", line 341, in from_call
    result: TResult | None = func()
                             ^^^^^^
  File "/Users/fred/anaconda3/lib/python3.11/site-packages/_pytest/runner.py", line 242, in <lambda>
    lambda: runtest_hook(item=item, **kwds), when=when, reraise=reraise
            ^^^^^^^^^^^^^^^^^^^^^^^^^^^^^^^
  File "/Users/fred/anaconda3/lib/python3.11/site-packages/pluggy/_hooks.py", line 513, in __call__
    return self._hookexec(self.name, self._hookimpls.copy(), kwargs, firstresult)
           ^^^^^^^^^^^^^^^^^^^^^^^^^^^^^^^^^^^^^^^^^^^^^^^^^^^^^^^^^^^^^^^^^^^^^^
  File "/Users/fred/anaconda3/lib/python3.11/site-packages/pluggy/_manager.py", line 120, in _hookexec
    return self._inner_hookexec(hook_name, methods, kwargs, firstresult)
           ^^^^^^^^^^^^^^^^^^^^^^^^^^^^^^^^^^^^^^^^^^^^^^^^^^^^^^^^^^^^^
  File "/Users/fred/anaconda3/lib/python3.11/site-packages/pluggy/_callers.py", line 182, in _multicall
    return outcome.get_result()
           ^^^^^^^^^^^^^^^^^^^^
  File "/Users/fred/anaconda3/lib/python3.11/site-packages/pluggy/_result.py", line 100, in get_result
    raise exc.with_traceback(exc.__traceback__)
  File "/Users/fred/anaconda3/lib/python3.11/site-packages/pluggy/_callers.py", line 167, in _multicall
    teardown.throw(outcome._exception)
  File "/Users/fred/anaconda3/lib/python3.11/site-packages/_pytest/threadexception.py", line 92, in pytest_runtest_call
    yield from thread_exception_runtest_hook()
  File "/Users/fred/anaconda3/lib/python3.11/site-packages/_pytest/threadexception.py", line 68, in thread_exception_runtest_hook
    yield
  File "/Users/fred/anaconda3/lib/python3.11/site-packages/pluggy/_callers.py", line 167, in _multicall
    teardown.throw(outcome._exception)
  File "/Users/fred/anaconda3/lib/python3.11/site-packages/_pytest/unraisableexception.py", line 95, in pytest_runtest_call
    yield from unraisable_exception_runtest_hook()
  File "/Users/fred/anaconda3/lib/python3.11/site-packages/_pytest/unraisableexception.py", line 70, in unraisable_exception_runtest_hook
    yield
  File "/Users/fred/anaconda3/lib/python3.11/site-packages/pluggy/_callers.py", line 167, in _multicall
    teardown.throw(outcome._exception)
  File "/Users/fred/anaconda3/lib/python3.11/site-packages/_pytest/logging.py", line 846, in pytest_runtest_call
    yield from self._runtest_for(item, "call")
  File "/Users/fred/anaconda3/lib/python3.11/site-packages/_pytest/logging.py", line 829, in _runtest_for
    yield
  File "/Users/fred/anaconda3/lib/python3.11/site-packages/pluggy/_callers.py", line 167, in _multicall
    teardown.throw(outcome._exception)
  File "/Users/fred/anaconda3/lib/python3.11/site-packages/_pytest/capture.py", line 898, in pytest_runtest_call
    return (yield)
            ^^^^^
  File "/Users/fred/anaconda3/lib/python3.11/site-packages/pluggy/_callers.py", line 167, in _multicall
    teardown.throw(outcome._exception)
  File "/Users/fred/anaconda3/lib/python3.11/site-packages/_pytest/skipping.py", line 257, in pytest_runtest_call
    return (yield)
            ^^^^^
  File "/Users/fred/anaconda3/lib/python3.11/site-packages/pluggy/_callers.py", line 103, in _multicall
    res = hook_impl.function(*args)
          ^^^^^^^^^^^^^^^^^^^^^^^^^
  File "/Users/fred/anaconda3/lib/python3.11/site-packages/_pytest/runner.py", line 174, in pytest_runtest_call
    item.runtest()
  File "/Users/fred/anaconda3/lib/python3.11/site-packages/_pytest/python.py", line 1627, in runtest
    self.ihook.pytest_pyfunc_call(pyfuncitem=self)
  File "/Users/fred/anaconda3/lib/python3.11/site-packages/pluggy/_hooks.py", line 513, in __call__
    return self._hookexec(self.name, self._hookimpls.copy(), kwargs, firstresult)
           ^^^^^^^^^^^^^^^^^^^^^^^^^^^^^^^^^^^^^^^^^^^^^^^^^^^^^^^^^^^^^^^^^^^^^^
  File "/Users/fred/anaconda3/lib/python3.11/site-packages/pluggy/_manager.py", line 120, in _hookexec
    return self._inner_hookexec(hook_name, methods, kwargs, firstresult)
           ^^^^^^^^^^^^^^^^^^^^^^^^^^^^^^^^^^^^^^^^^^^^^^^^^^^^^^^^^^^^^
  File "/Users/fred/anaconda3/lib/python3.11/site-packages/pluggy/_callers.py", line 139, in _multicall
    raise exception.with_traceback(exception.__traceback__)
  File "/Users/fred/anaconda3/lib/python3.11/site-packages/pluggy/_callers.py", line 103, in _multicall
    res = hook_impl.function(*args)
          ^^^^^^^^^^^^^^^^^^^^^^^^^
  File "/Users/fred/anaconda3/lib/python3.11/site-packages/_pytest/python.py", line 159, in pytest_pyfunc_call
    result = testfunction(**testargs)
             ^^^^^^^^^^^^^^^^^^^^^^^^
  File "/Users/fred/Documents/_play/_python/_redistricting/_gerrychain/_rustworkx_work/GerryChain/tests/constraints/test_contiguity.py", line 8, in test_contiguous_components
    components = contiguous_components(partition)
                 ^^^^^^^^^^^^^^^^^^^^^^^^^^^^^^^^
  File "/Users/fred/Documents/_play/_python/_redistricting/_gerrychain/_rustworkx_work/GerryChain/gerrychain/constraints/contiguity.py", line 269, in contiguous_components
    return {
           ^
  File "/Users/fred/Documents/_play/_python/_redistricting/_gerrychain/_rustworkx_work/GerryChain/gerrychain/constraints/contiguity.py", line 270, in <dictcomp>
    part: [subgraph.subgraph(nodes) for nodes in nx.connected_components(subgraph)]
          ^^^^^^^^^^^^^^^^^^^^^^^^^^^^^^^^^^^^^^^^^^^^^^^^^^^^^^^^^^^^^^^^^^^^^^^^^
  File "/Users/fred/Documents/_play/_python/_redistricting/_gerrychain/_rustworkx_work/GerryChain/gerrychain/constraints/contiguity.py", line 270, in <listcomp>
    part: [subgraph.subgraph(nodes) for nodes in nx.connected_components(subgraph)]
          ^^^^^^^^^^^^^^^^^^^^^^^^^^^^^^^^^^^^^^^^^^^^^^^^^^^^^^^^^^^^^^^^^^^^^^^^^
  File "/Users/fred/anaconda3/lib/python3.11/site-packages/networkx/algorithms/components/connected.py", line 68, in connected_components
    c = _plain_bfs(G, n, v)
        ^^^^^^^^^^^^^^^^^^^
  File "/Users/fred/anaconda3/lib/python3.11/site-packages/networkx/algorithms/components/connected.py", line 203, in _plain_bfs
    adj = G._adj
          ^^^^^^
  File "/Users/fred/Documents/_play/_python/_redistricting/_gerrychain/_rustworkx_work/GerryChain/gerrychain/graph/graph.py", line 1835, in __getattribute__
    return self.graph.__getattribute__(__name)
           ^^^^^^^^^^^^^^^^^^^^^^^^^^^^^^^^^^^
AttributeError: 'Graph' object has no attribute '_adj'
________________ test_contiguous_with_contiguity_flips_is_true _________________
Traceback (most recent call last):
  File "/Users/fred/Documents/_play/_python/_redistricting/_gerrychain/_rustworkx_work/GerryChain/gerrychain/graph/graph.py", line 1832, in __getattribute__
    return object.__getattribute__(self, __name)
           ^^^^^^^^^^^^^^^^^^^^^^^^^^^^^^^^^^^^^
AttributeError: 'FrozenGraph' object has no attribute '_adj'

During handling of the above exception, another exception occurred:

Traceback (most recent call last):
  File "/Users/fred/anaconda3/lib/python3.11/site-packages/_pytest/runner.py", line 341, in from_call
    result: TResult | None = func()
                             ^^^^^^
  File "/Users/fred/anaconda3/lib/python3.11/site-packages/_pytest/runner.py", line 242, in <lambda>
    lambda: runtest_hook(item=item, **kwds), when=when, reraise=reraise
            ^^^^^^^^^^^^^^^^^^^^^^^^^^^^^^^
  File "/Users/fred/anaconda3/lib/python3.11/site-packages/pluggy/_hooks.py", line 513, in __call__
    return self._hookexec(self.name, self._hookimpls.copy(), kwargs, firstresult)
           ^^^^^^^^^^^^^^^^^^^^^^^^^^^^^^^^^^^^^^^^^^^^^^^^^^^^^^^^^^^^^^^^^^^^^^
  File "/Users/fred/anaconda3/lib/python3.11/site-packages/pluggy/_manager.py", line 120, in _hookexec
    return self._inner_hookexec(hook_name, methods, kwargs, firstresult)
           ^^^^^^^^^^^^^^^^^^^^^^^^^^^^^^^^^^^^^^^^^^^^^^^^^^^^^^^^^^^^^
  File "/Users/fred/anaconda3/lib/python3.11/site-packages/pluggy/_callers.py", line 182, in _multicall
    return outcome.get_result()
           ^^^^^^^^^^^^^^^^^^^^
  File "/Users/fred/anaconda3/lib/python3.11/site-packages/pluggy/_result.py", line 100, in get_result
    raise exc.with_traceback(exc.__traceback__)
  File "/Users/fred/anaconda3/lib/python3.11/site-packages/pluggy/_callers.py", line 167, in _multicall
    teardown.throw(outcome._exception)
  File "/Users/fred/anaconda3/lib/python3.11/site-packages/_pytest/threadexception.py", line 92, in pytest_runtest_call
    yield from thread_exception_runtest_hook()
  File "/Users/fred/anaconda3/lib/python3.11/site-packages/_pytest/threadexception.py", line 68, in thread_exception_runtest_hook
    yield
  File "/Users/fred/anaconda3/lib/python3.11/site-packages/pluggy/_callers.py", line 167, in _multicall
    teardown.throw(outcome._exception)
  File "/Users/fred/anaconda3/lib/python3.11/site-packages/_pytest/unraisableexception.py", line 95, in pytest_runtest_call
    yield from unraisable_exception_runtest_hook()
  File "/Users/fred/anaconda3/lib/python3.11/site-packages/_pytest/unraisableexception.py", line 70, in unraisable_exception_runtest_hook
    yield
  File "/Users/fred/anaconda3/lib/python3.11/site-packages/pluggy/_callers.py", line 167, in _multicall
    teardown.throw(outcome._exception)
  File "/Users/fred/anaconda3/lib/python3.11/site-packages/_pytest/logging.py", line 846, in pytest_runtest_call
    yield from self._runtest_for(item, "call")
  File "/Users/fred/anaconda3/lib/python3.11/site-packages/_pytest/logging.py", line 829, in _runtest_for
    yield
  File "/Users/fred/anaconda3/lib/python3.11/site-packages/pluggy/_callers.py", line 167, in _multicall
    teardown.throw(outcome._exception)
  File "/Users/fred/anaconda3/lib/python3.11/site-packages/_pytest/capture.py", line 898, in pytest_runtest_call
    return (yield)
            ^^^^^
  File "/Users/fred/anaconda3/lib/python3.11/site-packages/pluggy/_callers.py", line 167, in _multicall
    teardown.throw(outcome._exception)
  File "/Users/fred/anaconda3/lib/python3.11/site-packages/_pytest/skipping.py", line 257, in pytest_runtest_call
    return (yield)
            ^^^^^
  File "/Users/fred/anaconda3/lib/python3.11/site-packages/pluggy/_callers.py", line 103, in _multicall
    res = hook_impl.function(*args)
          ^^^^^^^^^^^^^^^^^^^^^^^^^
  File "/Users/fred/anaconda3/lib/python3.11/site-packages/_pytest/runner.py", line 174, in pytest_runtest_call
    item.runtest()
  File "/Users/fred/anaconda3/lib/python3.11/site-packages/_pytest/python.py", line 1627, in runtest
    self.ihook.pytest_pyfunc_call(pyfuncitem=self)
  File "/Users/fred/anaconda3/lib/python3.11/site-packages/pluggy/_hooks.py", line 513, in __call__
    return self._hookexec(self.name, self._hookimpls.copy(), kwargs, firstresult)
           ^^^^^^^^^^^^^^^^^^^^^^^^^^^^^^^^^^^^^^^^^^^^^^^^^^^^^^^^^^^^^^^^^^^^^^
  File "/Users/fred/anaconda3/lib/python3.11/site-packages/pluggy/_manager.py", line 120, in _hookexec
    return self._inner_hookexec(hook_name, methods, kwargs, firstresult)
           ^^^^^^^^^^^^^^^^^^^^^^^^^^^^^^^^^^^^^^^^^^^^^^^^^^^^^^^^^^^^^
  File "/Users/fred/anaconda3/lib/python3.11/site-packages/pluggy/_callers.py", line 139, in _multicall
    raise exception.with_traceback(exception.__traceback__)
  File "/Users/fred/anaconda3/lib/python3.11/site-packages/pluggy/_callers.py", line 103, in _multicall
    res = hook_impl.function(*args)
          ^^^^^^^^^^^^^^^^^^^^^^^^^
  File "/Users/fred/anaconda3/lib/python3.11/site-packages/_pytest/python.py", line 159, in pytest_pyfunc_call
    result = testfunction(**testargs)
             ^^^^^^^^^^^^^^^^^^^^^^^^
  File "/Users/fred/Documents/_play/_python/_redistricting/_gerrychain/_rustworkx_work/GerryChain/tests/constraints/test_validity.py", line 60, in test_contiguous_with_contiguity_flips_is_true
    assert single_flip_contiguous(contiguous_partition2)
           ^^^^^^^^^^^^^^^^^^^^^^^^^^^^^^^^^^^^^^^^^^^^^
  File "/Users/fred/Documents/_play/_python/_redistricting/_gerrychain/_rustworkx_work/GerryChain/gerrychain/constraints/contiguity.py", line 142, in single_flip_contiguous
    connected = are_reachable(
                ^^^^^^^^^^^^^^
  File "/Users/fred/Documents/_play/_python/_redistricting/_gerrychain/_rustworkx_work/GerryChain/gerrychain/constraints/contiguity.py", line 48, in are_reachable
    G_succ = G._succ if G.is_directed() else G._adj
                                             ^^^^^^
  File "/Users/fred/Documents/_play/_python/_redistricting/_gerrychain/_rustworkx_work/GerryChain/gerrychain/graph/graph.py", line 1835, in __getattribute__
    return self.graph.__getattribute__(__name)
           ^^^^^^^^^^^^^^^^^^^^^^^^^^^^^^^^^^^
AttributeError: 'Graph' object has no attribute '_adj'
_____________ test_discontiguous_with_contiguous_no_flips_is_false _____________
Traceback (most recent call last):
  File "/Users/fred/anaconda3/lib/python3.11/site-packages/_pytest/runner.py", line 341, in from_call
    result: TResult | None = func()
                             ^^^^^^
  File "/Users/fred/anaconda3/lib/python3.11/site-packages/_pytest/runner.py", line 242, in <lambda>
    lambda: runtest_hook(item=item, **kwds), when=when, reraise=reraise
            ^^^^^^^^^^^^^^^^^^^^^^^^^^^^^^^
  File "/Users/fred/anaconda3/lib/python3.11/site-packages/pluggy/_hooks.py", line 513, in __call__
    return self._hookexec(self.name, self._hookimpls.copy(), kwargs, firstresult)
           ^^^^^^^^^^^^^^^^^^^^^^^^^^^^^^^^^^^^^^^^^^^^^^^^^^^^^^^^^^^^^^^^^^^^^^
  File "/Users/fred/anaconda3/lib/python3.11/site-packages/pluggy/_manager.py", line 120, in _hookexec
    return self._inner_hookexec(hook_name, methods, kwargs, firstresult)
           ^^^^^^^^^^^^^^^^^^^^^^^^^^^^^^^^^^^^^^^^^^^^^^^^^^^^^^^^^^^^^
  File "/Users/fred/anaconda3/lib/python3.11/site-packages/pluggy/_callers.py", line 182, in _multicall
    return outcome.get_result()
           ^^^^^^^^^^^^^^^^^^^^
  File "/Users/fred/anaconda3/lib/python3.11/site-packages/pluggy/_result.py", line 100, in get_result
    raise exc.with_traceback(exc.__traceback__)
  File "/Users/fred/anaconda3/lib/python3.11/site-packages/pluggy/_callers.py", line 167, in _multicall
    teardown.throw(outcome._exception)
  File "/Users/fred/anaconda3/lib/python3.11/site-packages/_pytest/threadexception.py", line 92, in pytest_runtest_call
    yield from thread_exception_runtest_hook()
  File "/Users/fred/anaconda3/lib/python3.11/site-packages/_pytest/threadexception.py", line 68, in thread_exception_runtest_hook
    yield
  File "/Users/fred/anaconda3/lib/python3.11/site-packages/pluggy/_callers.py", line 167, in _multicall
    teardown.throw(outcome._exception)
  File "/Users/fred/anaconda3/lib/python3.11/site-packages/_pytest/unraisableexception.py", line 95, in pytest_runtest_call
    yield from unraisable_exception_runtest_hook()
  File "/Users/fred/anaconda3/lib/python3.11/site-packages/_pytest/unraisableexception.py", line 70, in unraisable_exception_runtest_hook
    yield
  File "/Users/fred/anaconda3/lib/python3.11/site-packages/pluggy/_callers.py", line 167, in _multicall
    teardown.throw(outcome._exception)
  File "/Users/fred/anaconda3/lib/python3.11/site-packages/_pytest/logging.py", line 846, in pytest_runtest_call
    yield from self._runtest_for(item, "call")
  File "/Users/fred/anaconda3/lib/python3.11/site-packages/_pytest/logging.py", line 829, in _runtest_for
    yield
  File "/Users/fred/anaconda3/lib/python3.11/site-packages/pluggy/_callers.py", line 167, in _multicall
    teardown.throw(outcome._exception)
  File "/Users/fred/anaconda3/lib/python3.11/site-packages/_pytest/capture.py", line 898, in pytest_runtest_call
    return (yield)
            ^^^^^
  File "/Users/fred/anaconda3/lib/python3.11/site-packages/pluggy/_callers.py", line 167, in _multicall
    teardown.throw(outcome._exception)
  File "/Users/fred/anaconda3/lib/python3.11/site-packages/_pytest/skipping.py", line 257, in pytest_runtest_call
    return (yield)
            ^^^^^
  File "/Users/fred/anaconda3/lib/python3.11/site-packages/pluggy/_callers.py", line 103, in _multicall
    res = hook_impl.function(*args)
          ^^^^^^^^^^^^^^^^^^^^^^^^^
  File "/Users/fred/anaconda3/lib/python3.11/site-packages/_pytest/runner.py", line 174, in pytest_runtest_call
    item.runtest()
  File "/Users/fred/anaconda3/lib/python3.11/site-packages/_pytest/python.py", line 1627, in runtest
    self.ihook.pytest_pyfunc_call(pyfuncitem=self)
  File "/Users/fred/anaconda3/lib/python3.11/site-packages/pluggy/_hooks.py", line 513, in __call__
    return self._hookexec(self.name, self._hookimpls.copy(), kwargs, firstresult)
           ^^^^^^^^^^^^^^^^^^^^^^^^^^^^^^^^^^^^^^^^^^^^^^^^^^^^^^^^^^^^^^^^^^^^^^
  File "/Users/fred/anaconda3/lib/python3.11/site-packages/pluggy/_manager.py", line 120, in _hookexec
    return self._inner_hookexec(hook_name, methods, kwargs, firstresult)
           ^^^^^^^^^^^^^^^^^^^^^^^^^^^^^^^^^^^^^^^^^^^^^^^^^^^^^^^^^^^^^
  File "/Users/fred/anaconda3/lib/python3.11/site-packages/pluggy/_callers.py", line 139, in _multicall
    raise exception.with_traceback(exception.__traceback__)
  File "/Users/fred/anaconda3/lib/python3.11/site-packages/pluggy/_callers.py", line 103, in _multicall
    res = hook_impl.function(*args)
          ^^^^^^^^^^^^^^^^^^^^^^^^^
  File "/Users/fred/anaconda3/lib/python3.11/site-packages/_pytest/python.py", line 159, in pytest_pyfunc_call
    result = testfunction(**testargs)
             ^^^^^^^^^^^^^^^^^^^^^^^^
  File "/Users/fred/Documents/_play/_python/_redistricting/_gerrychain/_rustworkx_work/GerryChain/tests/constraints/test_validity.py", line 65, in test_discontiguous_with_contiguous_no_flips_is_false
    assert not contiguous(discontiguous_partition)
AssertionError: assert not True
 +  where True = contiguous(<Partition [2 parts]>)
_______ test_discontiguous_with_single_flip_contiguous_no_flips_is_false _______
Traceback (most recent call last):
  File "/Users/fred/anaconda3/lib/python3.11/site-packages/_pytest/runner.py", line 341, in from_call
    result: TResult | None = func()
                             ^^^^^^
  File "/Users/fred/anaconda3/lib/python3.11/site-packages/_pytest/runner.py", line 242, in <lambda>
    lambda: runtest_hook(item=item, **kwds), when=when, reraise=reraise
            ^^^^^^^^^^^^^^^^^^^^^^^^^^^^^^^
  File "/Users/fred/anaconda3/lib/python3.11/site-packages/pluggy/_hooks.py", line 513, in __call__
    return self._hookexec(self.name, self._hookimpls.copy(), kwargs, firstresult)
           ^^^^^^^^^^^^^^^^^^^^^^^^^^^^^^^^^^^^^^^^^^^^^^^^^^^^^^^^^^^^^^^^^^^^^^
  File "/Users/fred/anaconda3/lib/python3.11/site-packages/pluggy/_manager.py", line 120, in _hookexec
    return self._inner_hookexec(hook_name, methods, kwargs, firstresult)
           ^^^^^^^^^^^^^^^^^^^^^^^^^^^^^^^^^^^^^^^^^^^^^^^^^^^^^^^^^^^^^
  File "/Users/fred/anaconda3/lib/python3.11/site-packages/pluggy/_callers.py", line 182, in _multicall
    return outcome.get_result()
           ^^^^^^^^^^^^^^^^^^^^
  File "/Users/fred/anaconda3/lib/python3.11/site-packages/pluggy/_result.py", line 100, in get_result
    raise exc.with_traceback(exc.__traceback__)
  File "/Users/fred/anaconda3/lib/python3.11/site-packages/pluggy/_callers.py", line 167, in _multicall
    teardown.throw(outcome._exception)
  File "/Users/fred/anaconda3/lib/python3.11/site-packages/_pytest/threadexception.py", line 92, in pytest_runtest_call
    yield from thread_exception_runtest_hook()
  File "/Users/fred/anaconda3/lib/python3.11/site-packages/_pytest/threadexception.py", line 68, in thread_exception_runtest_hook
    yield
  File "/Users/fred/anaconda3/lib/python3.11/site-packages/pluggy/_callers.py", line 167, in _multicall
    teardown.throw(outcome._exception)
  File "/Users/fred/anaconda3/lib/python3.11/site-packages/_pytest/unraisableexception.py", line 95, in pytest_runtest_call
    yield from unraisable_exception_runtest_hook()
  File "/Users/fred/anaconda3/lib/python3.11/site-packages/_pytest/unraisableexception.py", line 70, in unraisable_exception_runtest_hook
    yield
  File "/Users/fred/anaconda3/lib/python3.11/site-packages/pluggy/_callers.py", line 167, in _multicall
    teardown.throw(outcome._exception)
  File "/Users/fred/anaconda3/lib/python3.11/site-packages/_pytest/logging.py", line 846, in pytest_runtest_call
    yield from self._runtest_for(item, "call")
  File "/Users/fred/anaconda3/lib/python3.11/site-packages/_pytest/logging.py", line 829, in _runtest_for
    yield
  File "/Users/fred/anaconda3/lib/python3.11/site-packages/pluggy/_callers.py", line 167, in _multicall
    teardown.throw(outcome._exception)
  File "/Users/fred/anaconda3/lib/python3.11/site-packages/_pytest/capture.py", line 898, in pytest_runtest_call
    return (yield)
            ^^^^^
  File "/Users/fred/anaconda3/lib/python3.11/site-packages/pluggy/_callers.py", line 167, in _multicall
    teardown.throw(outcome._exception)
  File "/Users/fred/anaconda3/lib/python3.11/site-packages/_pytest/skipping.py", line 257, in pytest_runtest_call
    return (yield)
            ^^^^^
  File "/Users/fred/anaconda3/lib/python3.11/site-packages/pluggy/_callers.py", line 103, in _multicall
    res = hook_impl.function(*args)
          ^^^^^^^^^^^^^^^^^^^^^^^^^
  File "/Users/fred/anaconda3/lib/python3.11/site-packages/_pytest/runner.py", line 174, in pytest_runtest_call
    item.runtest()
  File "/Users/fred/anaconda3/lib/python3.11/site-packages/_pytest/python.py", line 1627, in runtest
    self.ihook.pytest_pyfunc_call(pyfuncitem=self)
  File "/Users/fred/anaconda3/lib/python3.11/site-packages/pluggy/_hooks.py", line 513, in __call__
    return self._hookexec(self.name, self._hookimpls.copy(), kwargs, firstresult)
           ^^^^^^^^^^^^^^^^^^^^^^^^^^^^^^^^^^^^^^^^^^^^^^^^^^^^^^^^^^^^^^^^^^^^^^
  File "/Users/fred/anaconda3/lib/python3.11/site-packages/pluggy/_manager.py", line 120, in _hookexec
    return self._inner_hookexec(hook_name, methods, kwargs, firstresult)
           ^^^^^^^^^^^^^^^^^^^^^^^^^^^^^^^^^^^^^^^^^^^^^^^^^^^^^^^^^^^^^
  File "/Users/fred/anaconda3/lib/python3.11/site-packages/pluggy/_callers.py", line 139, in _multicall
    raise exception.with_traceback(exception.__traceback__)
  File "/Users/fred/anaconda3/lib/python3.11/site-packages/pluggy/_callers.py", line 103, in _multicall
    res = hook_impl.function(*args)
          ^^^^^^^^^^^^^^^^^^^^^^^^^
  File "/Users/fred/anaconda3/lib/python3.11/site-packages/_pytest/python.py", line 159, in pytest_pyfunc_call
    result = testfunction(**testargs)
             ^^^^^^^^^^^^^^^^^^^^^^^^
  File "/Users/fred/Documents/_play/_python/_redistricting/_gerrychain/_rustworkx_work/GerryChain/tests/constraints/test_validity.py", line 71, in test_discontiguous_with_single_flip_contiguous_no_flips_is_false
    assert not single_flip_contiguous(discontiguous_partition)
AssertionError: assert not True
 +  where True = single_flip_contiguous(<Partition [2 parts]>)
______________ test_discontiguous_with_contiguous_flips_is_false _______________
Traceback (most recent call last):
  File "/Users/fred/anaconda3/lib/python3.11/site-packages/_pytest/runner.py", line 341, in from_call
    result: TResult | None = func()
                             ^^^^^^
  File "/Users/fred/anaconda3/lib/python3.11/site-packages/_pytest/runner.py", line 242, in <lambda>
    lambda: runtest_hook(item=item, **kwds), when=when, reraise=reraise
            ^^^^^^^^^^^^^^^^^^^^^^^^^^^^^^^
  File "/Users/fred/anaconda3/lib/python3.11/site-packages/pluggy/_hooks.py", line 513, in __call__
    return self._hookexec(self.name, self._hookimpls.copy(), kwargs, firstresult)
           ^^^^^^^^^^^^^^^^^^^^^^^^^^^^^^^^^^^^^^^^^^^^^^^^^^^^^^^^^^^^^^^^^^^^^^
  File "/Users/fred/anaconda3/lib/python3.11/site-packages/pluggy/_manager.py", line 120, in _hookexec
    return self._inner_hookexec(hook_name, methods, kwargs, firstresult)
           ^^^^^^^^^^^^^^^^^^^^^^^^^^^^^^^^^^^^^^^^^^^^^^^^^^^^^^^^^^^^^
  File "/Users/fred/anaconda3/lib/python3.11/site-packages/pluggy/_callers.py", line 182, in _multicall
    return outcome.get_result()
           ^^^^^^^^^^^^^^^^^^^^
  File "/Users/fred/anaconda3/lib/python3.11/site-packages/pluggy/_result.py", line 100, in get_result
    raise exc.with_traceback(exc.__traceback__)
  File "/Users/fred/anaconda3/lib/python3.11/site-packages/pluggy/_callers.py", line 167, in _multicall
    teardown.throw(outcome._exception)
  File "/Users/fred/anaconda3/lib/python3.11/site-packages/_pytest/threadexception.py", line 92, in pytest_runtest_call
    yield from thread_exception_runtest_hook()
  File "/Users/fred/anaconda3/lib/python3.11/site-packages/_pytest/threadexception.py", line 68, in thread_exception_runtest_hook
    yield
  File "/Users/fred/anaconda3/lib/python3.11/site-packages/pluggy/_callers.py", line 167, in _multicall
    teardown.throw(outcome._exception)
  File "/Users/fred/anaconda3/lib/python3.11/site-packages/_pytest/unraisableexception.py", line 95, in pytest_runtest_call
    yield from unraisable_exception_runtest_hook()
  File "/Users/fred/anaconda3/lib/python3.11/site-packages/_pytest/unraisableexception.py", line 70, in unraisable_exception_runtest_hook
    yield
  File "/Users/fred/anaconda3/lib/python3.11/site-packages/pluggy/_callers.py", line 167, in _multicall
    teardown.throw(outcome._exception)
  File "/Users/fred/anaconda3/lib/python3.11/site-packages/_pytest/logging.py", line 846, in pytest_runtest_call
    yield from self._runtest_for(item, "call")
  File "/Users/fred/anaconda3/lib/python3.11/site-packages/_pytest/logging.py", line 829, in _runtest_for
    yield
  File "/Users/fred/anaconda3/lib/python3.11/site-packages/pluggy/_callers.py", line 167, in _multicall
    teardown.throw(outcome._exception)
  File "/Users/fred/anaconda3/lib/python3.11/site-packages/_pytest/capture.py", line 898, in pytest_runtest_call
    return (yield)
            ^^^^^
  File "/Users/fred/anaconda3/lib/python3.11/site-packages/pluggy/_callers.py", line 167, in _multicall
    teardown.throw(outcome._exception)
  File "/Users/fred/anaconda3/lib/python3.11/site-packages/_pytest/skipping.py", line 257, in pytest_runtest_call
    return (yield)
            ^^^^^
  File "/Users/fred/anaconda3/lib/python3.11/site-packages/pluggy/_callers.py", line 103, in _multicall
    res = hook_impl.function(*args)
          ^^^^^^^^^^^^^^^^^^^^^^^^^
  File "/Users/fred/anaconda3/lib/python3.11/site-packages/_pytest/runner.py", line 174, in pytest_runtest_call
    item.runtest()
  File "/Users/fred/anaconda3/lib/python3.11/site-packages/_pytest/python.py", line 1627, in runtest
    self.ihook.pytest_pyfunc_call(pyfuncitem=self)
  File "/Users/fred/anaconda3/lib/python3.11/site-packages/pluggy/_hooks.py", line 513, in __call__
    return self._hookexec(self.name, self._hookimpls.copy(), kwargs, firstresult)
           ^^^^^^^^^^^^^^^^^^^^^^^^^^^^^^^^^^^^^^^^^^^^^^^^^^^^^^^^^^^^^^^^^^^^^^
  File "/Users/fred/anaconda3/lib/python3.11/site-packages/pluggy/_manager.py", line 120, in _hookexec
    return self._inner_hookexec(hook_name, methods, kwargs, firstresult)
           ^^^^^^^^^^^^^^^^^^^^^^^^^^^^^^^^^^^^^^^^^^^^^^^^^^^^^^^^^^^^^
  File "/Users/fred/anaconda3/lib/python3.11/site-packages/pluggy/_callers.py", line 139, in _multicall
    raise exception.with_traceback(exception.__traceback__)
  File "/Users/fred/anaconda3/lib/python3.11/site-packages/pluggy/_callers.py", line 103, in _multicall
    res = hook_impl.function(*args)
          ^^^^^^^^^^^^^^^^^^^^^^^^^
  File "/Users/fred/anaconda3/lib/python3.11/site-packages/_pytest/python.py", line 159, in pytest_pyfunc_call
    result = testfunction(**testargs)
             ^^^^^^^^^^^^^^^^^^^^^^^^
  File "/Users/fred/Documents/_play/_python/_redistricting/_gerrychain/_rustworkx_work/GerryChain/tests/constraints/test_validity.py", line 83, in test_discontiguous_with_contiguous_flips_is_false
    assert not contiguous(discontiguous_partition2)
AssertionError: assert not True
 +  where True = contiguous(<Partition [2 parts]>)
_____________________ test_single_metric_sb_finds_hard_max _____________________
Traceback (most recent call last):
  File "/Users/fred/anaconda3/lib/python3.11/site-packages/_pytest/runner.py", line 341, in from_call
    result: TResult | None = func()
                             ^^^^^^
  File "/Users/fred/anaconda3/lib/python3.11/site-packages/_pytest/runner.py", line 242, in <lambda>
    lambda: runtest_hook(item=item, **kwds), when=when, reraise=reraise
            ^^^^^^^^^^^^^^^^^^^^^^^^^^^^^^^
  File "/Users/fred/anaconda3/lib/python3.11/site-packages/pluggy/_hooks.py", line 513, in __call__
    return self._hookexec(self.name, self._hookimpls.copy(), kwargs, firstresult)
           ^^^^^^^^^^^^^^^^^^^^^^^^^^^^^^^^^^^^^^^^^^^^^^^^^^^^^^^^^^^^^^^^^^^^^^
  File "/Users/fred/anaconda3/lib/python3.11/site-packages/pluggy/_manager.py", line 120, in _hookexec
    return self._inner_hookexec(hook_name, methods, kwargs, firstresult)
           ^^^^^^^^^^^^^^^^^^^^^^^^^^^^^^^^^^^^^^^^^^^^^^^^^^^^^^^^^^^^^
  File "/Users/fred/anaconda3/lib/python3.11/site-packages/pluggy/_callers.py", line 182, in _multicall
    return outcome.get_result()
           ^^^^^^^^^^^^^^^^^^^^
  File "/Users/fred/anaconda3/lib/python3.11/site-packages/pluggy/_result.py", line 100, in get_result
    raise exc.with_traceback(exc.__traceback__)
  File "/Users/fred/anaconda3/lib/python3.11/site-packages/pluggy/_callers.py", line 167, in _multicall
    teardown.throw(outcome._exception)
  File "/Users/fred/anaconda3/lib/python3.11/site-packages/_pytest/threadexception.py", line 92, in pytest_runtest_call
    yield from thread_exception_runtest_hook()
  File "/Users/fred/anaconda3/lib/python3.11/site-packages/_pytest/threadexception.py", line 68, in thread_exception_runtest_hook
    yield
  File "/Users/fred/anaconda3/lib/python3.11/site-packages/pluggy/_callers.py", line 167, in _multicall
    teardown.throw(outcome._exception)
  File "/Users/fred/anaconda3/lib/python3.11/site-packages/_pytest/unraisableexception.py", line 95, in pytest_runtest_call
    yield from unraisable_exception_runtest_hook()
  File "/Users/fred/anaconda3/lib/python3.11/site-packages/_pytest/unraisableexception.py", line 70, in unraisable_exception_runtest_hook
    yield
  File "/Users/fred/anaconda3/lib/python3.11/site-packages/pluggy/_callers.py", line 167, in _multicall
    teardown.throw(outcome._exception)
  File "/Users/fred/anaconda3/lib/python3.11/site-packages/_pytest/logging.py", line 846, in pytest_runtest_call
    yield from self._runtest_for(item, "call")
  File "/Users/fred/anaconda3/lib/python3.11/site-packages/_pytest/logging.py", line 829, in _runtest_for
    yield
  File "/Users/fred/anaconda3/lib/python3.11/site-packages/pluggy/_callers.py", line 167, in _multicall
    teardown.throw(outcome._exception)
  File "/Users/fred/anaconda3/lib/python3.11/site-packages/_pytest/capture.py", line 898, in pytest_runtest_call
    return (yield)
            ^^^^^
  File "/Users/fred/anaconda3/lib/python3.11/site-packages/pluggy/_callers.py", line 167, in _multicall
    teardown.throw(outcome._exception)
  File "/Users/fred/anaconda3/lib/python3.11/site-packages/_pytest/skipping.py", line 257, in pytest_runtest_call
    return (yield)
            ^^^^^
  File "/Users/fred/anaconda3/lib/python3.11/site-packages/pluggy/_callers.py", line 103, in _multicall
    res = hook_impl.function(*args)
          ^^^^^^^^^^^^^^^^^^^^^^^^^
  File "/Users/fred/anaconda3/lib/python3.11/site-packages/_pytest/runner.py", line 174, in pytest_runtest_call
    item.runtest()
  File "/Users/fred/anaconda3/lib/python3.11/site-packages/_pytest/python.py", line 1627, in runtest
    self.ihook.pytest_pyfunc_call(pyfuncitem=self)
  File "/Users/fred/anaconda3/lib/python3.11/site-packages/pluggy/_hooks.py", line 513, in __call__
    return self._hookexec(self.name, self._hookimpls.copy(), kwargs, firstresult)
           ^^^^^^^^^^^^^^^^^^^^^^^^^^^^^^^^^^^^^^^^^^^^^^^^^^^^^^^^^^^^^^^^^^^^^^
  File "/Users/fred/anaconda3/lib/python3.11/site-packages/pluggy/_manager.py", line 120, in _hookexec
    return self._inner_hookexec(hook_name, methods, kwargs, firstresult)
           ^^^^^^^^^^^^^^^^^^^^^^^^^^^^^^^^^^^^^^^^^^^^^^^^^^^^^^^^^^^^^
  File "/Users/fred/anaconda3/lib/python3.11/site-packages/pluggy/_callers.py", line 139, in _multicall
    raise exception.with_traceback(exception.__traceback__)
  File "/Users/fred/anaconda3/lib/python3.11/site-packages/pluggy/_callers.py", line 103, in _multicall
    res = hook_impl.function(*args)
          ^^^^^^^^^^^^^^^^^^^^^^^^^
  File "/Users/fred/anaconda3/lib/python3.11/site-packages/_pytest/python.py", line 159, in pytest_pyfunc_call
    result = testfunction(**testargs)
             ^^^^^^^^^^^^^^^^^^^^^^^^
  File "/Users/fred/Documents/_play/_python/_redistricting/_gerrychain/_rustworkx_work/GerryChain/tests/optimization/test_single_metric.py", line 505, in test_single_metric_sb_finds_hard_max
    assert np.max(max_scores_sb) == 2
AssertionError: assert 1.0 == 2
 +  where 1.0 = <function max at 0x1113c4130>(array([0., 0., 0., ..., 1., 1., 1.]))
 +    where <function max at 0x1113c4130> = np.max
----------------------------- Captured stderr call -----------------------------

  0%|          | 0/10000 [00:00<?, ?it/s]
  1%|          | 55/10000 [00:00<00:18, 546.13it/s]
  1%|          | 118/10000 [00:00<00:16, 591.33it/s]
  2%|▏         | 182/10000 [00:00<00:16, 611.72it/s]
  2%|▏         | 244/10000 [00:00<00:15, 611.18it/s]
  3%|▎         | 306/10000 [00:00<00:16, 595.06it/s]
  4%|▎         | 369/10000 [00:00<00:15, 605.51it/s]
  4%|▍         | 438/10000 [00:00<00:15, 630.34it/s]
  5%|▌         | 502/10000 [00:00<00:15, 620.44it/s]
  6%|▌         | 565/10000 [00:00<00:15, 619.86it/s]
  6%|▋         | 630/10000 [00:01<00:14, 627.53it/s]
  7%|▋         | 696/10000 [00:01<00:14, 636.97it/s]
  8%|▊         | 760/10000 [00:01<00:14, 635.70it/s]
  8%|▊         | 824/10000 [00:01<00:14, 630.06it/s]
  9%|▉         | 888/10000 [00:01<00:14, 625.42it/s]
 10%|▉         | 956/10000 [00:01<00:14, 639.47it/s]
 10%|█         | 1020/10000 [00:01<00:14, 620.40it/s]
 11%|█         | 1083/10000 [00:01<00:14, 609.82it/s]
 11%|█▏        | 1145/10000 [00:01<00:14, 593.38it/s]
 12%|█▏        | 1205/10000 [00:01<00:14, 588.00it/s]
 13%|█▎        | 1264/10000 [00:02<00:14, 586.51it/s]
 13%|█▎        | 1323/10000 [00:02<00:15, 565.02it/s]
 14%|█▍        | 1383/10000 [00:02<00:15, 573.16it/s]
 14%|█▍        | 1447/10000 [00:02<00:14, 590.52it/s]
 15%|█▌        | 1509/10000 [00:02<00:14, 597.57it/s]
 16%|█▌        | 1571/10000 [00:02<00:13, 603.96it/s]
 16%|█▋        | 1637/10000 [00:02<00:13, 615.73it/s]
 17%|█▋        | 1699/10000 [00:02<00:13, 612.29it/s]
 18%|█▊        | 1764/10000 [00:02<00:13, 620.60it/s]
 18%|█▊        | 1827/10000 [00:02<00:13, 613.30it/s]
 19%|█▉        | 1889/10000 [00:03<00:13, 585.12it/s]
 19%|█▉        | 1949/10000 [00:03<00:13, 587.19it/s]
 20%|██        | 2008/10000 [00:03<00:13, 583.04it/s]
 21%|██        | 2068/10000 [00:03<00:13, 587.44it/s]
 21%|██▏       | 2130/10000 [00:03<00:13, 595.18it/s]
 22%|██▏       | 2190/10000 [00:03<00:13, 579.95it/s]
 23%|██▎       | 2254/10000 [00:03<00:13, 594.63it/s]
 23%|██▎       | 2317/10000 [00:03<00:12, 603.42it/s]
 24%|██▍       | 2380/10000 [00:03<00:12, 610.76it/s]
 24%|██▍       | 2442/10000 [00:04<00:12, 581.97it/s]
 25%|██▌       | 2501/10000 [00:04<00:13, 565.65it/s]
 26%|██▌       | 2565/10000 [00:04<00:12, 585.32it/s]
 26%|██▋       | 2625/10000 [00:04<00:12, 586.90it/s]
 27%|██▋       | 2684/10000 [00:04<00:12, 586.90it/s]
 27%|██▋       | 2745/10000 [00:04<00:12, 592.02it/s]
 28%|██▊       | 2805/10000 [00:04<00:12, 577.46it/s]
 29%|██▊       | 2866/10000 [00:04<00:12, 585.73it/s]
 29%|██▉       | 2928/10000 [00:04<00:11, 595.75it/s]
 30%|██▉       | 2988/10000 [00:04<00:11, 590.81it/s]
 30%|███       | 3048/10000 [00:05<00:11, 589.35it/s]
 31%|███       | 3107/10000 [00:05<00:11, 582.80it/s]
 32%|███▏      | 3166/10000 [00:05<00:11, 575.91it/s]
 32%|███▏      | 3236/10000 [00:05<00:11, 610.53it/s]
 33%|███▎      | 3303/10000 [00:05<00:10, 627.28it/s]
 34%|███▎      | 3366/10000 [00:05<00:10, 615.00it/s]
 34%|███▍      | 3428/10000 [00:05<00:10, 612.34it/s]
 35%|███▍      | 3491/10000 [00:05<00:10, 615.22it/s]
 36%|███▌      | 3556/10000 [00:05<00:10, 623.46it/s]
 36%|███▌      | 3619/10000 [00:06<00:10, 621.35it/s]
 37%|███▋      | 3682/10000 [00:06<00:10, 604.19it/s]
 37%|███▋      | 3743/10000 [00:06<00:10, 595.58it/s]
 38%|███▊      | 3809/10000 [00:06<00:10, 612.44it/s]
 39%|███▊      | 3874/10000 [00:06<00:09, 619.09it/s]
 39%|███▉      | 3936/10000 [00:06<00:09, 619.20it/s]
 40%|███▉      | 3999/10000 [00:06<00:09, 621.55it/s]
 41%|████      | 4062/10000 [00:06<00:09, 609.54it/s]
 41%|████      | 4124/10000 [00:06<00:09, 588.61it/s]
 42%|████▏     | 4187/10000 [00:06<00:09, 599.51it/s]
 42%|████▏     | 4248/10000 [00:07<00:09, 596.22it/s]
 43%|████▎     | 4313/10000 [00:07<00:09, 611.66it/s]
 44%|████▍     | 4375/10000 [00:07<00:09, 600.91it/s]
 44%|████▍     | 4437/10000 [00:07<00:09, 605.71it/s]
 45%|████▍     | 4498/10000 [00:07<00:09, 599.72it/s]
 46%|████▌     | 4559/10000 [00:07<00:09, 587.90it/s]
 46%|████▋     | 4628/10000 [00:07<00:08, 617.34it/s]
 47%|████▋     | 4690/10000 [00:07<00:08, 616.67it/s]
 48%|████▊     | 4755/10000 [00:07<00:08, 625.89it/s]
 48%|████▊     | 4818/10000 [00:07<00:08, 614.35it/s]
 49%|████▉     | 4880/10000 [00:08<00:08, 604.74it/s]
 49%|████▉     | 4943/10000 [00:08<00:08, 609.13it/s]
 50%|█████     | 5010/10000 [00:08<00:07, 625.21it/s]
 51%|█████     | 5073/10000 [00:08<00:08, 612.75it/s]
 51%|█████▏    | 5135/10000 [00:08<00:07, 610.53it/s]
 52%|█████▏    | 5197/10000 [00:08<00:07, 605.64it/s]
 53%|█████▎    | 5259/10000 [00:08<00:07, 609.51it/s]
 53%|█████▎    | 5320/10000 [00:08<00:07, 600.31it/s]
 54%|█████▍    | 5382/10000 [00:08<00:07, 605.84it/s]
 54%|█████▍    | 5443/10000 [00:09<00:07, 605.46it/s]
 55%|█████▌    | 5508/10000 [00:09<00:07, 615.81it/s]
 56%|█████▌    | 5570/10000 [00:09<00:07, 601.76it/s]
 56%|█████▋    | 5631/10000 [00:09<00:07, 581.97it/s]
 57%|█████▋    | 5690/10000 [00:09<00:07, 565.22it/s]
 57%|█████▋    | 5747/10000 [00:09<00:07, 563.52it/s]
 58%|█████▊    | 5811/10000 [00:09<00:07, 582.63it/s]
 59%|█████▊    | 5870/10000 [00:09<00:07, 569.37it/s]
 59%|█████▉    | 5933/10000 [00:09<00:06, 584.86it/s]
 60%|█████▉    | 5998/10000 [00:09<00:06, 603.19it/s]
 61%|██████    | 6061/10000 [00:10<00:06, 610.41it/s]
 61%|██████    | 6123/10000 [00:10<00:06, 593.42it/s]
 62%|██████▏   | 6186/10000 [00:10<00:06, 603.94it/s]
 62%|██████▏   | 6247/10000 [00:10<00:06, 594.05it/s]
 63%|██████▎   | 6307/10000 [00:10<00:06, 586.25it/s]
 64%|██████▎   | 6366/10000 [00:10<00:06, 566.68it/s]
 64%|██████▍   | 6431/10000 [00:10<00:06, 587.13it/s]
 65%|██████▍   | 6490/10000 [00:10<00:05, 585.19it/s]
 66%|██████▌   | 6552/10000 [00:10<00:05, 593.72it/s]
 66%|██████▌   | 6612/10000 [00:11<00:05, 590.13it/s]
 67%|██████▋   | 6672/10000 [00:11<00:05, 571.50it/s]
 67%|██████▋   | 6734/10000 [00:11<00:05, 584.69it/s]
 68%|██████▊   | 6796/10000 [00:11<00:05, 592.95it/s]
 69%|██████▊   | 6857/10000 [00:11<00:05, 595.49it/s]
 69%|██████▉   | 6921/10000 [00:11<00:05, 606.93it/s]
 70%|██████▉   | 6982/10000 [00:11<00:04, 606.15it/s]
 70%|███████   | 7043/10000 [00:11<00:05, 584.38it/s]
 71%|███████   | 7102/10000 [00:11<00:04, 581.24it/s]
 72%|███████▏  | 7163/10000 [00:11<00:04, 587.72it/s]
 72%|███████▏  | 7223/10000 [00:12<00:04, 589.33it/s]
 73%|███████▎  | 7283/10000 [00:12<00:04, 585.35it/s]
 73%|███████▎  | 7342/10000 [00:12<00:04, 573.69it/s]
 74%|███████▍  | 7400/10000 [00:12<00:04, 570.10it/s]
 75%|███████▍  | 7458/10000 [00:12<00:04, 555.96it/s]
 75%|███████▌  | 7522/10000 [00:12<00:04, 577.87it/s]
 76%|███████▌  | 7586/10000 [00:12<00:04, 595.08it/s]
 77%|███████▋  | 7654/10000 [00:12<00:03, 619.01it/s]
 77%|███████▋  | 7717/10000 [00:12<00:03, 620.37it/s]
 78%|███████▊  | 7780/10000 [00:12<00:03, 586.21it/s]
 78%|███████▊  | 7840/10000 [00:13<00:03, 585.66it/s]
 79%|███████▉  | 7899/10000 [00:13<00:03, 559.95it/s]
 80%|███████▉  | 7962/10000 [00:13<00:03, 578.79it/s]
 80%|████████  | 8021/10000 [00:13<00:03, 581.09it/s]
 81%|████████  | 8083/10000 [00:13<00:03, 588.69it/s]
 81%|████████▏ | 8146/10000 [00:13<00:03, 599.92it/s]
 82%|████████▏ | 8207/10000 [00:13<00:02, 601.16it/s]
 83%|████████▎ | 8268/10000 [00:13<00:02, 578.86it/s]
 83%|████████▎ | 8330/10000 [00:13<00:02, 586.33it/s]
 84%|████████▍ | 8390/10000 [00:14<00:02, 589.59it/s]
 84%|████████▍ | 8450/10000 [00:14<00:02, 591.54it/s]
 85%|████████▌ | 8514/10000 [00:14<00:02, 602.17it/s]
 86%|████████▌ | 8575/10000 [00:14<00:02, 593.28it/s]
 86%|████████▋ | 8641/10000 [00:14<00:02, 610.73it/s]
 87%|████████▋ | 8703/10000 [00:14<00:02, 583.64it/s]
 88%|████████▊ | 8762/10000 [00:14<00:02, 584.68it/s]
 88%|████████▊ | 8824/10000 [00:14<00:01, 590.72it/s]
 89%|████████▉ | 8888/10000 [00:14<00:01, 603.28it/s]
 90%|████████▉ | 8952/10000 [00:14<00:01, 610.75it/s]
 90%|█████████ | 9022/10000 [00:15<00:01, 635.80it/s]
 91%|█████████ | 9086/10000 [00:15<00:01, 628.45it/s]
 91%|█████████▏| 9149/10000 [00:15<00:01, 584.10it/s]
 92%|█████████▏| 9210/10000 [00:15<00:01, 589.98it/s]
 93%|█████████▎| 9271/10000 [00:15<00:01, 592.14it/s]
 93%|█████████▎| 9339/10000 [00:15<00:01, 616.59it/s]
 94%|█████████▍| 9401/10000 [00:15<00:00, 617.02it/s]
 95%|█████████▍| 9463/10000 [00:15<00:00, 594.68it/s]
 95%|█████████▌| 9531/10000 [00:15<00:00, 619.06it/s]
 96%|█████████▌| 9594/10000 [00:16<00:00, 610.45it/s]
 97%|█████████▋| 9656/10000 [00:16<00:00, 608.05it/s]
 97%|█████████▋| 9717/10000 [00:16<00:00, 596.92it/s]
 98%|█████████▊| 9777/10000 [00:16<00:00, 589.00it/s]
 98%|█████████▊| 9843/10000 [00:16<00:00, 607.95it/s]
 99%|█████████▉| 9909/10000 [00:16<00:00, 621.22it/s]
100%|█████████▉| 9972/10000 [00:16<00:00, 609.85it/s]
100%|██████████| 10000/10000 [00:16<00:00, 598.92it/s]
_________________________ test_Partition_has_subgraphs _________________________
Traceback (most recent call last):
  File "/Users/fred/anaconda3/lib/python3.11/site-packages/_pytest/runner.py", line 341, in from_call
    result: TResult | None = func()
                             ^^^^^^
  File "/Users/fred/anaconda3/lib/python3.11/site-packages/_pytest/runner.py", line 242, in <lambda>
    lambda: runtest_hook(item=item, **kwds), when=when, reraise=reraise
            ^^^^^^^^^^^^^^^^^^^^^^^^^^^^^^^
  File "/Users/fred/anaconda3/lib/python3.11/site-packages/pluggy/_hooks.py", line 513, in __call__
    return self._hookexec(self.name, self._hookimpls.copy(), kwargs, firstresult)
           ^^^^^^^^^^^^^^^^^^^^^^^^^^^^^^^^^^^^^^^^^^^^^^^^^^^^^^^^^^^^^^^^^^^^^^
  File "/Users/fred/anaconda3/lib/python3.11/site-packages/pluggy/_manager.py", line 120, in _hookexec
    return self._inner_hookexec(hook_name, methods, kwargs, firstresult)
           ^^^^^^^^^^^^^^^^^^^^^^^^^^^^^^^^^^^^^^^^^^^^^^^^^^^^^^^^^^^^^
  File "/Users/fred/anaconda3/lib/python3.11/site-packages/pluggy/_callers.py", line 182, in _multicall
    return outcome.get_result()
           ^^^^^^^^^^^^^^^^^^^^
  File "/Users/fred/anaconda3/lib/python3.11/site-packages/pluggy/_result.py", line 100, in get_result
    raise exc.with_traceback(exc.__traceback__)
  File "/Users/fred/anaconda3/lib/python3.11/site-packages/pluggy/_callers.py", line 167, in _multicall
    teardown.throw(outcome._exception)
  File "/Users/fred/anaconda3/lib/python3.11/site-packages/_pytest/threadexception.py", line 92, in pytest_runtest_call
    yield from thread_exception_runtest_hook()
  File "/Users/fred/anaconda3/lib/python3.11/site-packages/_pytest/threadexception.py", line 68, in thread_exception_runtest_hook
    yield
  File "/Users/fred/anaconda3/lib/python3.11/site-packages/pluggy/_callers.py", line 167, in _multicall
    teardown.throw(outcome._exception)
  File "/Users/fred/anaconda3/lib/python3.11/site-packages/_pytest/unraisableexception.py", line 95, in pytest_runtest_call
    yield from unraisable_exception_runtest_hook()
  File "/Users/fred/anaconda3/lib/python3.11/site-packages/_pytest/unraisableexception.py", line 70, in unraisable_exception_runtest_hook
    yield
  File "/Users/fred/anaconda3/lib/python3.11/site-packages/pluggy/_callers.py", line 167, in _multicall
    teardown.throw(outcome._exception)
  File "/Users/fred/anaconda3/lib/python3.11/site-packages/_pytest/logging.py", line 846, in pytest_runtest_call
    yield from self._runtest_for(item, "call")
  File "/Users/fred/anaconda3/lib/python3.11/site-packages/_pytest/logging.py", line 829, in _runtest_for
    yield
  File "/Users/fred/anaconda3/lib/python3.11/site-packages/pluggy/_callers.py", line 167, in _multicall
    teardown.throw(outcome._exception)
  File "/Users/fred/anaconda3/lib/python3.11/site-packages/_pytest/capture.py", line 898, in pytest_runtest_call
    return (yield)
            ^^^^^
  File "/Users/fred/anaconda3/lib/python3.11/site-packages/pluggy/_callers.py", line 167, in _multicall
    teardown.throw(outcome._exception)
  File "/Users/fred/anaconda3/lib/python3.11/site-packages/_pytest/skipping.py", line 257, in pytest_runtest_call
    return (yield)
            ^^^^^
  File "/Users/fred/anaconda3/lib/python3.11/site-packages/pluggy/_callers.py", line 103, in _multicall
    res = hook_impl.function(*args)
          ^^^^^^^^^^^^^^^^^^^^^^^^^
  File "/Users/fred/anaconda3/lib/python3.11/site-packages/_pytest/runner.py", line 174, in pytest_runtest_call
    item.runtest()
  File "/Users/fred/anaconda3/lib/python3.11/site-packages/_pytest/python.py", line 1627, in runtest
    self.ihook.pytest_pyfunc_call(pyfuncitem=self)
  File "/Users/fred/anaconda3/lib/python3.11/site-packages/pluggy/_hooks.py", line 513, in __call__
    return self._hookexec(self.name, self._hookimpls.copy(), kwargs, firstresult)
           ^^^^^^^^^^^^^^^^^^^^^^^^^^^^^^^^^^^^^^^^^^^^^^^^^^^^^^^^^^^^^^^^^^^^^^
  File "/Users/fred/anaconda3/lib/python3.11/site-packages/pluggy/_manager.py", line 120, in _hookexec
    return self._inner_hookexec(hook_name, methods, kwargs, firstresult)
           ^^^^^^^^^^^^^^^^^^^^^^^^^^^^^^^^^^^^^^^^^^^^^^^^^^^^^^^^^^^^^
  File "/Users/fred/anaconda3/lib/python3.11/site-packages/pluggy/_callers.py", line 139, in _multicall
    raise exception.with_traceback(exception.__traceback__)
  File "/Users/fred/anaconda3/lib/python3.11/site-packages/pluggy/_callers.py", line 103, in _multicall
    res = hook_impl.function(*args)
          ^^^^^^^^^^^^^^^^^^^^^^^^^
  File "/Users/fred/anaconda3/lib/python3.11/site-packages/_pytest/python.py", line 159, in pytest_pyfunc_call
    result = testfunction(**testargs)
             ^^^^^^^^^^^^^^^^^^^^^^^^
  File "/Users/fred/Documents/_play/_python/_redistricting/_gerrychain/_rustworkx_work/GerryChain/tests/partition/test_partition.py", line 92, in test_Partition_has_subgraphs
    assert set(partition.subgraphs[2].nodes) == {2}
AssertionError: assert {0} == {2}
  
  Extra items in the left set:
  0
  Extra items in the right set:
  2
  Use -v to get more diff
__________________ test_can_be_created_from_a_districtr_file ___________________
Traceback (most recent call last):
  File "/Users/fred/anaconda3/lib/python3.11/site-packages/_pytest/runner.py", line 341, in from_call
    result: TResult | None = func()
                             ^^^^^^
  File "/Users/fred/anaconda3/lib/python3.11/site-packages/_pytest/runner.py", line 242, in <lambda>
    lambda: runtest_hook(item=item, **kwds), when=when, reraise=reraise
            ^^^^^^^^^^^^^^^^^^^^^^^^^^^^^^^
  File "/Users/fred/anaconda3/lib/python3.11/site-packages/pluggy/_hooks.py", line 513, in __call__
    return self._hookexec(self.name, self._hookimpls.copy(), kwargs, firstresult)
           ^^^^^^^^^^^^^^^^^^^^^^^^^^^^^^^^^^^^^^^^^^^^^^^^^^^^^^^^^^^^^^^^^^^^^^
  File "/Users/fred/anaconda3/lib/python3.11/site-packages/pluggy/_manager.py", line 120, in _hookexec
    return self._inner_hookexec(hook_name, methods, kwargs, firstresult)
           ^^^^^^^^^^^^^^^^^^^^^^^^^^^^^^^^^^^^^^^^^^^^^^^^^^^^^^^^^^^^^
  File "/Users/fred/anaconda3/lib/python3.11/site-packages/pluggy/_callers.py", line 182, in _multicall
    return outcome.get_result()
           ^^^^^^^^^^^^^^^^^^^^
  File "/Users/fred/anaconda3/lib/python3.11/site-packages/pluggy/_result.py", line 100, in get_result
    raise exc.with_traceback(exc.__traceback__)
  File "/Users/fred/anaconda3/lib/python3.11/site-packages/pluggy/_callers.py", line 167, in _multicall
    teardown.throw(outcome._exception)
  File "/Users/fred/anaconda3/lib/python3.11/site-packages/_pytest/threadexception.py", line 92, in pytest_runtest_call
    yield from thread_exception_runtest_hook()
  File "/Users/fred/anaconda3/lib/python3.11/site-packages/_pytest/threadexception.py", line 68, in thread_exception_runtest_hook
    yield
  File "/Users/fred/anaconda3/lib/python3.11/site-packages/pluggy/_callers.py", line 167, in _multicall
    teardown.throw(outcome._exception)
  File "/Users/fred/anaconda3/lib/python3.11/site-packages/_pytest/unraisableexception.py", line 95, in pytest_runtest_call
    yield from unraisable_exception_runtest_hook()
  File "/Users/fred/anaconda3/lib/python3.11/site-packages/_pytest/unraisableexception.py", line 70, in unraisable_exception_runtest_hook
    yield
  File "/Users/fred/anaconda3/lib/python3.11/site-packages/pluggy/_callers.py", line 167, in _multicall
    teardown.throw(outcome._exception)
  File "/Users/fred/anaconda3/lib/python3.11/site-packages/_pytest/logging.py", line 846, in pytest_runtest_call
    yield from self._runtest_for(item, "call")
  File "/Users/fred/anaconda3/lib/python3.11/site-packages/_pytest/logging.py", line 829, in _runtest_for
    yield
  File "/Users/fred/anaconda3/lib/python3.11/site-packages/pluggy/_callers.py", line 167, in _multicall
    teardown.throw(outcome._exception)
  File "/Users/fred/anaconda3/lib/python3.11/site-packages/_pytest/capture.py", line 898, in pytest_runtest_call
    return (yield)
            ^^^^^
  File "/Users/fred/anaconda3/lib/python3.11/site-packages/pluggy/_callers.py", line 167, in _multicall
    teardown.throw(outcome._exception)
  File "/Users/fred/anaconda3/lib/python3.11/site-packages/_pytest/skipping.py", line 257, in pytest_runtest_call
    return (yield)
            ^^^^^
  File "/Users/fred/anaconda3/lib/python3.11/site-packages/pluggy/_callers.py", line 103, in _multicall
    res = hook_impl.function(*args)
          ^^^^^^^^^^^^^^^^^^^^^^^^^
  File "/Users/fred/anaconda3/lib/python3.11/site-packages/_pytest/runner.py", line 174, in pytest_runtest_call
    item.runtest()
  File "/Users/fred/anaconda3/lib/python3.11/site-packages/_pytest/python.py", line 1627, in runtest
    self.ihook.pytest_pyfunc_call(pyfuncitem=self)
  File "/Users/fred/anaconda3/lib/python3.11/site-packages/pluggy/_hooks.py", line 513, in __call__
    return self._hookexec(self.name, self._hookimpls.copy(), kwargs, firstresult)
           ^^^^^^^^^^^^^^^^^^^^^^^^^^^^^^^^^^^^^^^^^^^^^^^^^^^^^^^^^^^^^^^^^^^^^^
  File "/Users/fred/anaconda3/lib/python3.11/site-packages/pluggy/_manager.py", line 120, in _hookexec
    return self._inner_hookexec(hook_name, methods, kwargs, firstresult)
           ^^^^^^^^^^^^^^^^^^^^^^^^^^^^^^^^^^^^^^^^^^^^^^^^^^^^^^^^^^^^^
  File "/Users/fred/anaconda3/lib/python3.11/site-packages/pluggy/_callers.py", line 139, in _multicall
    raise exception.with_traceback(exception.__traceback__)
  File "/Users/fred/anaconda3/lib/python3.11/site-packages/pluggy/_callers.py", line 103, in _multicall
    res = hook_impl.function(*args)
          ^^^^^^^^^^^^^^^^^^^^^^^^^
  File "/Users/fred/anaconda3/lib/python3.11/site-packages/_pytest/python.py", line 159, in pytest_pyfunc_call
    result = testfunction(**testargs)
             ^^^^^^^^^^^^^^^^^^^^^^^^
  File "/Users/fred/Documents/_play/_python/_redistricting/_gerrychain/_rustworkx_work/GerryChain/tests/partition/test_partition.py", line 112, in test_can_be_created_from_a_districtr_file
    assert partition.assignment.to_dict() == {
AssertionError: assert {0: 1, 1: 1, 2: 2, 3: 1, ...} == {0: 1, 1: 1, 2: 1, 3: 2, ...}
  
  Omitting 7 identical items, use -vv to show
  Differing items:
  {2: 2} != {2: 1}
  {3: 1} != {3: 2}
  Use -v to get more diff
_________ TestPartitionPlotting.test_uses_graph_geometries_by_default __________
Traceback (most recent call last):
  File "/Users/fred/Documents/_play/_python/_redistricting/_gerrychain/_rustworkx_work/GerryChain/gerrychain/graph/graph.py", line 1832, in __getattribute__
    return object.__getattribute__(self, __name)
           ^^^^^^^^^^^^^^^^^^^^^^^^^^^^^^^^^^^^^
AttributeError: 'FrozenGraph' object has no attribute 'geometry'

During handling of the above exception, another exception occurred:

Traceback (most recent call last):
  File "/Users/fred/anaconda3/lib/python3.11/site-packages/_pytest/runner.py", line 341, in from_call
    result: TResult | None = func()
                             ^^^^^^
  File "/Users/fred/anaconda3/lib/python3.11/site-packages/_pytest/runner.py", line 242, in <lambda>
    lambda: runtest_hook(item=item, **kwds), when=when, reraise=reraise
            ^^^^^^^^^^^^^^^^^^^^^^^^^^^^^^^
  File "/Users/fred/anaconda3/lib/python3.11/site-packages/pluggy/_hooks.py", line 513, in __call__
    return self._hookexec(self.name, self._hookimpls.copy(), kwargs, firstresult)
           ^^^^^^^^^^^^^^^^^^^^^^^^^^^^^^^^^^^^^^^^^^^^^^^^^^^^^^^^^^^^^^^^^^^^^^
  File "/Users/fred/anaconda3/lib/python3.11/site-packages/pluggy/_manager.py", line 120, in _hookexec
    return self._inner_hookexec(hook_name, methods, kwargs, firstresult)
           ^^^^^^^^^^^^^^^^^^^^^^^^^^^^^^^^^^^^^^^^^^^^^^^^^^^^^^^^^^^^^
  File "/Users/fred/anaconda3/lib/python3.11/site-packages/pluggy/_callers.py", line 182, in _multicall
    return outcome.get_result()
           ^^^^^^^^^^^^^^^^^^^^
  File "/Users/fred/anaconda3/lib/python3.11/site-packages/pluggy/_result.py", line 100, in get_result
    raise exc.with_traceback(exc.__traceback__)
  File "/Users/fred/anaconda3/lib/python3.11/site-packages/pluggy/_callers.py", line 167, in _multicall
    teardown.throw(outcome._exception)
  File "/Users/fred/anaconda3/lib/python3.11/site-packages/_pytest/threadexception.py", line 92, in pytest_runtest_call
    yield from thread_exception_runtest_hook()
  File "/Users/fred/anaconda3/lib/python3.11/site-packages/_pytest/threadexception.py", line 68, in thread_exception_runtest_hook
    yield
  File "/Users/fred/anaconda3/lib/python3.11/site-packages/pluggy/_callers.py", line 167, in _multicall
    teardown.throw(outcome._exception)
  File "/Users/fred/anaconda3/lib/python3.11/site-packages/_pytest/unraisableexception.py", line 95, in pytest_runtest_call
    yield from unraisable_exception_runtest_hook()
  File "/Users/fred/anaconda3/lib/python3.11/site-packages/_pytest/unraisableexception.py", line 70, in unraisable_exception_runtest_hook
    yield
  File "/Users/fred/anaconda3/lib/python3.11/site-packages/pluggy/_callers.py", line 167, in _multicall
    teardown.throw(outcome._exception)
  File "/Users/fred/anaconda3/lib/python3.11/site-packages/_pytest/logging.py", line 846, in pytest_runtest_call
    yield from self._runtest_for(item, "call")
  File "/Users/fred/anaconda3/lib/python3.11/site-packages/_pytest/logging.py", line 829, in _runtest_for
    yield
  File "/Users/fred/anaconda3/lib/python3.11/site-packages/pluggy/_callers.py", line 167, in _multicall
    teardown.throw(outcome._exception)
  File "/Users/fred/anaconda3/lib/python3.11/site-packages/_pytest/capture.py", line 898, in pytest_runtest_call
    return (yield)
            ^^^^^
  File "/Users/fred/anaconda3/lib/python3.11/site-packages/pluggy/_callers.py", line 167, in _multicall
    teardown.throw(outcome._exception)
  File "/Users/fred/anaconda3/lib/python3.11/site-packages/_pytest/skipping.py", line 257, in pytest_runtest_call
    return (yield)
            ^^^^^
  File "/Users/fred/anaconda3/lib/python3.11/site-packages/pluggy/_callers.py", line 103, in _multicall
    res = hook_impl.function(*args)
          ^^^^^^^^^^^^^^^^^^^^^^^^^
  File "/Users/fred/anaconda3/lib/python3.11/site-packages/_pytest/runner.py", line 174, in pytest_runtest_call
    item.runtest()
  File "/Users/fred/anaconda3/lib/python3.11/site-packages/_pytest/python.py", line 1627, in runtest
    self.ihook.pytest_pyfunc_call(pyfuncitem=self)
  File "/Users/fred/anaconda3/lib/python3.11/site-packages/pluggy/_hooks.py", line 513, in __call__
    return self._hookexec(self.name, self._hookimpls.copy(), kwargs, firstresult)
           ^^^^^^^^^^^^^^^^^^^^^^^^^^^^^^^^^^^^^^^^^^^^^^^^^^^^^^^^^^^^^^^^^^^^^^
  File "/Users/fred/anaconda3/lib/python3.11/site-packages/pluggy/_manager.py", line 120, in _hookexec
    return self._inner_hookexec(hook_name, methods, kwargs, firstresult)
           ^^^^^^^^^^^^^^^^^^^^^^^^^^^^^^^^^^^^^^^^^^^^^^^^^^^^^^^^^^^^^
  File "/Users/fred/anaconda3/lib/python3.11/site-packages/pluggy/_callers.py", line 139, in _multicall
    raise exception.with_traceback(exception.__traceback__)
  File "/Users/fred/anaconda3/lib/python3.11/site-packages/pluggy/_callers.py", line 103, in _multicall
    res = hook_impl.function(*args)
          ^^^^^^^^^^^^^^^^^^^^^^^^^
  File "/Users/fred/anaconda3/lib/python3.11/site-packages/_pytest/python.py", line 159, in pytest_pyfunc_call
    result = testfunction(**testargs)
             ^^^^^^^^^^^^^^^^^^^^^^^^
  File "/Users/fred/Documents/_play/_python/_redistricting/_gerrychain/_rustworkx_work/GerryChain/tests/partition/test_plotting.py", line 77, in test_uses_graph_geometries_by_default
    partition.plot()
  File "/Users/fred/Documents/_play/_python/_redistricting/_gerrychain/_rustworkx_work/GerryChain/gerrychain/partition/partition.py", line 364, in plot
    geometries = self.graph.geometry
                 ^^^^^^^^^^^^^^^^^^^
  File "/Users/fred/Documents/_play/_python/_redistricting/_gerrychain/_rustworkx_work/GerryChain/gerrychain/graph/graph.py", line 1835, in __getattribute__
    return self.graph.__getattribute__(__name)
           ^^^^^^^^^^^^^^^^^^^^^^^^^^^^^^^^^^^
AttributeError: 'Graph' object has no attribute 'geometry'
___________________________ test_all_cut_edge_flips ____________________________
Traceback (most recent call last):
  File "/Users/fred/anaconda3/lib/python3.11/site-packages/_pytest/runner.py", line 341, in from_call
    result: TResult | None = func()
                             ^^^^^^
  File "/Users/fred/anaconda3/lib/python3.11/site-packages/_pytest/runner.py", line 242, in <lambda>
    lambda: runtest_hook(item=item, **kwds), when=when, reraise=reraise
            ^^^^^^^^^^^^^^^^^^^^^^^^^^^^^^^
  File "/Users/fred/anaconda3/lib/python3.11/site-packages/pluggy/_hooks.py", line 513, in __call__
    return self._hookexec(self.name, self._hookimpls.copy(), kwargs, firstresult)
           ^^^^^^^^^^^^^^^^^^^^^^^^^^^^^^^^^^^^^^^^^^^^^^^^^^^^^^^^^^^^^^^^^^^^^^
  File "/Users/fred/anaconda3/lib/python3.11/site-packages/pluggy/_manager.py", line 120, in _hookexec
    return self._inner_hookexec(hook_name, methods, kwargs, firstresult)
           ^^^^^^^^^^^^^^^^^^^^^^^^^^^^^^^^^^^^^^^^^^^^^^^^^^^^^^^^^^^^^
  File "/Users/fred/anaconda3/lib/python3.11/site-packages/pluggy/_callers.py", line 182, in _multicall
    return outcome.get_result()
           ^^^^^^^^^^^^^^^^^^^^
  File "/Users/fred/anaconda3/lib/python3.11/site-packages/pluggy/_result.py", line 100, in get_result
    raise exc.with_traceback(exc.__traceback__)
  File "/Users/fred/anaconda3/lib/python3.11/site-packages/pluggy/_callers.py", line 167, in _multicall
    teardown.throw(outcome._exception)
  File "/Users/fred/anaconda3/lib/python3.11/site-packages/_pytest/threadexception.py", line 92, in pytest_runtest_call
    yield from thread_exception_runtest_hook()
  File "/Users/fred/anaconda3/lib/python3.11/site-packages/_pytest/threadexception.py", line 68, in thread_exception_runtest_hook
    yield
  File "/Users/fred/anaconda3/lib/python3.11/site-packages/pluggy/_callers.py", line 167, in _multicall
    teardown.throw(outcome._exception)
  File "/Users/fred/anaconda3/lib/python3.11/site-packages/_pytest/unraisableexception.py", line 95, in pytest_runtest_call
    yield from unraisable_exception_runtest_hook()
  File "/Users/fred/anaconda3/lib/python3.11/site-packages/_pytest/unraisableexception.py", line 70, in unraisable_exception_runtest_hook
    yield
  File "/Users/fred/anaconda3/lib/python3.11/site-packages/pluggy/_callers.py", line 167, in _multicall
    teardown.throw(outcome._exception)
  File "/Users/fred/anaconda3/lib/python3.11/site-packages/_pytest/logging.py", line 846, in pytest_runtest_call
    yield from self._runtest_for(item, "call")
  File "/Users/fred/anaconda3/lib/python3.11/site-packages/_pytest/logging.py", line 829, in _runtest_for
    yield
  File "/Users/fred/anaconda3/lib/python3.11/site-packages/pluggy/_callers.py", line 167, in _multicall
    teardown.throw(outcome._exception)
  File "/Users/fred/anaconda3/lib/python3.11/site-packages/_pytest/capture.py", line 898, in pytest_runtest_call
    return (yield)
            ^^^^^
  File "/Users/fred/anaconda3/lib/python3.11/site-packages/pluggy/_callers.py", line 167, in _multicall
    teardown.throw(outcome._exception)
  File "/Users/fred/anaconda3/lib/python3.11/site-packages/_pytest/skipping.py", line 257, in pytest_runtest_call
    return (yield)
            ^^^^^
  File "/Users/fred/anaconda3/lib/python3.11/site-packages/pluggy/_callers.py", line 103, in _multicall
    res = hook_impl.function(*args)
          ^^^^^^^^^^^^^^^^^^^^^^^^^
  File "/Users/fred/anaconda3/lib/python3.11/site-packages/_pytest/runner.py", line 174, in pytest_runtest_call
    item.runtest()
  File "/Users/fred/anaconda3/lib/python3.11/site-packages/_pytest/python.py", line 1627, in runtest
    self.ihook.pytest_pyfunc_call(pyfuncitem=self)
  File "/Users/fred/anaconda3/lib/python3.11/site-packages/pluggy/_hooks.py", line 513, in __call__
    return self._hookexec(self.name, self._hookimpls.copy(), kwargs, firstresult)
           ^^^^^^^^^^^^^^^^^^^^^^^^^^^^^^^^^^^^^^^^^^^^^^^^^^^^^^^^^^^^^^^^^^^^^^
  File "/Users/fred/anaconda3/lib/python3.11/site-packages/pluggy/_manager.py", line 120, in _hookexec
    return self._inner_hookexec(hook_name, methods, kwargs, firstresult)
           ^^^^^^^^^^^^^^^^^^^^^^^^^^^^^^^^^^^^^^^^^^^^^^^^^^^^^^^^^^^^^
  File "/Users/fred/anaconda3/lib/python3.11/site-packages/pluggy/_callers.py", line 139, in _multicall
    raise exception.with_traceback(exception.__traceback__)
  File "/Users/fred/anaconda3/lib/python3.11/site-packages/pluggy/_callers.py", line 103, in _multicall
    res = hook_impl.function(*args)
          ^^^^^^^^^^^^^^^^^^^^^^^^^
  File "/Users/fred/anaconda3/lib/python3.11/site-packages/_pytest/python.py", line 159, in pytest_pyfunc_call
    result = testfunction(**testargs)
             ^^^^^^^^^^^^^^^^^^^^^^^^
  File "/Users/fred/Documents/_play/_python/_redistricting/_gerrychain/_rustworkx_work/GerryChain/tests/test_metagraph.py", line 21, in test_all_cut_edge_flips
    assert result == {(6, 1), (7, 1), (8, 1), (4, 2), (5, 2), (3, 2)}
AssertionError: assert {(2, 2), (4, ...7, 1), (8, 1)} == {(3, 2), (4, ...7, 1), (8, 1)}
  
  Extra items in the left set:
  (2, 2)
  Extra items in the right set:
  (3, 2)
  Use -v to get more diff
_____________________________ test_all_valid_flips _____________________________
Traceback (most recent call last):
  File "/Users/fred/anaconda3/lib/python3.11/site-packages/_pytest/runner.py", line 341, in from_call
    result: TResult | None = func()
                             ^^^^^^
  File "/Users/fred/anaconda3/lib/python3.11/site-packages/_pytest/runner.py", line 242, in <lambda>
    lambda: runtest_hook(item=item, **kwds), when=when, reraise=reraise
            ^^^^^^^^^^^^^^^^^^^^^^^^^^^^^^^
  File "/Users/fred/anaconda3/lib/python3.11/site-packages/pluggy/_hooks.py", line 513, in __call__
    return self._hookexec(self.name, self._hookimpls.copy(), kwargs, firstresult)
           ^^^^^^^^^^^^^^^^^^^^^^^^^^^^^^^^^^^^^^^^^^^^^^^^^^^^^^^^^^^^^^^^^^^^^^
  File "/Users/fred/anaconda3/lib/python3.11/site-packages/pluggy/_manager.py", line 120, in _hookexec
    return self._inner_hookexec(hook_name, methods, kwargs, firstresult)
           ^^^^^^^^^^^^^^^^^^^^^^^^^^^^^^^^^^^^^^^^^^^^^^^^^^^^^^^^^^^^^
  File "/Users/fred/anaconda3/lib/python3.11/site-packages/pluggy/_callers.py", line 182, in _multicall
    return outcome.get_result()
           ^^^^^^^^^^^^^^^^^^^^
  File "/Users/fred/anaconda3/lib/python3.11/site-packages/pluggy/_result.py", line 100, in get_result
    raise exc.with_traceback(exc.__traceback__)
  File "/Users/fred/anaconda3/lib/python3.11/site-packages/pluggy/_callers.py", line 167, in _multicall
    teardown.throw(outcome._exception)
  File "/Users/fred/anaconda3/lib/python3.11/site-packages/_pytest/threadexception.py", line 92, in pytest_runtest_call
    yield from thread_exception_runtest_hook()
  File "/Users/fred/anaconda3/lib/python3.11/site-packages/_pytest/threadexception.py", line 68, in thread_exception_runtest_hook
    yield
  File "/Users/fred/anaconda3/lib/python3.11/site-packages/pluggy/_callers.py", line 167, in _multicall
    teardown.throw(outcome._exception)
  File "/Users/fred/anaconda3/lib/python3.11/site-packages/_pytest/unraisableexception.py", line 95, in pytest_runtest_call
    yield from unraisable_exception_runtest_hook()
  File "/Users/fred/anaconda3/lib/python3.11/site-packages/_pytest/unraisableexception.py", line 70, in unraisable_exception_runtest_hook
    yield
  File "/Users/fred/anaconda3/lib/python3.11/site-packages/pluggy/_callers.py", line 167, in _multicall
    teardown.throw(outcome._exception)
  File "/Users/fred/anaconda3/lib/python3.11/site-packages/_pytest/logging.py", line 846, in pytest_runtest_call
    yield from self._runtest_for(item, "call")
  File "/Users/fred/anaconda3/lib/python3.11/site-packages/_pytest/logging.py", line 829, in _runtest_for
    yield
  File "/Users/fred/anaconda3/lib/python3.11/site-packages/pluggy/_callers.py", line 167, in _multicall
    teardown.throw(outcome._exception)
  File "/Users/fred/anaconda3/lib/python3.11/site-packages/_pytest/capture.py", line 898, in pytest_runtest_call
    return (yield)
            ^^^^^
  File "/Users/fred/anaconda3/lib/python3.11/site-packages/pluggy/_callers.py", line 167, in _multicall
    teardown.throw(outcome._exception)
  File "/Users/fred/anaconda3/lib/python3.11/site-packages/_pytest/skipping.py", line 257, in pytest_runtest_call
    return (yield)
            ^^^^^
  File "/Users/fred/anaconda3/lib/python3.11/site-packages/pluggy/_callers.py", line 103, in _multicall
    res = hook_impl.function(*args)
          ^^^^^^^^^^^^^^^^^^^^^^^^^
  File "/Users/fred/anaconda3/lib/python3.11/site-packages/_pytest/runner.py", line 174, in pytest_runtest_call
    item.runtest()
  File "/Users/fred/anaconda3/lib/python3.11/site-packages/_pytest/python.py", line 1627, in runtest
    self.ihook.pytest_pyfunc_call(pyfuncitem=self)
  File "/Users/fred/anaconda3/lib/python3.11/site-packages/pluggy/_hooks.py", line 513, in __call__
    return self._hookexec(self.name, self._hookimpls.copy(), kwargs, firstresult)
           ^^^^^^^^^^^^^^^^^^^^^^^^^^^^^^^^^^^^^^^^^^^^^^^^^^^^^^^^^^^^^^^^^^^^^^
  File "/Users/fred/anaconda3/lib/python3.11/site-packages/pluggy/_manager.py", line 120, in _hookexec
    return self._inner_hookexec(hook_name, methods, kwargs, firstresult)
           ^^^^^^^^^^^^^^^^^^^^^^^^^^^^^^^^^^^^^^^^^^^^^^^^^^^^^^^^^^^^^
  File "/Users/fred/anaconda3/lib/python3.11/site-packages/pluggy/_callers.py", line 139, in _multicall
    raise exception.with_traceback(exception.__traceback__)
  File "/Users/fred/anaconda3/lib/python3.11/site-packages/pluggy/_callers.py", line 103, in _multicall
    res = hook_impl.function(*args)
          ^^^^^^^^^^^^^^^^^^^^^^^^^
  File "/Users/fred/anaconda3/lib/python3.11/site-packages/_pytest/python.py", line 159, in pytest_pyfunc_call
    result = testfunction(**testargs)
             ^^^^^^^^^^^^^^^^^^^^^^^^
  File "/Users/fred/Documents/_play/_python/_redistricting/_gerrychain/_rustworkx_work/GerryChain/tests/test_metagraph.py", line 53, in test_all_valid_flips
    assert result == {(7, 1), (8, 1), (4, 2), (5, 2), (3, 2)}
AssertionError: assert {(2, 2), (4, ...7, 1), (8, 1)} == {(3, 2), (4, ...7, 1), (8, 1)}
  
  Extra items in the left set:
  (2, 2)
  Extra items in the right set:
  (3, 2)
  Use -v to get more diff
______________ test_proposal_returns_a_partition[spectral_recom] _______________
Traceback (most recent call last):
  File "/Users/fred/anaconda3/lib/python3.11/site-packages/_pytest/runner.py", line 341, in from_call
    result: TResult | None = func()
                             ^^^^^^
  File "/Users/fred/anaconda3/lib/python3.11/site-packages/_pytest/runner.py", line 242, in <lambda>
    lambda: runtest_hook(item=item, **kwds), when=when, reraise=reraise
            ^^^^^^^^^^^^^^^^^^^^^^^^^^^^^^^
  File "/Users/fred/anaconda3/lib/python3.11/site-packages/pluggy/_hooks.py", line 513, in __call__
    return self._hookexec(self.name, self._hookimpls.copy(), kwargs, firstresult)
           ^^^^^^^^^^^^^^^^^^^^^^^^^^^^^^^^^^^^^^^^^^^^^^^^^^^^^^^^^^^^^^^^^^^^^^
  File "/Users/fred/anaconda3/lib/python3.11/site-packages/pluggy/_manager.py", line 120, in _hookexec
    return self._inner_hookexec(hook_name, methods, kwargs, firstresult)
           ^^^^^^^^^^^^^^^^^^^^^^^^^^^^^^^^^^^^^^^^^^^^^^^^^^^^^^^^^^^^^
  File "/Users/fred/anaconda3/lib/python3.11/site-packages/pluggy/_callers.py", line 182, in _multicall
    return outcome.get_result()
           ^^^^^^^^^^^^^^^^^^^^
  File "/Users/fred/anaconda3/lib/python3.11/site-packages/pluggy/_result.py", line 100, in get_result
    raise exc.with_traceback(exc.__traceback__)
  File "/Users/fred/anaconda3/lib/python3.11/site-packages/pluggy/_callers.py", line 167, in _multicall
    teardown.throw(outcome._exception)
  File "/Users/fred/anaconda3/lib/python3.11/site-packages/_pytest/threadexception.py", line 92, in pytest_runtest_call
    yield from thread_exception_runtest_hook()
  File "/Users/fred/anaconda3/lib/python3.11/site-packages/_pytest/threadexception.py", line 68, in thread_exception_runtest_hook
    yield
  File "/Users/fred/anaconda3/lib/python3.11/site-packages/pluggy/_callers.py", line 167, in _multicall
    teardown.throw(outcome._exception)
  File "/Users/fred/anaconda3/lib/python3.11/site-packages/_pytest/unraisableexception.py", line 95, in pytest_runtest_call
    yield from unraisable_exception_runtest_hook()
  File "/Users/fred/anaconda3/lib/python3.11/site-packages/_pytest/unraisableexception.py", line 70, in unraisable_exception_runtest_hook
    yield
  File "/Users/fred/anaconda3/lib/python3.11/site-packages/pluggy/_callers.py", line 167, in _multicall
    teardown.throw(outcome._exception)
  File "/Users/fred/anaconda3/lib/python3.11/site-packages/_pytest/logging.py", line 846, in pytest_runtest_call
    yield from self._runtest_for(item, "call")
  File "/Users/fred/anaconda3/lib/python3.11/site-packages/_pytest/logging.py", line 829, in _runtest_for
    yield
  File "/Users/fred/anaconda3/lib/python3.11/site-packages/pluggy/_callers.py", line 167, in _multicall
    teardown.throw(outcome._exception)
  File "/Users/fred/anaconda3/lib/python3.11/site-packages/_pytest/capture.py", line 898, in pytest_runtest_call
    return (yield)
            ^^^^^
  File "/Users/fred/anaconda3/lib/python3.11/site-packages/pluggy/_callers.py", line 167, in _multicall
    teardown.throw(outcome._exception)
  File "/Users/fred/anaconda3/lib/python3.11/site-packages/_pytest/skipping.py", line 257, in pytest_runtest_call
    return (yield)
            ^^^^^
  File "/Users/fred/anaconda3/lib/python3.11/site-packages/pluggy/_callers.py", line 103, in _multicall
    res = hook_impl.function(*args)
          ^^^^^^^^^^^^^^^^^^^^^^^^^
  File "/Users/fred/anaconda3/lib/python3.11/site-packages/_pytest/runner.py", line 174, in pytest_runtest_call
    item.runtest()
  File "/Users/fred/anaconda3/lib/python3.11/site-packages/_pytest/python.py", line 1627, in runtest
    self.ihook.pytest_pyfunc_call(pyfuncitem=self)
  File "/Users/fred/anaconda3/lib/python3.11/site-packages/pluggy/_hooks.py", line 513, in __call__
    return self._hookexec(self.name, self._hookimpls.copy(), kwargs, firstresult)
           ^^^^^^^^^^^^^^^^^^^^^^^^^^^^^^^^^^^^^^^^^^^^^^^^^^^^^^^^^^^^^^^^^^^^^^
  File "/Users/fred/anaconda3/lib/python3.11/site-packages/pluggy/_manager.py", line 120, in _hookexec
    return self._inner_hookexec(hook_name, methods, kwargs, firstresult)
           ^^^^^^^^^^^^^^^^^^^^^^^^^^^^^^^^^^^^^^^^^^^^^^^^^^^^^^^^^^^^^
  File "/Users/fred/anaconda3/lib/python3.11/site-packages/pluggy/_callers.py", line 139, in _multicall
    raise exception.with_traceback(exception.__traceback__)
  File "/Users/fred/anaconda3/lib/python3.11/site-packages/pluggy/_callers.py", line 103, in _multicall
    res = hook_impl.function(*args)
          ^^^^^^^^^^^^^^^^^^^^^^^^^
  File "/Users/fred/anaconda3/lib/python3.11/site-packages/_pytest/python.py", line 159, in pytest_pyfunc_call
    result = testfunction(**testargs)
             ^^^^^^^^^^^^^^^^^^^^^^^^
  File "/Users/fred/Documents/_play/_python/_redistricting/_gerrychain/_rustworkx_work/GerryChain/tests/test_proposals.py", line 31, in test_proposal_returns_a_partition
    proposed = proposal(partition)
               ^^^^^^^^^^^^^^^^^^^
  File "/Users/fred/Documents/_play/_python/_redistricting/_gerrychain/_rustworkx_work/GerryChain/gerrychain/proposals/spectral_proposals.py", line 140, in spectral_recom
    flips = spectral_cut(subgraph, parts_to_merge, weight_type, lap_type)
            ^^^^^^^^^^^^^^^^^^^^^^^^^^^^^^^^^^^^^^^^^^^^^^^^^^^^^^^^^^^^^
  File "/Users/fred/Documents/_play/_python/_redistricting/_gerrychain/_rustworkx_work/GerryChain/gerrychain/proposals/spectral_proposals.py", line 61, in spectral_cut
    LAP = (graph.normalized_laplacian_matrix()).todense()
           ^^^^^^^^^^^^^^^^^^^^^^^^^^^^^^^^^^^
  File "/Users/fred/Documents/_play/_python/_redistricting/_gerrychain/_rustworkx_work/GerryChain/gerrychain/graph/graph.py", line 1260, in normalized_laplacian_matrix
    raise Exception("normalized_laplacian_matrix NYI for RustworkX based Graph objects")
Exception: normalized_laplacian_matrix NYI for RustworkX based Graph objects
________________________ test_region_aware_muni_warning ________________________
Traceback (most recent call last):
  File "/Users/fred/anaconda3/lib/python3.11/site-packages/_pytest/runner.py", line 341, in from_call
    result: TResult | None = func()
                             ^^^^^^
  File "/Users/fred/anaconda3/lib/python3.11/site-packages/_pytest/runner.py", line 242, in <lambda>
    lambda: runtest_hook(item=item, **kwds), when=when, reraise=reraise
            ^^^^^^^^^^^^^^^^^^^^^^^^^^^^^^^
  File "/Users/fred/anaconda3/lib/python3.11/site-packages/pluggy/_hooks.py", line 513, in __call__
    return self._hookexec(self.name, self._hookimpls.copy(), kwargs, firstresult)
           ^^^^^^^^^^^^^^^^^^^^^^^^^^^^^^^^^^^^^^^^^^^^^^^^^^^^^^^^^^^^^^^^^^^^^^
  File "/Users/fred/anaconda3/lib/python3.11/site-packages/pluggy/_manager.py", line 120, in _hookexec
    return self._inner_hookexec(hook_name, methods, kwargs, firstresult)
           ^^^^^^^^^^^^^^^^^^^^^^^^^^^^^^^^^^^^^^^^^^^^^^^^^^^^^^^^^^^^^
  File "/Users/fred/anaconda3/lib/python3.11/site-packages/pluggy/_callers.py", line 182, in _multicall
    return outcome.get_result()
           ^^^^^^^^^^^^^^^^^^^^
  File "/Users/fred/anaconda3/lib/python3.11/site-packages/pluggy/_result.py", line 100, in get_result
    raise exc.with_traceback(exc.__traceback__)
  File "/Users/fred/anaconda3/lib/python3.11/site-packages/pluggy/_callers.py", line 167, in _multicall
    teardown.throw(outcome._exception)
  File "/Users/fred/anaconda3/lib/python3.11/site-packages/_pytest/threadexception.py", line 92, in pytest_runtest_call
    yield from thread_exception_runtest_hook()
  File "/Users/fred/anaconda3/lib/python3.11/site-packages/_pytest/threadexception.py", line 68, in thread_exception_runtest_hook
    yield
  File "/Users/fred/anaconda3/lib/python3.11/site-packages/pluggy/_callers.py", line 167, in _multicall
    teardown.throw(outcome._exception)
[...]
    res = hook_impl.function(*args)
          ^^^^^^^^^^^^^^^^^^^^^^^^^
  File "/Users/fred/anaconda3/lib/python3.11/site-packages/_pytest/python.py", line 159, in pytest_pyfunc_call
    result = testfunction(**testargs)
             ^^^^^^^^^^^^^^^^^^^^^^^^
  File "/Users/fred/Documents/_play/_python/_redistricting/_gerrychain/_rustworkx_work/GerryChain/tests/updaters/test_updaters.py", line 303, in test_exterior_boundaries
    assert result[1] == 10 and result[2] == 6
AssertionError: assert (8 == 10)
__________________ test_elections_match_the_naive_computation __________________
Traceback (most recent call last):
  File "/Users/fred/anaconda3/lib/python3.11/site-packages/_pytest/runner.py", line 341, in from_call
    result: TResult | None = func()
                             ^^^^^^
  File "/Users/fred/anaconda3/lib/python3.11/site-packages/_pytest/runner.py", line 242, in <lambda>
    lambda: runtest_hook(item=item, **kwds), when=when, reraise=reraise
            ^^^^^^^^^^^^^^^^^^^^^^^^^^^^^^^
  File "/Users/fred/anaconda3/lib/python3.11/site-packages/pluggy/_hooks.py", line 513, in __call__
    return self._hookexec(self.name, self._hookimpls.copy(), kwargs, firstresult)
           ^^^^^^^^^^^^^^^^^^^^^^^^^^^^^^^^^^^^^^^^^^^^^^^^^^^^^^^^^^^^^^^^^^^^^^
  File "/Users/fred/anaconda3/lib/python3.11/site-packages/pluggy/_manager.py", line 120, in _hookexec
    return self._inner_hookexec(hook_name, methods, kwargs, firstresult)
           ^^^^^^^^^^^^^^^^^^^^^^^^^^^^^^^^^^^^^^^^^^^^^^^^^^^^^^^^^^^^^
  File "/Users/fred/anaconda3/lib/python3.11/site-packages/pluggy/_callers.py", line 182, in _multicall
    return outcome.get_result()
           ^^^^^^^^^^^^^^^^^^^^
  File "/Users/fred/anaconda3/lib/python3.11/site-packages/pluggy/_result.py", line 100, in get_result
    raise exc.with_traceback(exc.__traceback__)
  File "/Users/fred/anaconda3/lib/python3.11/site-packages/pluggy/_callers.py", line 167, in _multicall
    teardown.throw(outcome._exception)
  File "/Users/fred/anaconda3/lib/python3.11/site-packages/_pytest/threadexception.py", line 92, in pytest_runtest_call
    yield from thread_exception_runtest_hook()
  File "/Users/fred/anaconda3/lib/python3.11/site-packages/_pytest/threadexception.py", line 68, in thread_exception_runtest_hook
    yield
  File "/Users/fred/anaconda3/lib/python3.11/site-packages/pluggy/_callers.py", line 167, in _multicall
    teardown.throw(outcome._exception)
  File "/Users/fred/anaconda3/lib/python3.11/site-packages/_pytest/unraisableexception.py", line 95, in pytest_runtest_call
    yield from unraisable_exception_runtest_hook()
  File "/Users/fred/anaconda3/lib/python3.11/site-packages/_pytest/unraisableexception.py", line 70, in unraisable_exception_runtest_hook
    yield
  File "/Users/fred/anaconda3/lib/python3.11/site-packages/pluggy/_callers.py", line 167, in _multicall
    teardown.throw(outcome._exception)
  File "/Users/fred/anaconda3/lib/python3.11/site-packages/_pytest/logging.py", line 846, in pytest_runtest_call
    yield from self._runtest_for(item, "call")
  File "/Users/fred/anaconda3/lib/python3.11/site-packages/_pytest/logging.py", line 829, in _runtest_for
    yield
  File "/Users/fred/anaconda3/lib/python3.11/site-packages/pluggy/_callers.py", line 167, in _multicall
    teardown.throw(outcome._exception)
  File "/Users/fred/anaconda3/lib/python3.11/site-packages/_pytest/capture.py", line 898, in pytest_runtest_call
    return (yield)
            ^^^^^
  File "/Users/fred/anaconda3/lib/python3.11/site-packages/pluggy/_callers.py", line 167, in _multicall
    teardown.throw(outcome._exception)
  File "/Users/fred/anaconda3/lib/python3.11/site-packages/_pytest/skipping.py", line 257, in pytest_runtest_call
    return (yield)
            ^^^^^
  File "/Users/fred/anaconda3/lib/python3.11/site-packages/pluggy/_callers.py", line 103, in _multicall
    res = hook_impl.function(*args)
          ^^^^^^^^^^^^^^^^^^^^^^^^^
  File "/Users/fred/anaconda3/lib/python3.11/site-packages/_pytest/runner.py", line 174, in pytest_runtest_call
    item.runtest()
  File "/Users/fred/anaconda3/lib/python3.11/site-packages/_pytest/python.py", line 1627, in runtest
    self.ihook.pytest_pyfunc_call(pyfuncitem=self)
  File "/Users/fred/anaconda3/lib/python3.11/site-packages/pluggy/_hooks.py", line 513, in __call__
    return self._hookexec(self.name, self._hookimpls.copy(), kwargs, firstresult)
           ^^^^^^^^^^^^^^^^^^^^^^^^^^^^^^^^^^^^^^^^^^^^^^^^^^^^^^^^^^^^^^^^^^^^^^
  File "/Users/fred/anaconda3/lib/python3.11/site-packages/pluggy/_manager.py", line 120, in _hookexec
    return self._inner_hookexec(hook_name, methods, kwargs, firstresult)
           ^^^^^^^^^^^^^^^^^^^^^^^^^^^^^^^^^^^^^^^^^^^^^^^^^^^^^^^^^^^^^
  File "/Users/fred/anaconda3/lib/python3.11/site-packages/pluggy/_callers.py", line 139, in _multicall
    raise exception.with_traceback(exception.__traceback__)
  File "/Users/fred/anaconda3/lib/python3.11/site-packages/pluggy/_callers.py", line 103, in _multicall
    res = hook_impl.function(*args)
          ^^^^^^^^^^^^^^^^^^^^^^^^^
  File "/Users/fred/anaconda3/lib/python3.11/site-packages/_pytest/python.py", line 159, in pytest_pyfunc_call
    result = testfunction(**testargs)
             ^^^^^^^^^^^^^^^^^^^^^^^^
  File "/Users/fred/Documents/_play/_python/_redistricting/_gerrychain/_rustworkx_work/GerryChain/tests/updaters/test_updaters.py", line 388, in test_elections_match_the_naive_computation
    assert expected_party_totals == election_view.totals_for_party
AssertionError: assert {'D': {0: 720...916, 2: 3502}} == {'D': {0: 90,...970, 2: 4448}}
  
  Differing items:
  {'R': {0: 1916, 2: 3502}} != {'R': {0: 970, 2: 4448}}
  {'D': {0: 720, 2: 4015}} != {'D': {0: 90, 2: 4645}}
  Use -v to get more diff
=============================== warnings summary ===============================
../../../../../../../anaconda3/lib/python3.11/site-packages/_pytest/config/__init__.py:1441
  /Users/fred/anaconda3/lib/python3.11/site-packages/_pytest/config/__init__.py:1441: PytestConfigWarning: Unknown config option: env
  
    self._warn_or_fail_if_strict(f"Unknown config option: {key}\n")

tests/frm_tests/test_frm_make_graph.py: 16 warnings
tests/partition/test_plotting.py: 1 warning
tests/test_make_graph.py: 16 warnings
  /Users/fred/Documents/_play/_python/_redistricting/_gerrychain/_rustworkx_work/GerryChain/gerrychain/graph/graph.py:488: UserWarning: Geometry is in a geographic CRS. Results from 'area' are likely incorrect. Use 'GeoSeries.to_crs()' to re-project geometries to a projected CRS before this operation.
  
    areas = df.geometry.area.to_dict()

tests/frm_tests/test_frm_make_graph.py::test_reproject
tests/test_make_graph.py::test_reproject
  /Users/fred/Documents/_play/_python/_redistricting/_gerrychain/_rustworkx_work/GerryChain/gerrychain/graph/geo.py:29: UserWarning: Geometry is in a geographic CRS. Results from 'centroid' are likely incorrect. Use 'GeoSeries.to_crs()' to re-project geometries to a projected CRS before this operation.
  
    utm_counts = Counter(utm_of_point(point) for point in wgs_df["geometry"].centroid)

tests/frm_tests/test_frm_make_graph.py::test_graph_raises_if_crs_is_missing_when_reprojecting
tests/test_make_graph.py::test_graph_raises_if_crs_is_missing_when_reprojecting
  /Users/fred/anaconda3/lib/python3.11/site-packages/pandas/core/generic.py:6313: DeprecationWarning: Overriding the CRS of a GeoDataFrame that already has CRS. This unsafe behavior will be deprecated in future versions. Use GeoDataFrame.set_crs method instead
    return object.__setattr__(self, name, value)

tests/test_tree.py::test_recursive_tree_part_returns_within_epsilon_of_target_pop
  /Users/fred/anaconda3/lib/python3.11/site-packages/_pytest/python.py:163: PytestReturnNotNoneWarning: Expected None, but tests/test_tree.py::test_recursive_tree_part_returns_within_epsilon_of_target_pop returned True, which will be an error in a future version of pytest.  Did you mean to use `assert` instead of `return`?
    warnings.warn(

tests/test_tree.py::test_recursive_tree_part_returns_within_epsilon_of_target_pop_using_contraction
  /Users/fred/anaconda3/lib/python3.11/site-packages/_pytest/python.py:163: PytestReturnNotNoneWarning: Expected None, but tests/test_tree.py::test_recursive_tree_part_returns_within_epsilon_of_target_pop_using_contraction returned True, which will be an error in a future version of pytest.  Did you mean to use `assert` instead of `return`?
    warnings.warn(

tests/test_tree.py::test_recursive_seed_part_returns_within_epsilon_of_target_pop
  /Users/fred/anaconda3/lib/python3.11/site-packages/_pytest/python.py:163: PytestReturnNotNoneWarning: Expected None, but tests/test_tree.py::test_recursive_seed_part_returns_within_epsilon_of_target_pop returned True, which will be an error in a future version of pytest.  Did you mean to use `assert` instead of `return`?
    warnings.warn(

tests/test_tree.py::test_recursive_seed_part_returns_within_epsilon_of_target_pop_using_contraction
  /Users/fred/anaconda3/lib/python3.11/site-packages/_pytest/python.py:163: PytestReturnNotNoneWarning: Expected None, but tests/test_tree.py::test_recursive_seed_part_returns_within_epsilon_of_target_pop_using_contraction returned True, which will be an error in a future version of pytest.  Did you mean to use `assert` instead of `return`?
    warnings.warn(

tests/test_tree.py::test_recursive_seed_part_with_n_unspecified_within_epsilon
  /Users/fred/anaconda3/lib/python3.11/site-packages/_pytest/python.py:163: PytestReturnNotNoneWarning: Expected None, but tests/test_tree.py::test_recursive_seed_part_with_n_unspecified_within_epsilon returned True, which will be an error in a future version of pytest.  Did you mean to use `assert` instead of `return`?
    warnings.warn(

-- Docs: https://docs.pytest.org/en/stable/how-to/capture-warnings.html
================================ tests coverage ================================
_______________ coverage: platform darwin, python 3.11.5-final-0 _______________

Name                                           Stmts   Miss  Cover   Missing
----------------------------------------------------------------------------
gerrychain/__init__.py                            18      3    83%   19-25
gerrychain/accept.py                               9      4    56%   32-37
gerrychain/chain.py                               56     14    75%   85-94, 112, 133-150, 219-221
gerrychain/constraints/__init__.py                 5      0   100%
gerrychain/constraints/bounds.py                  81     20    75%   32, 35, 119-121, 125, 128, 162, 165, 193-196, 199-204, 208, 211
gerrychain/constraints/compactness.py             13      4    69%   19, 33, 47, 61
gerrychain/constraints/contiguity.py              90     30    67%   50-76, 122, 137, 146-151, 172, 244-245, 294
gerrychain/constraints/validity.py                53      9    83%   59-60, 145, 166-173
gerrychain/graph/__init__.py                       3      0   100%
gerrychain/graph/adjacency.py                     38      4    89%   19, 42-43, 112
gerrychain/graph/geo.py                           24      0   100%
gerrychain/graph/graph.py                        546    132    76%   142-145, 211, 216, 224, 229, 266-269, 274, 294, 447-450, 492, 495-501, 524, 538, 551, 571, 601, 614, 679, 684-690, 693-701, 719, 732, 765, 775, 779, 845, 854, 872-880, 956, 1139, 1149, 1162, 1172, 1184, 1187, 1210, 1213, 1249, 1255-1256, 1262-1264, 1280, 1334-1342, 1389-1399, 1451-1510, 1525, 1530, 1535, 1553-1564, 1602-1644, 1664, 1696, 1720, 1838, 1857
gerrychain/grid.py                                77     15    81%   142, 145-146, 149-152, 163-164, 190, 242-244, 305, 325-326
gerrychain/meta/__init__.py                        2      0   100%
gerrychain/meta/diversity.py                      28      0   100%
gerrychain/metagraph.py                           20      1    95%   109
gerrychain/metrics/__init__.py                     3      0   100%
gerrychain/metrics/compactness.py                  9      1    89%   35
gerrychain/metrics/partisan.py                    40      0   100%
gerrychain/optimization/__init__.py                3      0   100%
gerrychain/optimization/gingleator.py             55      0   100%
gerrychain/optimization/optimization.py          189     10    95%   91, 145, 177, 315, 317, 327, 329, 367, 369, 570
gerrychain/partition/__init__.py                   3      0   100%
gerrychain/partition/assignment.py                77      3    96%   46, 218, 229
gerrychain/partition/geographic.py                 4      0   100%
gerrychain/partition/partition.py                108      6    94%   82, 166, 185, 189-191, 205
gerrychain/partition/subgraphs.py                 20      3    85%   60-61, 68
gerrychain/proposals/__init__.py                   4      0   100%
gerrychain/proposals/proposals.py                 44      1    98%   90
gerrychain/proposals/spectral_proposals.py        27     10    63%   47-50, 64-88, 142
gerrychain/proposals/tree_proposals.py            81     26    68%   142-143, 148, 219-224, 263, 289-311, 348-351, 354, 363
gerrychain/tree.py                               445     54    88%   198, 265, 387-390, 794, 878, 924, 1093, 1112, 1193-1221, 1312, 1327-1331, 1423-1425, 1467, 1489, 1503, 1515, 1606-1607, 1610, 1619, 1640, 1656, 1668, 1794, 1824, 1826, 1973-1976, 1981, 2085
gerrychain/updaters/__init__.py                    8      0   100%
gerrychain/updaters/compactness.py                49      4    92%   220-230, 243
gerrychain/updaters/county_splits.py              52      1    98%   137
gerrychain/updaters/cut_edges.py                  25      0   100%
gerrychain/updaters/election.py                   90     10    89%   102, 112, 117, 262, 274, 289, 317-319, 355
gerrychain/updaters/flows.py                      71      0   100%
gerrychain/updaters/locality_split_scores.py     164    138    16%   142-207, 221-224, 237-263, 277-286, 299-329, 342-372, 389-427, 441-447
gerrychain/updaters/spanning_trees.py             11      2    82%   33-34
gerrychain/updaters/tally.py                      70      2    97%   67, 154
----------------------------------------------------------------------------
TOTAL                                           2715    507    81%
============================= slowest 20 durations =============================
33.93s call     tests/optimization/test_single_metric.py::test_single_metric_sa_finds_hard_max
16.92s call     tests/optimization/test_single_metric.py::test_single_metric_tilted_runs_finds_hard_max
16.70s call     tests/optimization/test_single_metric.py::test_single_metric_sb_finds_hard_max
7.55s call     tests/optimization/test_gingleator.py::test_gingleator_finds_best_partition
5.87s call     tests/test_region_aware.py::test_region_aware_muni_warning
1.68s call     tests/optimization/test_single_metric.py::test_single_metric_tilted_runs_attains_min_quickly_with_p_eq_0p1
0.36s call     tests/optimization/test_single_metric.py::test_single_metric_sa_linear_jumpcycle_attains_min_quickly
0.34s call     tests/optimization/test_single_metric.py::test_single_metric_sa_logit_jumpcycle_attains_min_quickly
0.34s call     tests/optimization/test_single_metric.py::test_single_metric_sa_jumpcycle_attains_min_quickly
0.33s call     tests/optimization/test_single_metric.py::test_single_metric_sa_logitcycle_attains_min_quickly
0.33s call     tests/optimization/test_single_metric.py::test_single_metric_sa_lincycle_attains_min_quickly
0.29s call     tests/optimization/test_single_metric.py::test_single_metric_tilted_sb_attains_min_quickly
0.28s call     tests/optimization/test_single_metric.py::test_single_metric_sb_attains_min_quickly
0.18s call     tests/optimization/test_single_metric.py::test_single_metric_variable_len_sb_attains_min_quickly
0.16s call     tests/test_tree.py::test_recom_works_as_a_proposal
0.13s setup    tests/frm_tests/test_frm_make_graph.py::test_from_file_adds_all_data_by_default
0.10s call     tests/test_tree.py::test_recursive_seed_part_with_n_unspecified_within_epsilon
0.07s call     tests/frm_tests/test_frm_make_graph.py::test_make_graph_from_dataframe_creates_graph
0.06s call     tests/test_tree.py::test_recursive_seed_part_returns_within_epsilon_of_target_pop_using_contraction
0.05s call     tests/test_tree.py::test_recursive_tree_part_returns_within_epsilon_of_target_pop
=========================== short test summary info ============================

FAILED tests/constraints/test_contiguity.py::test_contiguous_components - Att...

FAILED tests/constraints/test_validity.py::test_contiguous_with_contiguity_flips_is_true
FAILED tests/constraints/test_validity.py::test_discontiguous_with_contiguous_no_flips_is_false
FAILED tests/constraints/test_validity.py::test_discontiguous_with_single_flip_contiguous_no_flips_is_false
FAILED tests/constraints/test_validity.py::test_discontiguous_with_contiguous_flips_is_false

FAILED tests/optimization/test_single_metric.py::test_single_metric_sb_finds_hard_max

FAILED tests/partition/test_partition.py::test_Partition_has_subgraphs - asse...
FAILED tests/partition/test_partition.py::test_can_be_created_from_a_districtr_file

FAILED tests/partition/test_plotting.py::TestPartitionPlotting::test_uses_graph_geometries_by_default

FAILED tests/test_metagraph.py::test_all_cut_edge_flips - assert {(2, 2), (4,...
FAILED tests/test_metagraph.py::test_all_valid_flips - assert {(2, 2), (4, .....

FAILED tests/test_proposals.py::test_proposal_returns_a_partition[spectral_recom]

FAILED tests/test_region_aware.py::test_region_aware_muni_warning - RuntimeEr...

FAILED tests/test_tally.py::test_data_tally_mimics_old_tally_usage - TypeErro...
FAILED tests/test_tally.py::test_tally_matches_naive_tally_at_every_step - Ty...
FAILED tests/test_tally.py::test_works_when_no_flips_occur - TypeError: Graph...

FAILED tests/test_tree.py::test_bipartition_tree_returns_a_subset_of_nodes - ...
FAILED tests/test_tree.py::test_uniform_spanning_tree_returns_tree_with_pop_attribute
FAILED tests/test_tree.py::test_reversible_recom_works_as_a_proposal - TypeEr...
FAILED tests/test_tree.py::test_bipartition_tree_random_returns_a_subset_of_nodes
FAILED tests/test_tree.py::test_bipartition_tree_random_returns_within_epsilon_of_target_pop

FAILED tests/updaters/test_cut_edges.py::test_cut_edges_can_handle_multiple_flips
FAILED tests/updaters/test_cut_edges.py::test_cut_edges_by_part_gives_same_total_edges_as_naive_method
FAILED tests/updaters/test_cut_edges.py::test_implementation_of_cut_edges_matches_naive_method
FAILED tests/updaters/test_cut_edges.py::test_cut_edges_matches_naive_cut_edges_at_every_step[propose_random_flip-1000]
FAILED tests/updaters/test_cut_edges.py::test_cut_edges_matches_naive_cut_edges_at_every_step[proposal1-10]

FAILED tests/updaters/test_perimeters.py::test_perimeter_handles_flips_with_a_simple_grid
FAILED tests/updaters/test_perimeters.py::test_interior_perimeter_handles_flips_with_a_simple_grid
FAILED tests/updaters/test_perimeters.py::test_cut_edges_by_part_handles_flips_with_a_simple_grid
FAILED tests/updaters/test_perimeters.py::test_cut_edges_by_part_agrees_with_cut_edges_on_a_simple_grid
FAILED tests/updaters/test_perimeters.py::test_tally_handles_flips_for_a_simple_grid
FAILED tests/updaters/test_perimeters.py::test_perimeter_match_naive_perimeter_at_every_step

FAILED tests/updaters/test_spanning_trees.py::test_get_num_spanning_trees - A...

FAILED tests/updaters/test_split_scores.py::TestSplittingScores::test_not_split
FAILED tests/updaters/test_split_scores.py::TestSplittingScores::test_is_split

FAILED tests/updaters/test_splits.py::TestComputeCountySplits::test_no_splits
FAILED tests/updaters/test_splits.py::TestComputeCountySplits::test_new_split

FAILED tests/updaters/test_updaters.py::test_exterior_boundaries - assert (8 ...
FAILED tests/updaters/test_updaters.py::test_elections_match_the_naive_computation

= 39 failed, 194 passed, 6 skipped, 2 xfailed, 43 warnings in 87.45s (0:01:27) =
